#
# There is insufficient memory for the Java Runtime Environment to continue.
# Native memory allocation (malloc) failed to allocate 776176 bytes for Chunk::new
# Possible reasons:
#   The system is out of physical RAM or swap space
#   The process is running with CompressedOops enabled, and the Java Heap may be blocking the growth of the native heap
# Possible solutions:
#   Reduce memory load on the system
#   Increase physical memory or swap space
#   Check if swap backing store is full
#   Decrease Java heap size (-Xmx/-Xms)
#   Decrease number of Java threads
#   Decrease Java thread stack sizes (-Xss)
#   Set larger code cache with -XX:ReservedCodeCacheSize=
#   JVM is running with Zero Based Compressed Oops mode in which the Java heap is
#     placed in the first 32GB address space. The Java Heap base address is the
#     maximum limit for the native heap growth. Please use -XX:HeapBaseMinAddress
#     to set the Java Heap base and to place the Java Heap above 32GB virtual address.
# This output file may be truncated or incomplete.
#
#  Out of Memory Error (arena.cpp:189), pid=77872, tid=76960
#
# JRE version: OpenJDK Runtime Environment Temurin-17.0.2+8 (17.0.2+8) (build 17.0.2+8)
# Java VM: OpenJDK 64-Bit Server VM Temurin-17.0.2+8 (17.0.2+8, mixed mode, tiered, compressed oops, compressed class ptrs, g1 gc, windows-amd64)
# No core dump will be written. Minidumps are not enabled by default on client versions of Windows
#

---------------  S U M M A R Y ------------

Command Line: -Dfile.encoding=Cp1253 -XX:+ShowCodeDetailsInExceptionMessages Frame1

Host: Intel(R) Core(TM) i7-8700K CPU @ 3.70GHz, 12 cores, 15G,  Windows 11 , 64 bit Build 22000 (10.0.22000.434)
Time: Wed Apr 13 22:23:14 2022  Windows 11 , 64 bit Build 22000 (10.0.22000.434) elapsed time: 2.060436 seconds (0d 0h 0m 2s)

---------------  T H R E A D  ---------------

Current thread (0x0000022412b60e80):  JavaThread "C2 CompilerThread1" daemon [_thread_in_native, id=76960, stack(0x000000e089500000,0x000000e089600000)]


Current CompileTask:
C2:   2060 1928 %     4       org.apache.lucene.util.compress.LZ4::compressWithDictionary @ 108 (391 bytes)

Stack: [0x000000e089500000,0x000000e089600000]
Native frames: (J=compiled Java code, j=interpreted, Vv=VM code, C=native code)
V  [jvm.dll+0x67564a]
V  [jvm.dll+0x82fc04]
V  [jvm.dll+0x8313ae]
V  [jvm.dll+0x831a13]
V  [jvm.dll+0x245235]
V  [jvm.dll+0xabd7b]
V  [jvm.dll+0xac30c]
V  [jvm.dll+0x2ac33f]
V  [jvm.dll+0x57c559]
V  [jvm.dll+0x2202ed]
V  [jvm.dll+0x2206cf]
V  [jvm.dll+0x219f25]
V  [jvm.dll+0x2173eb]
V  [jvm.dll+0x1a3a8d]
V  [jvm.dll+0x226ef8]
V  [jvm.dll+0x22503c]
V  [jvm.dll+0x7e596b]
V  [jvm.dll+0x7dff2a]
V  [jvm.dll+0x6744d5]
C  [ucrtbase.dll+0x26c0c]
C  [KERNEL32.DLL+0x154e0]
C  [ntdll.dll+0x485b]


---------------  P R O C E S S  ---------------

Threads class SMR info:
_java_thread_list=0x000002241222bbf0, length=14, elements={
0x000002246f012460, 0x000002247fc3c250, 0x000002247fc3efd0, 0x000002247fc6e7f0,
0x000002247fc6f0b0, 0x000002247fc6f970, 0x000002247fc70720, 0x000002247fc74900,
0x000002247fc753a0, 0x000002247fc76570, 0x000002247fdf7460, 0x000002247fdf9d50,
0x0000022412b60e80, 0x0000022412b61390
}

Java Threads: ( => current thread )
  0x000002246f012460 JavaThread "main" [_thread_in_Java, id=77332, stack(0x000000e088200000,0x000000e088300000)]
  0x000002247fc3c250 JavaThread "Reference Handler" daemon [_thread_blocked, id=78596, stack(0x000000e088900000,0x000000e088a00000)]
  0x000002247fc3efd0 JavaThread "Finalizer" daemon [_thread_blocked, id=78500, stack(0x000000e088a00000,0x000000e088b00000)]
  0x000002247fc6e7f0 JavaThread "Signal Dispatcher" daemon [_thread_blocked, id=66980, stack(0x000000e088b00000,0x000000e088c00000)]
  0x000002247fc6f0b0 JavaThread "Attach Listener" daemon [_thread_blocked, id=78268, stack(0x000000e088c00000,0x000000e088d00000)]
  0x000002247fc6f970 JavaThread "Service Thread" daemon [_thread_blocked, id=77516, stack(0x000000e088d00000,0x000000e088e00000)]
  0x000002247fc70720 JavaThread "Monitor Deflation Thread" daemon [_thread_blocked, id=61144, stack(0x000000e088e00000,0x000000e088f00000)]
  0x000002247fc74900 JavaThread "C2 CompilerThread0" daemon [_thread_in_native, id=77752, stack(0x000000e088f00000,0x000000e089000000)]
  0x000002247fc753a0 JavaThread "C1 CompilerThread0" daemon [_thread_blocked, id=61756, stack(0x000000e089000000,0x000000e089100000)]
  0x000002247fc76570 JavaThread "Sweeper thread" daemon [_thread_blocked, id=38864, stack(0x000000e089100000,0x000000e089200000)]
  0x000002247fdf7460 JavaThread "Notification Thread" daemon [_thread_blocked, id=64732, stack(0x000000e089200000,0x000000e089300000)]
  0x000002247fdf9d50 JavaThread "Common-Cleaner" daemon [_thread_blocked, id=78668, stack(0x000000e089400000,0x000000e089500000)]
=>0x0000022412b60e80 JavaThread "C2 CompilerThread1" daemon [_thread_in_native, id=76960, stack(0x000000e089500000,0x000000e089600000)]
  0x0000022412b61390 JavaThread "C2 CompilerThread2" daemon [_thread_in_native, id=70652, stack(0x000000e089600000,0x000000e089700000)]

Other Threads:
  0x000002247f036580 VMThread "VM Thread" [stack: 0x000000e088800000,0x000000e088900000] [id=78608]
  0x000002246f080070 WatcherThread [stack: 0x000000e089300000,0x000000e089400000] [id=77964]
  0x000002246f0619d0 GCTaskThread "GC Thread#0" [stack: 0x000000e088300000,0x000000e088400000] [id=78096]
  0x00000224112a9440 GCTaskThread "GC Thread#1" [stack: 0x000000e089700000,0x000000e089800000] [id=77580]
  0x00000224112a96f0 GCTaskThread "GC Thread#2" [stack: 0x000000e089800000,0x000000e089900000] [id=77212]
  0x00000224112326d0 GCTaskThread "GC Thread#3" [stack: 0x000000e089900000,0x000000e089a00000] [id=64136]
  0x0000022411232980 GCTaskThread "GC Thread#4" [stack: 0x000000e089a00000,0x000000e089b00000] [id=70876]
  0x0000022411232c30 GCTaskThread "GC Thread#5" [stack: 0x000000e089b00000,0x000000e089c00000] [id=9840]
  0x000002246f072860 ConcurrentGCThread "G1 Main Marker" [stack: 0x000000e088400000,0x000000e088500000] [id=78536]
  0x000002246f074a20 ConcurrentGCThread "G1 Conc#0" [stack: 0x000000e088500000,0x000000e088600000] [id=67564]
  0x000002246f0ed130 ConcurrentGCThread "G1 Refine#0" [stack: 0x000000e088600000,0x000000e088700000] [id=78748]
  0x000002246f0edb50 ConcurrentGCThread "G1 Service" [stack: 0x000000e088700000,0x000000e088800000] [id=65124]

Threads with active compile tasks:
C2 CompilerThread0     2077 1747       4       org.apache.lucene.util.MSBRadixSorter::sort (35 bytes)
C2 CompilerThread1     2077 1928 %     4       org.apache.lucene.util.compress.LZ4::compressWithDictionary @ 108 (391 bytes)
C2 CompilerThread2     2077 1887       4       org.apache.lucene.util.compress.LZ4::encodeSequence (127 bytes)

VM state: not at safepoint (normal execution)

VM Mutex/Monitor currently owned by a thread: None

Heap address: 0x0000000700a00000, size: 4086 MB, Compressed Oops mode: Zero based, Oop shift amount: 3

CDS archive(s) not mapped
Compressed class space mapped at: 0x0000000800000000-0x0000000840000000, reserved size: 1073741824
Narrow klass base: 0x0000000800000000, Narrow klass shift: 0, Narrow klass range: 0x40000000

GC Precious Log:
 CPUs: 12 total, 12 available
 Memory: 16341M
 Large Page Support: Disabled
 NUMA Support: Disabled
 Compressed Oops: Enabled (Zero based)
 Heap Region Size: 2M
 Heap Min Capacity: 8M
 Heap Initial Capacity: 256M
 Heap Max Capacity: 4086M
 Pre-touch: Disabled
 Parallel Workers: 10
 Concurrent Workers: 3
 Concurrent Refinement Workers: 10
 Periodic GC: Disabled

Heap:
 garbage-first heap   total 524288K, used 268639K [0x0000000700a00000, 0x0000000800000000)
  region size 2048K, 110 young (225280K), 6 survivors (12288K)
 Metaspace       used 13687K, committed 13760K, reserved 1064960K
  class space    used 1251K, committed 1280K, reserved 1048576K

Heap Regions: E=young(eden), S=young(survivor), O=old, HS=humongous(starts), HC=humongous(continues), CS=collection set, F=free, OA=open archive, CA=closed archive, TAMS=top-at-mark-start (previous, next)
|   0|0x0000000700a00000, 0x0000000700c00000, 0x0000000700c00000|100%| O|  |TAMS 0x0000000700a00000, 0x0000000700a00000| Untracked 
|   1|0x0000000700c00000, 0x0000000700e00000, 0x0000000700e00000|100%| O|  |TAMS 0x0000000700c00000, 0x0000000700c00000| Untracked 
|   2|0x0000000700e00000, 0x0000000701000000, 0x0000000701000000|100%| O|  |TAMS 0x0000000700e00000, 0x0000000700e00000| Untracked 
|   3|0x0000000701000000, 0x0000000701200000, 0x0000000701200000|100%| O|  |TAMS 0x0000000701000000, 0x0000000701000000| Untracked 
|   4|0x0000000701200000, 0x0000000701400000, 0x0000000701400000|100%| O|  |TAMS 0x0000000701200000, 0x0000000701200000| Untracked 
|   5|0x0000000701400000, 0x0000000701600000, 0x0000000701600000|100%| O|  |TAMS 0x0000000701400000, 0x0000000701400000| Untracked 
|   6|0x0000000701600000, 0x0000000701800000, 0x0000000701800000|100%| O|  |TAMS 0x0000000701600000, 0x0000000701600000| Untracked 
|   7|0x0000000701800000, 0x0000000701a00000, 0x0000000701a00000|100%| O|  |TAMS 0x0000000701800000, 0x0000000701800000| Untracked 
|   8|0x0000000701a00000, 0x0000000701c00000, 0x0000000701c00000|100%| O|  |TAMS 0x0000000701a00000, 0x0000000701a00000| Untracked 
|   9|0x0000000701c00000, 0x0000000701e00000, 0x0000000701e00000|100%| O|  |TAMS 0x0000000701c00000, 0x0000000701c00000| Untracked 
|  10|0x0000000701e00000, 0x0000000702000000, 0x0000000702000000|100%| O|  |TAMS 0x0000000701e00000, 0x0000000701e00000| Untracked 
|  11|0x0000000702000000, 0x0000000702200000, 0x0000000702200000|100%| O|  |TAMS 0x0000000702000000, 0x0000000702000000| Untracked 
|  12|0x0000000702200000, 0x0000000702400000, 0x0000000702400000|100%| O|  |TAMS 0x0000000702200000, 0x0000000702200000| Untracked 
|  13|0x0000000702400000, 0x0000000702600000, 0x0000000702600000|100%| O|  |TAMS 0x0000000702400000, 0x0000000702400000| Untracked 
|  14|0x0000000702600000, 0x0000000702800000, 0x0000000702800000|100%| O|  |TAMS 0x0000000702600000, 0x0000000702600000| Untracked 
|  15|0x0000000702800000, 0x0000000702a00000, 0x0000000702a00000|100%| O|  |TAMS 0x0000000702800000, 0x0000000702800000| Untracked 
|  16|0x0000000702a00000, 0x0000000702c00000, 0x0000000702c00000|100%| O|  |TAMS 0x0000000702a00000, 0x0000000702a00000| Untracked 
|  17|0x0000000702c00000, 0x0000000702e00000, 0x0000000702e00000|100%| O|  |TAMS 0x0000000702c00000, 0x0000000702c00000| Untracked 
|  18|0x0000000702e00000, 0x0000000703000000, 0x0000000703000000|100%| O|  |TAMS 0x0000000702e00000, 0x0000000702e00000| Untracked 
|  19|0x0000000703000000, 0x0000000703200000, 0x0000000703200000|100%| O|  |TAMS 0x0000000703000000, 0x0000000703000000| Untracked 
|  20|0x0000000703200000, 0x000000070337a000, 0x0000000703400000| 73%| O|  |TAMS 0x0000000703200000, 0x0000000703200000| Untracked 
|  21|0x0000000703400000, 0x0000000703600000, 0x0000000703600000|100%|HS|  |TAMS 0x0000000703400000, 0x0000000703400000| Complete 
|  22|0x0000000703600000, 0x0000000703800000, 0x0000000703800000|100%|HC|  |TAMS 0x0000000703600000, 0x0000000703600000| Complete 
|  23|0x0000000703800000, 0x0000000703a00000, 0x0000000703a00000|100%|HS|  |TAMS 0x0000000703800000, 0x0000000703800000| Complete 
|  24|0x0000000703a00000, 0x0000000703a00000, 0x0000000703c00000|  0%| F|  |TAMS 0x0000000703a00000, 0x0000000703a00000| Untracked 
|  25|0x0000000703c00000, 0x0000000703c00000, 0x0000000703e00000|  0%| F|  |TAMS 0x0000000703c00000, 0x0000000703c00000| Untracked 
|  26|0x0000000703e00000, 0x0000000703e00000, 0x0000000704000000|  0%| F|  |TAMS 0x0000000703e00000, 0x0000000703e00000| Untracked 
|  27|0x0000000704000000, 0x0000000704000000, 0x0000000704200000|  0%| F|  |TAMS 0x0000000704000000, 0x0000000704000000| Untracked 
|  28|0x0000000704200000, 0x0000000704200000, 0x0000000704400000|  0%| F|  |TAMS 0x0000000704200000, 0x0000000704200000| Untracked 
|  29|0x0000000704400000, 0x0000000704400000, 0x0000000704600000|  0%| F|  |TAMS 0x0000000704400000, 0x0000000704400000| Untracked 
|  30|0x0000000704600000, 0x0000000704600000, 0x0000000704800000|  0%| F|  |TAMS 0x0000000704600000, 0x0000000704600000| Untracked 
|  31|0x0000000704800000, 0x0000000704800000, 0x0000000704a00000|  0%| F|  |TAMS 0x0000000704800000, 0x0000000704800000| Untracked 
|  32|0x0000000704a00000, 0x0000000704a00000, 0x0000000704c00000|  0%| F|  |TAMS 0x0000000704a00000, 0x0000000704a00000| Untracked 
|  33|0x0000000704c00000, 0x0000000704c00000, 0x0000000704e00000|  0%| F|  |TAMS 0x0000000704c00000, 0x0000000704c00000| Untracked 
|  34|0x0000000704e00000, 0x0000000704e00000, 0x0000000705000000|  0%| F|  |TAMS 0x0000000704e00000, 0x0000000704e00000| Untracked 
|  35|0x0000000705000000, 0x0000000705000000, 0x0000000705200000|  0%| F|  |TAMS 0x0000000705000000, 0x0000000705000000| Untracked 
|  36|0x0000000705200000, 0x0000000705200000, 0x0000000705400000|  0%| F|  |TAMS 0x0000000705200000, 0x0000000705200000| Untracked 
|  37|0x0000000705400000, 0x0000000705400000, 0x0000000705600000|  0%| F|  |TAMS 0x0000000705400000, 0x0000000705400000| Untracked 
|  38|0x0000000705600000, 0x0000000705600000, 0x0000000705800000|  0%| F|  |TAMS 0x0000000705600000, 0x0000000705600000| Untracked 
|  39|0x0000000705800000, 0x0000000705800000, 0x0000000705a00000|  0%| F|  |TAMS 0x0000000705800000, 0x0000000705800000| Untracked 
|  40|0x0000000705a00000, 0x0000000705a00000, 0x0000000705c00000|  0%| F|  |TAMS 0x0000000705a00000, 0x0000000705a00000| Untracked 
|  41|0x0000000705c00000, 0x0000000705c00000, 0x0000000705e00000|  0%| F|  |TAMS 0x0000000705c00000, 0x0000000705c00000| Untracked 
|  42|0x0000000705e00000, 0x0000000705e00000, 0x0000000706000000|  0%| F|  |TAMS 0x0000000705e00000, 0x0000000705e00000| Untracked 
|  43|0x0000000706000000, 0x0000000706000000, 0x0000000706200000|  0%| F|  |TAMS 0x0000000706000000, 0x0000000706000000| Untracked 
|  44|0x0000000706200000, 0x0000000706200000, 0x0000000706400000|  0%| F|  |TAMS 0x0000000706200000, 0x0000000706200000| Untracked 
|  45|0x0000000706400000, 0x0000000706400000, 0x0000000706600000|  0%| F|  |TAMS 0x0000000706400000, 0x0000000706400000| Untracked 
|  46|0x0000000706600000, 0x0000000706600000, 0x0000000706800000|  0%| F|  |TAMS 0x0000000706600000, 0x0000000706600000| Untracked 
|  47|0x0000000706800000, 0x0000000706800000, 0x0000000706a00000|  0%| F|  |TAMS 0x0000000706800000, 0x0000000706800000| Untracked 
|  48|0x0000000706a00000, 0x0000000706a00000, 0x0000000706c00000|  0%| F|  |TAMS 0x0000000706a00000, 0x0000000706a00000| Untracked 
|  49|0x0000000706c00000, 0x0000000706c00000, 0x0000000706e00000|  0%| F|  |TAMS 0x0000000706c00000, 0x0000000706c00000| Untracked 
|  50|0x0000000706e00000, 0x0000000706e00000, 0x0000000707000000|  0%| F|  |TAMS 0x0000000706e00000, 0x0000000706e00000| Untracked 
|  51|0x0000000707000000, 0x0000000707000000, 0x0000000707200000|  0%| F|  |TAMS 0x0000000707000000, 0x0000000707000000| Untracked 
|  52|0x0000000707200000, 0x0000000707200000, 0x0000000707400000|  0%| F|  |TAMS 0x0000000707200000, 0x0000000707200000| Untracked 
|  53|0x0000000707400000, 0x0000000707400000, 0x0000000707600000|  0%| F|  |TAMS 0x0000000707400000, 0x0000000707400000| Untracked 
|  54|0x0000000707600000, 0x0000000707600000, 0x0000000707800000|  0%| F|  |TAMS 0x0000000707600000, 0x0000000707600000| Untracked 
|  55|0x0000000707800000, 0x0000000707800000, 0x0000000707a00000|  0%| F|  |TAMS 0x0000000707800000, 0x0000000707800000| Untracked 
|  56|0x0000000707a00000, 0x0000000707addc40, 0x0000000707c00000| 43%| S|CS|TAMS 0x0000000707a00000, 0x0000000707a00000| Complete 
|  57|0x0000000707c00000, 0x0000000707e00000, 0x0000000707e00000|100%| S|CS|TAMS 0x0000000707c00000, 0x0000000707c00000| Complete 
|  58|0x0000000707e00000, 0x0000000708000000, 0x0000000708000000|100%| S|CS|TAMS 0x0000000707e00000, 0x0000000707e00000| Complete 
|  59|0x0000000708000000, 0x0000000708200000, 0x0000000708200000|100%| S|CS|TAMS 0x0000000708000000, 0x0000000708000000| Complete 
|  60|0x0000000708200000, 0x0000000708400000, 0x0000000708400000|100%| S|CS|TAMS 0x0000000708200000, 0x0000000708200000| Complete 
|  61|0x0000000708400000, 0x0000000708600000, 0x0000000708600000|100%| S|CS|TAMS 0x0000000708400000, 0x0000000708400000| Complete 
|  62|0x0000000708600000, 0x0000000708600000, 0x0000000708800000|  0%| F|  |TAMS 0x0000000708600000, 0x0000000708600000| Untracked 
|  63|0x0000000708800000, 0x0000000708800000, 0x0000000708a00000|  0%| F|  |TAMS 0x0000000708800000, 0x0000000708800000| Untracked 
|  64|0x0000000708a00000, 0x0000000708a00000, 0x0000000708c00000|  0%| F|  |TAMS 0x0000000708a00000, 0x0000000708a00000| Untracked 
|  65|0x0000000708c00000, 0x0000000708c00000, 0x0000000708e00000|  0%| F|  |TAMS 0x0000000708c00000, 0x0000000708c00000| Untracked 
|  66|0x0000000708e00000, 0x0000000708e00000, 0x0000000709000000|  0%| F|  |TAMS 0x0000000708e00000, 0x0000000708e00000| Untracked 
|  67|0x0000000709000000, 0x0000000709000000, 0x0000000709200000|  0%| F|  |TAMS 0x0000000709000000, 0x0000000709000000| Untracked 
|  68|0x0000000709200000, 0x0000000709200000, 0x0000000709400000|  0%| F|  |TAMS 0x0000000709200000, 0x0000000709200000| Untracked 
|  69|0x0000000709400000, 0x0000000709400000, 0x0000000709600000|  0%| F|  |TAMS 0x0000000709400000, 0x0000000709400000| Untracked 
|  70|0x0000000709600000, 0x0000000709600000, 0x0000000709800000|  0%| F|  |TAMS 0x0000000709600000, 0x0000000709600000| Untracked 
|  71|0x0000000709800000, 0x0000000709800000, 0x0000000709a00000|  0%| F|  |TAMS 0x0000000709800000, 0x0000000709800000| Untracked 
|  72|0x0000000709a00000, 0x0000000709a00000, 0x0000000709c00000|  0%| F|  |TAMS 0x0000000709a00000, 0x0000000709a00000| Untracked 
|  73|0x0000000709c00000, 0x0000000709c00000, 0x0000000709e00000|  0%| F|  |TAMS 0x0000000709c00000, 0x0000000709c00000| Untracked 
|  74|0x0000000709e00000, 0x0000000709e00000, 0x000000070a000000|  0%| F|  |TAMS 0x0000000709e00000, 0x0000000709e00000| Untracked 
|  75|0x000000070a000000, 0x000000070a000000, 0x000000070a200000|  0%| F|  |TAMS 0x000000070a000000, 0x000000070a000000| Untracked 
|  76|0x000000070a200000, 0x000000070a200000, 0x000000070a400000|  0%| F|  |TAMS 0x000000070a200000, 0x000000070a200000| Untracked 
|  77|0x000000070a400000, 0x000000070a400000, 0x000000070a600000|  0%| F|  |TAMS 0x000000070a400000, 0x000000070a400000| Untracked 
|  78|0x000000070a600000, 0x000000070a600000, 0x000000070a800000|  0%| F|  |TAMS 0x000000070a600000, 0x000000070a600000| Untracked 
|  79|0x000000070a800000, 0x000000070a800000, 0x000000070aa00000|  0%| F|  |TAMS 0x000000070a800000, 0x000000070a800000| Untracked 
|  80|0x000000070aa00000, 0x000000070aa00000, 0x000000070ac00000|  0%| F|  |TAMS 0x000000070aa00000, 0x000000070aa00000| Untracked 
|  81|0x000000070ac00000, 0x000000070ac00000, 0x000000070ae00000|  0%| F|  |TAMS 0x000000070ac00000, 0x000000070ac00000| Untracked 
|  82|0x000000070ae00000, 0x000000070ae00000, 0x000000070b000000|  0%| F|  |TAMS 0x000000070ae00000, 0x000000070ae00000| Untracked 
|  83|0x000000070b000000, 0x000000070b000000, 0x000000070b200000|  0%| F|  |TAMS 0x000000070b000000, 0x000000070b000000| Untracked 
|  84|0x000000070b200000, 0x000000070b200000, 0x000000070b400000|  0%| F|  |TAMS 0x000000070b200000, 0x000000070b200000| Untracked 
|  85|0x000000070b400000, 0x000000070b400000, 0x000000070b600000|  0%| F|  |TAMS 0x000000070b400000, 0x000000070b400000| Untracked 
|  86|0x000000070b600000, 0x000000070b600000, 0x000000070b800000|  0%| F|  |TAMS 0x000000070b600000, 0x000000070b600000| Untracked 
|  87|0x000000070b800000, 0x000000070b800000, 0x000000070ba00000|  0%| F|  |TAMS 0x000000070b800000, 0x000000070b800000| Untracked 
|  88|0x000000070ba00000, 0x000000070ba00000, 0x000000070bc00000|  0%| F|  |TAMS 0x000000070ba00000, 0x000000070ba00000| Untracked 
|  89|0x000000070bc00000, 0x000000070bc00000, 0x000000070be00000|  0%| F|  |TAMS 0x000000070bc00000, 0x000000070bc00000| Untracked 
|  90|0x000000070be00000, 0x000000070be00000, 0x000000070c000000|  0%| F|  |TAMS 0x000000070be00000, 0x000000070be00000| Untracked 
|  91|0x000000070c000000, 0x000000070c000000, 0x000000070c200000|  0%| F|  |TAMS 0x000000070c000000, 0x000000070c000000| Untracked 
|  92|0x000000070c200000, 0x000000070c200000, 0x000000070c400000|  0%| F|  |TAMS 0x000000070c200000, 0x000000070c200000| Untracked 
|  93|0x000000070c400000, 0x000000070c400000, 0x000000070c600000|  0%| F|  |TAMS 0x000000070c400000, 0x000000070c400000| Untracked 
|  94|0x000000070c600000, 0x000000070c600000, 0x000000070c800000|  0%| F|  |TAMS 0x000000070c600000, 0x000000070c600000| Untracked 
|  95|0x000000070c800000, 0x000000070c800000, 0x000000070ca00000|  0%| F|  |TAMS 0x000000070c800000, 0x000000070c800000| Untracked 
|  96|0x000000070ca00000, 0x000000070ca00000, 0x000000070cc00000|  0%| F|  |TAMS 0x000000070ca00000, 0x000000070ca00000| Untracked 
|  97|0x000000070cc00000, 0x000000070cc00000, 0x000000070ce00000|  0%| F|  |TAMS 0x000000070cc00000, 0x000000070cc00000| Untracked 
|  98|0x000000070ce00000, 0x000000070ce00000, 0x000000070d000000|  0%| F|  |TAMS 0x000000070ce00000, 0x000000070ce00000| Untracked 
|  99|0x000000070d000000, 0x000000070d000000, 0x000000070d200000|  0%| F|  |TAMS 0x000000070d000000, 0x000000070d000000| Untracked 
| 100|0x000000070d200000, 0x000000070d200000, 0x000000070d400000|  0%| F|  |TAMS 0x000000070d200000, 0x000000070d200000| Untracked 
| 101|0x000000070d400000, 0x000000070d400000, 0x000000070d600000|  0%| F|  |TAMS 0x000000070d400000, 0x000000070d400000| Untracked 
| 102|0x000000070d600000, 0x000000070d600000, 0x000000070d800000|  0%| F|  |TAMS 0x000000070d600000, 0x000000070d600000| Untracked 
| 103|0x000000070d800000, 0x000000070d800000, 0x000000070da00000|  0%| F|  |TAMS 0x000000070d800000, 0x000000070d800000| Untracked 
| 104|0x000000070da00000, 0x000000070da00000, 0x000000070dc00000|  0%| F|  |TAMS 0x000000070da00000, 0x000000070da00000| Untracked 
| 105|0x000000070dc00000, 0x000000070dc00000, 0x000000070de00000|  0%| F|  |TAMS 0x000000070dc00000, 0x000000070dc00000| Untracked 
| 106|0x000000070de00000, 0x000000070de00000, 0x000000070e000000|  0%| F|  |TAMS 0x000000070de00000, 0x000000070de00000| Untracked 
| 107|0x000000070e000000, 0x000000070e000000, 0x000000070e200000|  0%| F|  |TAMS 0x000000070e000000, 0x000000070e000000| Untracked 
| 108|0x000000070e200000, 0x000000070e200000, 0x000000070e400000|  0%| F|  |TAMS 0x000000070e200000, 0x000000070e200000| Untracked 
| 109|0x000000070e400000, 0x000000070e400000, 0x000000070e600000|  0%| F|  |TAMS 0x000000070e400000, 0x000000070e400000| Untracked 
| 110|0x000000070e600000, 0x000000070e600000, 0x000000070e800000|  0%| F|  |TAMS 0x000000070e600000, 0x000000070e600000| Untracked 
| 111|0x000000070e800000, 0x000000070e800000, 0x000000070ea00000|  0%| F|  |TAMS 0x000000070e800000, 0x000000070e800000| Untracked 
| 112|0x000000070ea00000, 0x000000070ea00000, 0x000000070ec00000|  0%| F|  |TAMS 0x000000070ea00000, 0x000000070ea00000| Untracked 
| 113|0x000000070ec00000, 0x000000070ec00000, 0x000000070ee00000|  0%| F|  |TAMS 0x000000070ec00000, 0x000000070ec00000| Untracked 
| 114|0x000000070ee00000, 0x000000070ee00000, 0x000000070f000000|  0%| F|  |TAMS 0x000000070ee00000, 0x000000070ee00000| Untracked 
| 115|0x000000070f000000, 0x000000070f000000, 0x000000070f200000|  0%| F|  |TAMS 0x000000070f000000, 0x000000070f000000| Untracked 
| 116|0x000000070f200000, 0x000000070f200000, 0x000000070f400000|  0%| F|  |TAMS 0x000000070f200000, 0x000000070f200000| Untracked 
| 117|0x000000070f400000, 0x000000070f400000, 0x000000070f600000|  0%| F|  |TAMS 0x000000070f400000, 0x000000070f400000| Untracked 
| 118|0x000000070f600000, 0x000000070f600000, 0x000000070f800000|  0%| F|  |TAMS 0x000000070f600000, 0x000000070f600000| Untracked 
| 119|0x000000070f800000, 0x000000070f800000, 0x000000070fa00000|  0%| F|  |TAMS 0x000000070f800000, 0x000000070f800000| Untracked 
| 120|0x000000070fa00000, 0x000000070fa00000, 0x000000070fc00000|  0%| F|  |TAMS 0x000000070fa00000, 0x000000070fa00000| Untracked 
| 121|0x000000070fc00000, 0x000000070fc00000, 0x000000070fe00000|  0%| F|  |TAMS 0x000000070fc00000, 0x000000070fc00000| Untracked 
| 122|0x000000070fe00000, 0x000000070fe00000, 0x0000000710000000|  0%| F|  |TAMS 0x000000070fe00000, 0x000000070fe00000| Untracked 
| 123|0x0000000710000000, 0x0000000710000000, 0x0000000710200000|  0%| F|  |TAMS 0x0000000710000000, 0x0000000710000000| Untracked 
| 124|0x0000000710200000, 0x0000000710200000, 0x0000000710400000|  0%| F|  |TAMS 0x0000000710200000, 0x0000000710200000| Untracked 
| 125|0x0000000710400000, 0x0000000710400000, 0x0000000710600000|  0%| F|  |TAMS 0x0000000710400000, 0x0000000710400000| Untracked 
| 126|0x0000000710600000, 0x0000000710600000, 0x0000000710800000|  0%| F|  |TAMS 0x0000000710600000, 0x0000000710600000| Untracked 
| 127|0x0000000710800000, 0x0000000710800000, 0x0000000710a00000|  0%| F|  |TAMS 0x0000000710800000, 0x0000000710800000| Untracked 
| 128|0x0000000710a00000, 0x0000000710a00000, 0x0000000710c00000|  0%| F|  |TAMS 0x0000000710a00000, 0x0000000710a00000| Untracked 
| 129|0x0000000710c00000, 0x0000000710c00000, 0x0000000710e00000|  0%| F|  |TAMS 0x0000000710c00000, 0x0000000710c00000| Untracked 
| 130|0x0000000710e00000, 0x0000000710e00000, 0x0000000711000000|  0%| F|  |TAMS 0x0000000710e00000, 0x0000000710e00000| Untracked 
| 131|0x0000000711000000, 0x0000000711000000, 0x0000000711200000|  0%| F|  |TAMS 0x0000000711000000, 0x0000000711000000| Untracked 
| 132|0x0000000711200000, 0x0000000711200000, 0x0000000711400000|  0%| F|  |TAMS 0x0000000711200000, 0x0000000711200000| Untracked 
| 133|0x0000000711400000, 0x0000000711400000, 0x0000000711600000|  0%| F|  |TAMS 0x0000000711400000, 0x0000000711400000| Untracked 
| 134|0x0000000711600000, 0x0000000711600000, 0x0000000711800000|  0%| F|  |TAMS 0x0000000711600000, 0x0000000711600000| Untracked 
| 135|0x0000000711800000, 0x0000000711800000, 0x0000000711a00000|  0%| F|  |TAMS 0x0000000711800000, 0x0000000711800000| Untracked 
| 136|0x0000000711a00000, 0x0000000711a00000, 0x0000000711c00000|  0%| F|  |TAMS 0x0000000711a00000, 0x0000000711a00000| Untracked 
| 137|0x0000000711c00000, 0x0000000711c00000, 0x0000000711e00000|  0%| F|  |TAMS 0x0000000711c00000, 0x0000000711c00000| Untracked 
| 138|0x0000000711e00000, 0x0000000711e00000, 0x0000000712000000|  0%| F|  |TAMS 0x0000000711e00000, 0x0000000711e00000| Untracked 
| 139|0x0000000712000000, 0x0000000712000000, 0x0000000712200000|  0%| F|  |TAMS 0x0000000712000000, 0x0000000712000000| Untracked 
| 140|0x0000000712200000, 0x0000000712200000, 0x0000000712400000|  0%| F|  |TAMS 0x0000000712200000, 0x0000000712200000| Untracked 
| 141|0x0000000712400000, 0x0000000712400000, 0x0000000712600000|  0%| F|  |TAMS 0x0000000712400000, 0x0000000712400000| Untracked 
| 142|0x0000000712600000, 0x0000000712600000, 0x0000000712800000|  0%| F|  |TAMS 0x0000000712600000, 0x0000000712600000| Untracked 
| 143|0x0000000712800000, 0x0000000712800000, 0x0000000712a00000|  0%| F|  |TAMS 0x0000000712800000, 0x0000000712800000| Untracked 
| 144|0x0000000712a00000, 0x0000000712a00000, 0x0000000712c00000|  0%| F|  |TAMS 0x0000000712a00000, 0x0000000712a00000| Untracked 
| 145|0x0000000712c00000, 0x0000000712c00000, 0x0000000712e00000|  0%| F|  |TAMS 0x0000000712c00000, 0x0000000712c00000| Untracked 
| 146|0x0000000712e00000, 0x0000000712e00000, 0x0000000713000000|  0%| F|  |TAMS 0x0000000712e00000, 0x0000000712e00000| Untracked 
| 147|0x0000000713000000, 0x0000000713000000, 0x0000000713200000|  0%| F|  |TAMS 0x0000000713000000, 0x0000000713000000| Untracked 
| 148|0x0000000713200000, 0x0000000713200000, 0x0000000713400000|  0%| F|  |TAMS 0x0000000713200000, 0x0000000713200000| Untracked 
| 149|0x0000000713400000, 0x0000000713400000, 0x0000000713600000|  0%| F|  |TAMS 0x0000000713400000, 0x0000000713400000| Untracked 
| 150|0x0000000713600000, 0x0000000713600000, 0x0000000713800000|  0%| F|  |TAMS 0x0000000713600000, 0x0000000713600000| Untracked 
| 151|0x0000000713800000, 0x0000000713800000, 0x0000000713a00000|  0%| F|  |TAMS 0x0000000713800000, 0x0000000713800000| Untracked 
| 152|0x0000000713a00000, 0x0000000713c00000, 0x0000000713c00000|100%| E|  |TAMS 0x0000000713a00000, 0x0000000713a00000| Complete 
| 153|0x0000000713c00000, 0x0000000713e00000, 0x0000000713e00000|100%| E|CS|TAMS 0x0000000713c00000, 0x0000000713c00000| Complete 
| 154|0x0000000713e00000, 0x0000000714000000, 0x0000000714000000|100%| E|CS|TAMS 0x0000000713e00000, 0x0000000713e00000| Complete 
| 155|0x0000000714000000, 0x0000000714200000, 0x0000000714200000|100%| E|CS|TAMS 0x0000000714000000, 0x0000000714000000| Complete 
| 156|0x0000000714200000, 0x0000000714400000, 0x0000000714400000|100%| E|CS|TAMS 0x0000000714200000, 0x0000000714200000| Complete 
| 157|0x0000000714400000, 0x0000000714600000, 0x0000000714600000|100%| E|CS|TAMS 0x0000000714400000, 0x0000000714400000| Complete 
| 158|0x0000000714600000, 0x0000000714800000, 0x0000000714800000|100%| E|CS|TAMS 0x0000000714600000, 0x0000000714600000| Complete 
| 159|0x0000000714800000, 0x0000000714a00000, 0x0000000714a00000|100%| E|CS|TAMS 0x0000000714800000, 0x0000000714800000| Complete 
| 160|0x0000000714a00000, 0x0000000714c00000, 0x0000000714c00000|100%| E|CS|TAMS 0x0000000714a00000, 0x0000000714a00000| Complete 
| 161|0x0000000714c00000, 0x0000000714e00000, 0x0000000714e00000|100%| E|CS|TAMS 0x0000000714c00000, 0x0000000714c00000| Complete 
| 162|0x0000000714e00000, 0x0000000715000000, 0x0000000715000000|100%| E|CS|TAMS 0x0000000714e00000, 0x0000000714e00000| Complete 
| 163|0x0000000715000000, 0x0000000715200000, 0x0000000715200000|100%| E|CS|TAMS 0x0000000715000000, 0x0000000715000000| Complete 
| 164|0x0000000715200000, 0x0000000715400000, 0x0000000715400000|100%| E|CS|TAMS 0x0000000715200000, 0x0000000715200000| Complete 
| 165|0x0000000715400000, 0x0000000715600000, 0x0000000715600000|100%| E|CS|TAMS 0x0000000715400000, 0x0000000715400000| Complete 
| 166|0x0000000715600000, 0x0000000715800000, 0x0000000715800000|100%| E|CS|TAMS 0x0000000715600000, 0x0000000715600000| Complete 
| 167|0x0000000715800000, 0x0000000715a00000, 0x0000000715a00000|100%| E|  |TAMS 0x0000000715800000, 0x0000000715800000| Complete 
| 168|0x0000000715a00000, 0x0000000715c00000, 0x0000000715c00000|100%| E|CS|TAMS 0x0000000715a00000, 0x0000000715a00000| Complete 
| 169|0x0000000715c00000, 0x0000000715e00000, 0x0000000715e00000|100%| E|CS|TAMS 0x0000000715c00000, 0x0000000715c00000| Complete 
| 170|0x0000000715e00000, 0x0000000716000000, 0x0000000716000000|100%| E|CS|TAMS 0x0000000715e00000, 0x0000000715e00000| Complete 
| 171|0x0000000716000000, 0x0000000716200000, 0x0000000716200000|100%| E|CS|TAMS 0x0000000716000000, 0x0000000716000000| Complete 
| 172|0x0000000716200000, 0x0000000716400000, 0x0000000716400000|100%| E|CS|TAMS 0x0000000716200000, 0x0000000716200000| Complete 
| 173|0x0000000716400000, 0x0000000716600000, 0x0000000716600000|100%| E|CS|TAMS 0x0000000716400000, 0x0000000716400000| Complete 
| 174|0x0000000716600000, 0x0000000716800000, 0x0000000716800000|100%| E|CS|TAMS 0x0000000716600000, 0x0000000716600000| Complete 
| 175|0x0000000716800000, 0x0000000716a00000, 0x0000000716a00000|100%| E|CS|TAMS 0x0000000716800000, 0x0000000716800000| Complete 
| 176|0x0000000716a00000, 0x0000000716c00000, 0x0000000716c00000|100%| E|CS|TAMS 0x0000000716a00000, 0x0000000716a00000| Complete 
| 177|0x0000000716c00000, 0x0000000716e00000, 0x0000000716e00000|100%| E|CS|TAMS 0x0000000716c00000, 0x0000000716c00000| Complete 
| 178|0x0000000716e00000, 0x0000000717000000, 0x0000000717000000|100%| E|CS|TAMS 0x0000000716e00000, 0x0000000716e00000| Complete 
| 179|0x0000000717000000, 0x0000000717200000, 0x0000000717200000|100%| E|CS|TAMS 0x0000000717000000, 0x0000000717000000| Complete 
| 180|0x0000000717200000, 0x0000000717400000, 0x0000000717400000|100%| E|CS|TAMS 0x0000000717200000, 0x0000000717200000| Complete 
| 181|0x0000000717400000, 0x0000000717600000, 0x0000000717600000|100%| E|CS|TAMS 0x0000000717400000, 0x0000000717400000| Complete 
| 182|0x0000000717600000, 0x0000000717800000, 0x0000000717800000|100%| E|CS|TAMS 0x0000000717600000, 0x0000000717600000| Complete 
| 183|0x0000000717800000, 0x0000000717a00000, 0x0000000717a00000|100%| E|CS|TAMS 0x0000000717800000, 0x0000000717800000| Complete 
| 184|0x0000000717a00000, 0x0000000717c00000, 0x0000000717c00000|100%| E|CS|TAMS 0x0000000717a00000, 0x0000000717a00000| Complete 
| 185|0x0000000717c00000, 0x0000000717e00000, 0x0000000717e00000|100%| E|CS|TAMS 0x0000000717c00000, 0x0000000717c00000| Complete 
| 186|0x0000000717e00000, 0x0000000718000000, 0x0000000718000000|100%| E|CS|TAMS 0x0000000717e00000, 0x0000000717e00000| Complete 
| 187|0x0000000718000000, 0x0000000718200000, 0x0000000718200000|100%| E|CS|TAMS 0x0000000718000000, 0x0000000718000000| Complete 
| 188|0x0000000718200000, 0x0000000718400000, 0x0000000718400000|100%| E|CS|TAMS 0x0000000718200000, 0x0000000718200000| Complete 
| 189|0x0000000718400000, 0x0000000718600000, 0x0000000718600000|100%| E|CS|TAMS 0x0000000718400000, 0x0000000718400000| Complete 
| 190|0x0000000718600000, 0x0000000718800000, 0x0000000718800000|100%| E|CS|TAMS 0x0000000718600000, 0x0000000718600000| Complete 
| 191|0x0000000718800000, 0x0000000718a00000, 0x0000000718a00000|100%| E|CS|TAMS 0x0000000718800000, 0x0000000718800000| Complete 
| 192|0x0000000718a00000, 0x0000000718c00000, 0x0000000718c00000|100%| E|CS|TAMS 0x0000000718a00000, 0x0000000718a00000| Complete 
| 193|0x0000000718c00000, 0x0000000718e00000, 0x0000000718e00000|100%| E|CS|TAMS 0x0000000718c00000, 0x0000000718c00000| Complete 
| 194|0x0000000718e00000, 0x0000000719000000, 0x0000000719000000|100%| E|CS|TAMS 0x0000000718e00000, 0x0000000718e00000| Complete 
| 195|0x0000000719000000, 0x0000000719200000, 0x0000000719200000|100%| E|CS|TAMS 0x0000000719000000, 0x0000000719000000| Complete 
| 196|0x0000000719200000, 0x0000000719400000, 0x0000000719400000|100%| E|CS|TAMS 0x0000000719200000, 0x0000000719200000| Complete 
| 197|0x0000000719400000, 0x0000000719600000, 0x0000000719600000|100%| E|CS|TAMS 0x0000000719400000, 0x0000000719400000| Complete 
| 198|0x0000000719600000, 0x0000000719800000, 0x0000000719800000|100%| E|CS|TAMS 0x0000000719600000, 0x0000000719600000| Complete 
| 199|0x0000000719800000, 0x0000000719a00000, 0x0000000719a00000|100%| E|CS|TAMS 0x0000000719800000, 0x0000000719800000| Complete 
| 200|0x0000000719a00000, 0x0000000719c00000, 0x0000000719c00000|100%| E|CS|TAMS 0x0000000719a00000, 0x0000000719a00000| Complete 
| 201|0x0000000719c00000, 0x0000000719e00000, 0x0000000719e00000|100%| E|CS|TAMS 0x0000000719c00000, 0x0000000719c00000| Complete 
| 202|0x0000000719e00000, 0x000000071a000000, 0x000000071a000000|100%| E|CS|TAMS 0x0000000719e00000, 0x0000000719e00000| Complete 
| 203|0x000000071a000000, 0x000000071a200000, 0x000000071a200000|100%| E|CS|TAMS 0x000000071a000000, 0x000000071a000000| Complete 
| 204|0x000000071a200000, 0x000000071a400000, 0x000000071a400000|100%| E|CS|TAMS 0x000000071a200000, 0x000000071a200000| Complete 
| 205|0x000000071a400000, 0x000000071a600000, 0x000000071a600000|100%| E|CS|TAMS 0x000000071a400000, 0x000000071a400000| Complete 
| 206|0x000000071a600000, 0x000000071a800000, 0x000000071a800000|100%| E|CS|TAMS 0x000000071a600000, 0x000000071a600000| Complete 
| 207|0x000000071a800000, 0x000000071aa00000, 0x000000071aa00000|100%| E|CS|TAMS 0x000000071a800000, 0x000000071a800000| Complete 
| 208|0x000000071aa00000, 0x000000071ac00000, 0x000000071ac00000|100%| E|CS|TAMS 0x000000071aa00000, 0x000000071aa00000| Complete 
| 209|0x000000071ac00000, 0x000000071ae00000, 0x000000071ae00000|100%| E|CS|TAMS 0x000000071ac00000, 0x000000071ac00000| Complete 
| 210|0x000000071ae00000, 0x000000071b000000, 0x000000071b000000|100%| E|CS|TAMS 0x000000071ae00000, 0x000000071ae00000| Complete 
| 211|0x000000071b000000, 0x000000071b200000, 0x000000071b200000|100%| E|CS|TAMS 0x000000071b000000, 0x000000071b000000| Complete 
| 212|0x000000071b200000, 0x000000071b400000, 0x000000071b400000|100%| E|CS|TAMS 0x000000071b200000, 0x000000071b200000| Complete 
| 213|0x000000071b400000, 0x000000071b600000, 0x000000071b600000|100%| E|CS|TAMS 0x000000071b400000, 0x000000071b400000| Complete 
| 214|0x000000071b600000, 0x000000071b800000, 0x000000071b800000|100%| E|CS|TAMS 0x000000071b600000, 0x000000071b600000| Complete 
| 215|0x000000071b800000, 0x000000071ba00000, 0x000000071ba00000|100%| E|CS|TAMS 0x000000071b800000, 0x000000071b800000| Complete 
| 216|0x000000071ba00000, 0x000000071bc00000, 0x000000071bc00000|100%| E|CS|TAMS 0x000000071ba00000, 0x000000071ba00000| Complete 
| 217|0x000000071bc00000, 0x000000071be00000, 0x000000071be00000|100%| E|CS|TAMS 0x000000071bc00000, 0x000000071bc00000| Complete 
| 218|0x000000071be00000, 0x000000071c000000, 0x000000071c000000|100%| E|CS|TAMS 0x000000071be00000, 0x000000071be00000| Complete 
| 219|0x000000071c000000, 0x000000071c200000, 0x000000071c200000|100%| E|CS|TAMS 0x000000071c000000, 0x000000071c000000| Complete 
| 220|0x000000071c200000, 0x000000071c400000, 0x000000071c400000|100%| E|CS|TAMS 0x000000071c200000, 0x000000071c200000| Complete 
| 221|0x000000071c400000, 0x000000071c600000, 0x000000071c600000|100%| E|CS|TAMS 0x000000071c400000, 0x000000071c400000| Complete 
| 222|0x000000071c600000, 0x000000071c800000, 0x000000071c800000|100%| E|CS|TAMS 0x000000071c600000, 0x000000071c600000| Complete 
| 223|0x000000071c800000, 0x000000071ca00000, 0x000000071ca00000|100%| E|CS|TAMS 0x000000071c800000, 0x000000071c800000| Complete 
| 224|0x000000071ca00000, 0x000000071cc00000, 0x000000071cc00000|100%| E|CS|TAMS 0x000000071ca00000, 0x000000071ca00000| Complete 
| 225|0x000000071cc00000, 0x000000071ce00000, 0x000000071ce00000|100%| E|CS|TAMS 0x000000071cc00000, 0x000000071cc00000| Complete 
| 226|0x000000071ce00000, 0x000000071d000000, 0x000000071d000000|100%| E|CS|TAMS 0x000000071ce00000, 0x000000071ce00000| Complete 
| 227|0x000000071d000000, 0x000000071d200000, 0x000000071d200000|100%| E|CS|TAMS 0x000000071d000000, 0x000000071d000000| Complete 
| 228|0x000000071d200000, 0x000000071d400000, 0x000000071d400000|100%| E|CS|TAMS 0x000000071d200000, 0x000000071d200000| Complete 
| 229|0x000000071d400000, 0x000000071d600000, 0x000000071d600000|100%| E|CS|TAMS 0x000000071d400000, 0x000000071d400000| Complete 
| 230|0x000000071d600000, 0x000000071d800000, 0x000000071d800000|100%| E|CS|TAMS 0x000000071d600000, 0x000000071d600000| Complete 
| 231|0x000000071d800000, 0x000000071da00000, 0x000000071da00000|100%| E|CS|TAMS 0x000000071d800000, 0x000000071d800000| Complete 
| 232|0x000000071da00000, 0x000000071dc00000, 0x000000071dc00000|100%| E|CS|TAMS 0x000000071da00000, 0x000000071da00000| Complete 
| 233|0x000000071dc00000, 0x000000071de00000, 0x000000071de00000|100%| E|CS|TAMS 0x000000071dc00000, 0x000000071dc00000| Complete 
| 234|0x000000071de00000, 0x000000071e000000, 0x000000071e000000|100%| E|CS|TAMS 0x000000071de00000, 0x000000071de00000| Complete 
| 235|0x000000071e000000, 0x000000071e200000, 0x000000071e200000|100%| E|CS|TAMS 0x000000071e000000, 0x000000071e000000| Complete 
| 236|0x000000071e200000, 0x000000071e400000, 0x000000071e400000|100%| E|CS|TAMS 0x000000071e200000, 0x000000071e200000| Complete 
| 237|0x000000071e400000, 0x000000071e600000, 0x000000071e600000|100%| E|CS|TAMS 0x000000071e400000, 0x000000071e400000| Complete 
| 238|0x000000071e600000, 0x000000071e800000, 0x000000071e800000|100%| E|CS|TAMS 0x000000071e600000, 0x000000071e600000| Complete 
| 239|0x000000071e800000, 0x000000071ea00000, 0x000000071ea00000|100%| E|CS|TAMS 0x000000071e800000, 0x000000071e800000| Complete 
| 240|0x000000071ea00000, 0x000000071ec00000, 0x000000071ec00000|100%| E|CS|TAMS 0x000000071ea00000, 0x000000071ea00000| Complete 
| 241|0x000000071ec00000, 0x000000071ee00000, 0x000000071ee00000|100%| E|CS|TAMS 0x000000071ec00000, 0x000000071ec00000| Complete 
| 242|0x000000071ee00000, 0x000000071f000000, 0x000000071f000000|100%| E|CS|TAMS 0x000000071ee00000, 0x000000071ee00000| Complete 
| 243|0x000000071f000000, 0x000000071f200000, 0x000000071f200000|100%| E|CS|TAMS 0x000000071f000000, 0x000000071f000000| Complete 
| 244|0x000000071f200000, 0x000000071f400000, 0x000000071f400000|100%| E|CS|TAMS 0x000000071f200000, 0x000000071f200000| Complete 
| 245|0x000000071f400000, 0x000000071f600000, 0x000000071f600000|100%| E|CS|TAMS 0x000000071f400000, 0x000000071f400000| Complete 
| 246|0x000000071f600000, 0x000000071f800000, 0x000000071f800000|100%| E|CS|TAMS 0x000000071f600000, 0x000000071f600000| Complete 
| 247|0x000000071f800000, 0x000000071fa00000, 0x000000071fa00000|100%| E|CS|TAMS 0x000000071f800000, 0x000000071f800000| Complete 
| 248|0x000000071fa00000, 0x000000071fc00000, 0x000000071fc00000|100%| E|CS|TAMS 0x000000071fa00000, 0x000000071fa00000| Complete 
| 249|0x000000071fc00000, 0x000000071fe00000, 0x000000071fe00000|100%| E|CS|TAMS 0x000000071fc00000, 0x000000071fc00000| Complete 
| 250|0x000000071fe00000, 0x0000000720000000, 0x0000000720000000|100%| E|CS|TAMS 0x000000071fe00000, 0x000000071fe00000| Complete 
| 251|0x0000000720000000, 0x0000000720200000, 0x0000000720200000|100%| E|CS|TAMS 0x0000000720000000, 0x0000000720000000| Complete 
| 252|0x0000000720200000, 0x0000000720400000, 0x0000000720400000|100%| E|CS|TAMS 0x0000000720200000, 0x0000000720200000| Complete 
| 253|0x0000000720400000, 0x0000000720600000, 0x0000000720600000|100%| E|CS|TAMS 0x0000000720400000, 0x0000000720400000| Complete 
| 254|0x0000000720600000, 0x0000000720800000, 0x0000000720800000|100%| E|CS|TAMS 0x0000000720600000, 0x0000000720600000| Complete 
| 255|0x0000000720800000, 0x0000000720a00000, 0x0000000720a00000|100%| E|CS|TAMS 0x0000000720800000, 0x0000000720800000| Complete 

Card table byte_map: [0x0000022475340000,0x0000022475b40000] _byte_map_base: 0x0000022471b3b000

Marking Bits (Prev, Next): (CMBitMap*) 0x000002246f061fe0, (CMBitMap*) 0x000002246f062020
 Prev Bits: [0x0000022476340000, 0x000002247a318000)
 Next Bits: [0x000002247a320000, 0x000002247e2f8000)

Polling page: 0x000002246f0f0000

Metaspace:

Usage:
  Non-class:     12.15 MB used.
      Class:      1.22 MB used.
       Both:     13.37 MB used.

Virtual space:
  Non-class space:       16.00 MB reserved,      12.19 MB ( 76%) committed,  2 nodes.
      Class space:        1.00 GB reserved,       1.25 MB ( <1%) committed,  1 nodes.
             Both:        1.02 GB reserved,      13.44 MB (  1%) committed. 

Chunk freelists:
   Non-Class:  3.31 MB
       Class:  2.56 MB
        Both:  5.88 MB

MaxMetaspaceSize: unlimited
CompressedClassSpaceSize: 1.00 GB
Initial GC threshold: 21.00 MB
Current GC threshold: 21.00 MB
CDS: off
MetaspaceReclaimPolicy: balanced
 - commit_granule_bytes: 65536.
 - commit_granule_words: 8192.
 - virtual_space_node_default_size: 1048576.
 - enlarge_chunks_in_place: 1.
 - new_chunks_are_fully_committed: 0.
 - uncommit_free_chunks: 1.
 - use_allocation_guard: 0.
 - handle_deallocations: 1.


Internal statistics:

num_allocs_failed_limit: 0.
num_arena_births: 42.
num_arena_deaths: 0.
num_vsnodes_births: 3.
num_vsnodes_deaths: 0.
num_space_committed: 215.
num_space_uncommitted: 0.
num_chunks_returned_to_freelist: 0.
num_chunks_taken_from_freelist: 223.
num_chunk_merges: 0.
num_chunk_splits: 145.
num_chunks_enlarged: 121.
num_purges: 0.
num_inconsistent_stats: 0.

CodeHeap 'non-profiled nmethods': size=120000Kb used=1301Kb max_used=1301Kb free=118698Kb
 bounds [0x0000022407ad0000, 0x0000022407d40000, 0x000002240f000000]
CodeHeap 'profiled nmethods': size=120000Kb used=3637Kb max_used=3637Kb free=116362Kb
 bounds [0x00000224005a0000, 0x0000022400930000, 0x0000022407ad0000]
CodeHeap 'non-nmethods': size=5760Kb used=1168Kb max_used=1225Kb free=4591Kb
 bounds [0x0000022400000000, 0x0000022400270000, 0x00000224005a0000]
 total_blobs=2489 nmethods=2024 adapters=378
 compilation: enabled
              stopped_count=0, restarted_count=0
 full_count=0

Compilation events (20 events):
Event: 2.048 Thread 0x000002247fc753a0 2037       2       org.apache.lucene.util.fst.BytesRefFSTEnum::setResult (43 bytes)
Event: 2.048 Thread 0x000002247fc753a0 nmethod 2037 0x000002240091f110 code [0x000002240091f2c0, 0x000002240091f4b8]
Event: 2.048 Thread 0x000002247fc753a0 2039       2       org.apache.lucene.util.fst.ByteSequenceOutputs::write (43 bytes)
Event: 2.048 Thread 0x000002247fc753a0 nmethod 2039 0x000002240091f610 code [0x000002240091f7e0, 0x000002240091fa28]
Event: 2.048 Thread 0x000002247fc753a0 2040       2       org.apache.lucene.util.packed.Direct8::get (12 bytes)
Event: 2.048 Thread 0x000002247fc753a0 nmethod 2040 0x000002240091fb90 code [0x000002240091fd20, 0x000002240091fe58]
Event: 2.049 Thread 0x000002247fc753a0 2042       2       org.apache.lucene.store.RAMOutputStream::flush (5 bytes)
Event: 2.049 Thread 0x000002247fc753a0 nmethod 2042 0x000002240091ff10 code [0x00000224009200a0, 0x00000224009201c8]
Event: 2.052 Thread 0x000002247fc753a0 2043       2       org.apache.lucene.store.ByteArrayDataOutput::reset (9 bytes)
Event: 2.052 Thread 0x000002247fc753a0 nmethod 2043 0x0000022400920290 code [0x0000022400920420, 0x0000022400920598]
Event: 2.052 Thread 0x000002247fc753a0 2044       2       org.apache.lucene.store.ByteArrayDataOutput::reset (18 bytes)
Event: 2.052 Thread 0x000002247fc753a0 nmethod 2044 0x0000022400920690 code [0x0000022400920820, 0x0000022400920978]
Event: 2.054 Thread 0x000002247fc753a0 2045       3       java.util.Arrays::fill (28 bytes)
Event: 2.054 Thread 0x000002247fc753a0 nmethod 2045 0x0000022400920a10 code [0x0000022400920bc0, 0x0000022400920de8]
Event: 2.054 Thread 0x000002247fc753a0 2047       2       org.apache.lucene.util.fst.ByteSequenceOutputs::read (39 bytes)
Event: 2.054 Thread 0x000002247fc753a0 nmethod 2047 0x0000022400920f10 code [0x00000224009210e0, 0x0000022400921418]
Event: 2.054 Thread 0x000002247fc753a0 2048       2       java.lang.Integer::numberOfTrailingZeros (80 bytes)
Event: 2.055 Thread 0x000002247fc753a0 nmethod 2048 0x0000022400921510 code [0x00000224009216a0, 0x0000022400921818]
Event: 2.056 Thread 0x000002247fc753a0 2049       3       org.apache.lucene.util.compress.LowercaseAsciiCompression::compress (502 bytes)
Event: 2.058 Thread 0x000002247fc753a0 nmethod 2049 0x0000022400921890 code [0x0000022400921c80, 0x00000224009239e8]

GC Heap History (12 events):
Event: 0.318 GC heap before
{Heap before GC invocations=0 (full 0):
 garbage-first heap   total 262144K, used 22528K [0x0000000700a00000, 0x0000000800000000)
  region size 2048K, 11 young (22528K), 0 survivors (0K)
 Metaspace       used 9110K, committed 9280K, reserved 1064960K
  class space    used 839K, committed 896K, reserved 1048576K
}
Event: 0.321 GC heap after
{Heap after GC invocations=1 (full 0):
 garbage-first heap   total 262144K, used 8592K [0x0000000700a00000, 0x0000000800000000)
  region size 2048K, 2 young (4096K), 2 survivors (4096K)
 Metaspace       used 9110K, committed 9280K, reserved 1064960K
  class space    used 839K, committed 896K, reserved 1048576K
}
Event: 0.352 GC heap before
{Heap before GC invocations=1 (full 0):
 garbage-first heap   total 262144K, used 27024K [0x0000000700a00000, 0x0000000800000000)
  region size 2048K, 11 young (22528K), 2 survivors (4096K)
 Metaspace       used 9137K, committed 9280K, reserved 1064960K
  class space    used 839K, committed 896K, reserved 1048576K
}
Event: 0.357 GC heap after
{Heap after GC invocations=2 (full 0):
 garbage-first heap   total 262144K, used 18727K [0x0000000700a00000, 0x0000000800000000)
  region size 2048K, 2 young (4096K), 2 survivors (4096K)
 Metaspace       used 9137K, committed 9280K, reserved 1064960K
  class space    used 839K, committed 896K, reserved 1048576K
}
Event: 0.393 GC heap before
{Heap before GC invocations=2 (full 0):
 garbage-first heap   total 262144K, used 47399K [0x0000000700a00000, 0x0000000800000000)
  region size 2048K, 16 young (32768K), 2 survivors (4096K)
 Metaspace       used 9137K, committed 9280K, reserved 1064960K
  class space    used 839K, committed 896K, reserved 1048576K
}
Event: 0.399 GC heap after
{Heap after GC invocations=3 (full 0):
 garbage-first heap   total 262144K, used 36456K [0x0000000700a00000, 0x0000000800000000)
  region size 2048K, 2 young (4096K), 2 survivors (4096K)
 Metaspace       used 9137K, committed 9280K, reserved 1064960K
  class space    used 839K, committed 896K, reserved 1048576K
}
Event: 0.449 GC heap before
{Heap before GC invocations=3 (full 0):
 garbage-first heap   total 262144K, used 71272K [0x0000000700a00000, 0x0000000800000000)
  region size 2048K, 19 young (38912K), 2 survivors (4096K)
 Metaspace       used 9353K, committed 9472K, reserved 1064960K
  class space    used 851K, committed 896K, reserved 1048576K
}
Event: 0.453 GC heap after
{Heap after GC invocations=4 (full 0):
 garbage-first heap   total 262144K, used 42308K [0x0000000700a00000, 0x0000000800000000)
  region size 2048K, 3 young (6144K), 3 survivors (6144K)
 Metaspace       used 9353K, committed 9472K, reserved 1064960K
  class space    used 851K, committed 896K, reserved 1048576K
}
Event: 0.489 GC heap before
{Heap before GC invocations=4 (full 0):
 garbage-first heap   total 262144K, used 97604K [0x0000000700a00000, 0x0000000800000000)
  region size 2048K, 30 young (61440K), 3 survivors (6144K)
 Metaspace       used 9353K, committed 9472K, reserved 1064960K
  class space    used 851K, committed 896K, reserved 1048576K
}
Event: 0.493 GC heap after
{Heap after GC invocations=5 (full 0):
 garbage-first heap   total 262144K, used 46000K [0x0000000700a00000, 0x0000000800000000)
  region size 2048K, 2 young (4096K), 2 survivors (4096K)
 Metaspace       used 9353K, committed 9472K, reserved 1064960K
  class space    used 851K, committed 896K, reserved 1048576K
}
Event: 0.580 GC heap before
{Heap before GC invocations=5 (full 0):
 garbage-first heap   total 262144K, used 177072K [0x0000000700a00000, 0x0000000800000000)
  region size 2048K, 66 young (135168K), 2 survivors (4096K)
 Metaspace       used 9353K, committed 9472K, reserved 1064960K
  class space    used 851K, committed 896K, reserved 1048576K
}
Event: 0.593 GC heap after
{Heap after GC invocations=6 (full 0):
 garbage-first heap   total 524288K, used 53599K [0x0000000700a00000, 0x0000000800000000)
  region size 2048K, 6 young (12288K), 6 survivors (12288K)
 Metaspace       used 9353K, committed 9472K, reserved 1064960K
  class space    used 851K, committed 896K, reserved 1048576K
}

Deoptimization events (20 events):
Event: 1.987 Thread 0x000002246f012460 DEOPT PACKING pc=0x00000224008d755d sp=0x000000e0882fe710
Event: 1.987 Thread 0x000002246f012460 DEOPT UNPACKING pc=0x0000022400052b43 sp=0x000000e0882fdc70 mode 0
Event: 1.995 Thread 0x000002246f012460 DEOPT PACKING pc=0x00000224008d2498 sp=0x000000e0882fe960
Event: 1.995 Thread 0x000002246f012460 DEOPT UNPACKING pc=0x0000022400052b43 sp=0x000000e0882fddd8 mode 0
Event: 2.009 Thread 0x000002246f012460 DEOPT PACKING pc=0x00000224008e21e8 sp=0x000000e0882fea50
Event: 2.009 Thread 0x000002246f012460 DEOPT UNPACKING pc=0x0000022400052b43 sp=0x000000e0882fdec8 mode 0
Event: 2.047 Thread 0x000002246f012460 Uncommon trap: trap_request=0xffffffc6 fr.pc=0x0000022407c12a00 relative=0x0000000000001980
Event: 2.047 Thread 0x000002246f012460 Uncommon trap: reason=bimorphic_or_optimized_type_check action=maybe_recompile pc=0x0000022407c12a00 method=org.apache.lucene.store.DataOutput.writeSignedVLong(J)V @ 22 c2
Event: 2.047 Thread 0x000002246f012460 DEOPT PACKING pc=0x0000022407c12a00 sp=0x000000e0882fe4c0
Event: 2.047 Thread 0x000002246f012460 DEOPT UNPACKING pc=0x00000224000523a3 sp=0x000000e0882fe4c0 mode 2
Event: 2.047 Thread 0x000002246f012460 Uncommon trap: trap_request=0xffffffc6 fr.pc=0x0000022407c12a00 relative=0x0000000000001980
Event: 2.047 Thread 0x000002246f012460 Uncommon trap: reason=bimorphic_or_optimized_type_check action=maybe_recompile pc=0x0000022407c12a00 method=org.apache.lucene.store.DataOutput.writeSignedVLong(J)V @ 22 c2
Event: 2.047 Thread 0x000002246f012460 DEOPT PACKING pc=0x0000022407c12a00 sp=0x000000e0882fe600
Event: 2.047 Thread 0x000002246f012460 DEOPT UNPACKING pc=0x00000224000523a3 sp=0x000000e0882fe600 mode 2
Event: 2.047 Thread 0x000002246f012460 Uncommon trap: trap_request=0xffffffc6 fr.pc=0x0000022407c12a00 relative=0x0000000000001980
Event: 2.047 Thread 0x000002246f012460 Uncommon trap: reason=bimorphic_or_optimized_type_check action=maybe_recompile pc=0x0000022407c12a00 method=org.apache.lucene.store.DataOutput.writeSignedVLong(J)V @ 22 c2
Event: 2.047 Thread 0x000002246f012460 DEOPT PACKING pc=0x0000022407c12a00 sp=0x000000e0882fe600
Event: 2.047 Thread 0x000002246f012460 DEOPT UNPACKING pc=0x00000224000523a3 sp=0x000000e0882fe600 mode 2
Event: 2.056 Thread 0x000002246f012460 DEOPT PACKING pc=0x000002240090add8 sp=0x000000e0882fe810
Event: 2.056 Thread 0x000002246f012460 DEOPT UNPACKING pc=0x0000022400052b43 sp=0x000000e0882fdcf8 mode 0

Classes unloaded (0 events):
No events

Classes redefined (0 events):
No events

Internal exceptions (14 events):
Event: 0.130 Thread 0x000002246f012460 Exception <a 'java/lang/NoSuchMethodError'{0x0000000710686ca0}: 'java.lang.Object java.lang.invoke.DirectMethodHandle$Holder.invokeStaticInit(java.lang.Object, java.lang.Object, java.lang.Object)'> (0x0000000710686ca0) 
thrown [e:\jenkins\tmp\workspace\build\src\src\hotspot\share\interpreter\linkResolver.cpp, line 766]
Event: 0.155 Thread 0x000002246f012460 Exception <a 'java/lang/NoSuchMethodError'{0x00000007107371c0}: 'long java.lang.invoke.DirectMethodHandle$Holder.invokeStatic(java.lang.Object)'> (0x00000007107371c0) 
thrown [e:\jenkins\tmp\workspace\build\src\src\hotspot\share\interpreter\linkResolver.cpp, line 766]
Event: 0.155 Thread 0x000002246f012460 Exception <a 'java/lang/NoSuchMethodError'{0x000000071073a670}: 'long java.lang.invoke.DirectMethodHandle$Holder.invokeStaticInit(java.lang.Object)'> (0x000000071073a670) 
thrown [e:\jenkins\tmp\workspace\build\src\src\hotspot\share\interpreter\linkResolver.cpp, line 766]
Event: 0.158 Thread 0x000002246f012460 Exception <a 'java/lang/NoSuchMethodError'{0x0000000710753f48}: 'java.lang.Object java.lang.invoke.DirectMethodHandle$Holder.invokeStaticInit(java.lang.Object)'> (0x0000000710753f48) 
thrown [e:\jenkins\tmp\workspace\build\src\src\hotspot\share\interpreter\linkResolver.cpp, line 766]
Event: 0.179 Thread 0x000002246f012460 Exception <a 'java/lang/NoSuchMethodError'{0x00000007107820a8}: 'int java.lang.invoke.DirectMethodHandle$Holder.invokeSpecial(java.lang.Object, java.lang.Object, java.lang.Object)'> (0x00000007107820a8) 
thrown [e:\jenkins\tmp\workspace\build\src\src\hotspot\share\interpreter\linkResolver.cpp, line 766]
Event: 0.638 Thread 0x000002246f012460 Exception <a 'java/lang/NoSuchMethodError'{0x000000071ecf60d8}: 'void java.lang.invoke.DirectMethodHandle$Holder.invokeInterface(java.lang.Object, java.lang.Object, java.lang.Object)'> (0x000000071ecf60d8) 
thrown [e:\jenkins\tmp\workspace\build\src\src\hotspot\share\interpreter\linkResolver.cpp, line 766]
Event: 0.651 Thread 0x000002246f012460 Exception <a 'java/lang/NoSuchMethodError'{0x000000071ea33d88}: 'java.lang.Object java.lang.invoke.DirectMethodHandle$Holder.newInvokeSpecial(java.lang.Object, java.lang.Object, java.lang.Object, int, java.lang.Object, java.lang.Object, java.lang.Object, java.lang.Object, java.lang.Object, int)'> (0x000000071ea33d88) 
thrown [e:\jenkins\tmp\workspace\build\src\src\hotspot\share\interpreter\linkResolver.cpp, line 766]
Event: 0.655 Thread 0x000002246f012460 Exception <a 'java/lang/NoSuchMethodError'{0x000000071ea72408}: 'long java.lang.invoke.DirectMethodHandle$Holder.invokeSpecial(java.lang.Object, java.lang.Object)'> (0x000000071ea72408) 
thrown [e:\jenkins\tmp\workspace\build\src\src\hotspot\share\interpreter\linkResolver.cpp, line 766]
Event: 0.680 Thread 0x000002246f012460 Exception <a 'sun/nio/fs/WindowsException'{0x000000071eb45738}> (0x000000071eb45738) 
thrown [e:\jenkins\tmp\workspace\build\src\src\hotspot\share\prims\jni.cpp, line 516]
Event: 0.680 Thread 0x000002246f012460 Exception <a 'java/lang/NoSuchMethodError'{0x000000071eb4b3e0}: 'void java.lang.invoke.DirectMethodHandle$Holder.invokeSpecial(java.lang.Object, java.lang.Object, java.lang.Object)'> (0x000000071eb4b3e0) 
thrown [e:\jenkins\tmp\workspace\build\src\src\hotspot\share\interpreter\linkResolver.cpp, line 766]
Event: 0.695 Thread 0x000002246f012460 Exception <a 'java/lang/NoSuchMethodError'{0x000000071e8618f8}: 'void java.lang.invoke.DirectMethodHandle$Holder.invokeStatic(java.lang.Object, java.lang.Object)'> (0x000000071e8618f8) 
thrown [e:\jenkins\tmp\workspace\build\src\src\hotspot\share\interpreter\linkResolver.cpp, line 766]
Event: 0.696 Thread 0x000002246f012460 Exception <a 'java/lang/NoSuchMethodError'{0x000000071e8650f8}: 'void java.lang.invoke.DirectMethodHandle$Holder.invokeStaticInit(java.lang.Object, java.lang.Object)'> (0x000000071e8650f8) 
thrown [e:\jenkins\tmp\workspace\build\src\src\hotspot\share\interpreter\linkResolver.cpp, line 766]
Event: 1.825 Thread 0x000002246f012460 Exception <a 'java/lang/NoSuchMethodError'{0x0000000714bd2d40}: 'long java.lang.invoke.DirectMethodHandle$Holder.invokeStatic(java.lang.Object, java.lang.Object)'> (0x0000000714bd2d40) 
thrown [e:\jenkins\tmp\workspace\build\src\src\hotspot\share\interpreter\linkResolver.cpp, line 766]
Event: 1.924 Thread 0x000002246f012460 Exception <a 'java/lang/NoSuchMethodError'{0x0000000714999df8}: 'void java.lang.invoke.DirectMethodHandle$Holder.invokeStatic(java.lang.Object, java.lang.Object, java.lang.Object, java.lang.Object)'> (0x0000000714999df8) 
thrown [e:\jenkins\tmp\workspace\build\src\src\hotspot\share\interpreter\linkResolver.cpp, line 766]

VM Operations (20 events):
Event: 0.801 Executing VM operation: HandshakeAllThreads
Event: 0.801 Executing VM operation: HandshakeAllThreads done
Event: 0.850 Executing VM operation: ICBufferFull
Event: 0.850 Executing VM operation: ICBufferFull done
Event: 1.809 Executing VM operation: ICBufferFull
Event: 1.809 Executing VM operation: ICBufferFull done
Event: 1.836 Executing VM operation: HandshakeAllThreads
Event: 1.836 Executing VM operation: HandshakeAllThreads done
Event: 1.836 Executing VM operation: HandshakeAllThreads
Event: 1.836 Executing VM operation: HandshakeAllThreads done
Event: 1.922 Executing VM operation: HandshakeAllThreads
Event: 1.922 Executing VM operation: HandshakeAllThreads done
Event: 1.930 Executing VM operation: HandshakeAllThreads
Event: 1.930 Executing VM operation: HandshakeAllThreads done
Event: 1.930 Executing VM operation: HandshakeAllThreads
Event: 1.930 Executing VM operation: HandshakeAllThreads done
Event: 1.937 Executing VM operation: HandshakeAllThreads
Event: 1.937 Executing VM operation: HandshakeAllThreads done
Event: 1.958 Executing VM operation: HandshakeAllThreads
Event: 1.958 Executing VM operation: HandshakeAllThreads done

Events (20 events):
Event: 1.837 loading class java/util/AbstractList$RandomAccessSpliterator
Event: 1.837 loading class java/util/AbstractList$RandomAccessSpliterator done
Event: 1.838 Thread 0x0000022412b60e80 Thread added: 0x0000022412b60e80
Event: 1.838 loading class java/util/HashMap$ValueIterator
Event: 1.838 loading class java/util/HashMap$ValueIterator done
Event: 1.846 Thread 0x0000022412b61390 Thread added: 0x0000022412b61390
Event: 1.923 loading class java/util/LinkedHashMap$LinkedKeyIterator
Event: 1.923 loading class java/util/LinkedHashMap$LinkedKeyIterator done
Event: 1.925 loading class java/util/ComparableTimSort
Event: 1.925 loading class java/util/ComparableTimSort done
Event: 1.966 loading class java/util/DualPivotQuicksort
Event: 1.967 loading class java/util/DualPivotQuicksort done
Event: 2.002 loading class java/util/DualPivotQuicksort$Sorter
Event: 2.002 loading class java/util/concurrent/CountedCompleter
Event: 2.002 loading class java/util/concurrent/ForkJoinTask
Event: 2.003 loading class java/util/concurrent/Future
Event: 2.003 loading class java/util/concurrent/Future done
Event: 2.006 loading class java/util/concurrent/ForkJoinTask done
Event: 2.006 loading class java/util/concurrent/CountedCompleter done
Event: 2.006 loading class java/util/DualPivotQuicksort$Sorter done


Dynamic libraries:
0x00007ff60d9e0000 - 0x00007ff60d9ee000 	C:\Users\Sot\.p2\pool\plugins\org.eclipse.justj.openjdk.hotspot.jre.full.win32.x86_64_17.0.2.v20220201-1208\jre\bin\javaw.exe
0x00007ffa71d00000 - 0x00007ffa71f09000 	C:\WINDOWS\SYSTEM32\ntdll.dll
0x00007ffa70bb0000 - 0x00007ffa70c6d000 	C:\WINDOWS\System32\KERNEL32.DLL
0x00007ffa6f4e0000 - 0x00007ffa6f854000 	C:\WINDOWS\System32\KERNELBASE.dll
0x00007ffa6fa80000 - 0x00007ffa6fb91000 	C:\WINDOWS\System32\ucrtbase.dll
0x00007ffa5d4a0000 - 0x00007ffa5d4b8000 	C:\Users\Sot\.p2\pool\plugins\org.eclipse.justj.openjdk.hotspot.jre.full.win32.x86_64_17.0.2.v20220201-1208\jre\bin\jli.dll
0x00007ffa60bf0000 - 0x00007ffa60c09000 	C:\Users\Sot\.p2\pool\plugins\org.eclipse.justj.openjdk.hotspot.jre.full.win32.x86_64_17.0.2.v20220201-1208\jre\bin\VCRUNTIME140.dll
0x00007ffa71a00000 - 0x00007ffa71bac000 	C:\WINDOWS\System32\USER32.dll
0x00007ffa54130000 - 0x00007ffa543d5000 	C:\WINDOWS\WinSxS\amd64_microsoft.windows.common-controls_6595b64144ccf1df_6.0.22000.120_none_9d947278b86cc467\COMCTL32.dll
0x00007ffa6fa50000 - 0x00007ffa6fa76000 	C:\WINDOWS\System32\win32u.dll
0x00007ffa70040000 - 0x00007ffa70069000 	C:\WINDOWS\System32\GDI32.dll
0x00007ffa6ff90000 - 0x00007ffa70033000 	C:\WINDOWS\System32\msvcrt.dll
0x00007ffa6f1f0000 - 0x00007ffa6f302000 	C:\WINDOWS\System32\gdi32full.dll
0x00007ffa6f440000 - 0x00007ffa6f4dd000 	C:\WINDOWS\System32\msvcp_win.dll
0x00007ffa70310000 - 0x00007ffa70341000 	C:\WINDOWS\System32\IMM32.DLL
0x00007ffa59ac0000 - 0x00007ffa59acc000 	C:\Users\Sot\.p2\pool\plugins\org.eclipse.justj.openjdk.hotspot.jre.full.win32.x86_64_17.0.2.v20220201-1208\jre\bin\vcruntime140_1.dll
0x00007ffa48ec0000 - 0x00007ffa48f51000 	C:\Users\Sot\.p2\pool\plugins\org.eclipse.justj.openjdk.hotspot.jre.full.win32.x86_64_17.0.2.v20220201-1208\jre\bin\msvcp140.dll
0x00007ffa110a0000 - 0x00007ffa11ce7000 	C:\Users\Sot\.p2\pool\plugins\org.eclipse.justj.openjdk.hotspot.jre.full.win32.x86_64_17.0.2.v20220201-1208\jre\bin\server\jvm.dll
0x00007ffa71950000 - 0x00007ffa719fe000 	C:\WINDOWS\System32\ADVAPI32.dll
0x00007ffa70360000 - 0x00007ffa703fe000 	C:\WINDOWS\System32\sechost.dll
0x00007ffa71140000 - 0x00007ffa71260000 	C:\WINDOWS\System32\RPCRT4.dll
0x00007ffa70070000 - 0x00007ffa70078000 	C:\WINDOWS\System32\PSAPI.DLL
0x00007ffa69810000 - 0x00007ffa69843000 	C:\WINDOWS\SYSTEM32\WINMM.dll
0x00007ffa53f20000 - 0x00007ffa53f29000 	C:\WINDOWS\SYSTEM32\WSOCK32.dll
0x00007ffa677f0000 - 0x00007ffa677fa000 	C:\WINDOWS\SYSTEM32\VERSION.dll
0x00007ffa6fba0000 - 0x00007ffa6fc0f000 	C:\WINDOWS\System32\WS2_32.dll
0x00007ffa6e2b0000 - 0x00007ffa6e2c8000 	C:\WINDOWS\SYSTEM32\kernel.appcore.dll
0x00007ffa536a0000 - 0x00007ffa536aa000 	C:\Users\Sot\.p2\pool\plugins\org.eclipse.justj.openjdk.hotspot.jre.full.win32.x86_64_17.0.2.v20220201-1208\jre\bin\jimage.dll
0x00007ffa6cc40000 - 0x00007ffa6ce61000 	C:\WINDOWS\SYSTEM32\DBGHELP.DLL
0x00007ffa544a0000 - 0x00007ffa544d1000 	C:\WINDOWS\SYSTEM32\dbgcore.DLL
0x00007ffa6f860000 - 0x00007ffa6f8df000 	C:\WINDOWS\System32\bcryptPrimitives.dll
0x00007ffa36b90000 - 0x00007ffa36bb5000 	C:\Users\Sot\.p2\pool\plugins\org.eclipse.justj.openjdk.hotspot.jre.full.win32.x86_64_17.0.2.v20220201-1208\jre\bin\java.dll
0x00007ffa3d670000 - 0x00007ffa3d688000 	C:\Users\Sot\.p2\pool\plugins\org.eclipse.justj.openjdk.hotspot.jre.full.win32.x86_64_17.0.2.v20220201-1208\jre\bin\zip.dll
0x00007ffa70400000 - 0x00007ffa70bae000 	C:\WINDOWS\System32\SHELL32.dll
0x00007ffa6d320000 - 0x00007ffa6db88000 	C:\WINDOWS\SYSTEM32\windows.storage.dll
0x00007ffa6fc10000 - 0x00007ffa6ff88000 	C:\WINDOWS\System32\combase.dll
0x00007ffa6d1b0000 - 0x00007ffa6d316000 	C:\WINDOWS\SYSTEM32\wintypes.dll
0x00007ffa71050000 - 0x00007ffa7113a000 	C:\WINDOWS\System32\SHCORE.dll
0x00007ffa700f0000 - 0x00007ffa7014d000 	C:\WINDOWS\System32\shlwapi.dll
0x00007ffa6f120000 - 0x00007ffa6f141000 	C:\WINDOWS\SYSTEM32\profapi.dll
0x00007ffa34490000 - 0x00007ffa344a9000 	C:\Users\Sot\.p2\pool\plugins\org.eclipse.justj.openjdk.hotspot.jre.full.win32.x86_64_17.0.2.v20220201-1208\jre\bin\net.dll
0x00007ffa69b40000 - 0x00007ffa69c4c000 	C:\WINDOWS\SYSTEM32\WINHTTP.dll
0x00007ffa6e6d0000 - 0x00007ffa6e737000 	C:\WINDOWS\system32\mswsock.dll
0x00007ffa34470000 - 0x00007ffa34485000 	C:\Users\Sot\.p2\pool\plugins\org.eclipse.justj.openjdk.hotspot.jre.full.win32.x86_64_17.0.2.v20220201-1208\jre\bin\nio.dll
0x00007ffa54b00000 - 0x00007ffa54b09000 	C:\Users\Sot\.p2\pool\plugins\org.eclipse.justj.openjdk.hotspot.jre.full.win32.x86_64_17.0.2.v20220201-1208\jre\bin\management.dll
0x00007ffa54030000 - 0x00007ffa5403b000 	C:\Users\Sot\.p2\pool\plugins\org.eclipse.justj.openjdk.hotspot.jre.full.win32.x86_64_17.0.2.v20220201-1208\jre\bin\management_ext.dll

dbghelp: loaded successfully - version: 4.0.5 - missing functions: none
symbol engine: initialized successfully - sym options: 0x614 - pdb path: .;C:\Users\Sot\.p2\pool\plugins\org.eclipse.justj.openjdk.hotspot.jre.full.win32.x86_64_17.0.2.v20220201-1208\jre\bin;C:\WINDOWS\SYSTEM32;C:\WINDOWS\WinSxS\amd64_microsoft.windows.common-controls_6595b64144ccf1df_6.0.22000.120_none_9d947278b86cc467;C:\Users\Sot\.p2\pool\plugins\org.eclipse.justj.openjdk.hotspot.jre.full.win32.x86_64_17.0.2.v20220201-1208\jre\bin\server

VM Arguments:
jvm_args: -Dfile.encoding=Cp1253 -XX:+ShowCodeDetailsInExceptionMessages 
java_command: Frame1
java_class_path (initial): C:\Users\Sot\Desktop\anaktisiWork\anaktisi\bin;C:\lucene-8.11.1\core\lucene-core-8.11.1.jar;C:\lucene-8.11.1\queryparser\lucene-queryparser-8.11.1.jar;C:\lucene-8.11.1\queryparser\org.eclipse.swt.win32.win32.x86_64-3.119.0.jar
Launcher Type: SUN_STANDARD

[Global flags]
     intx CICompilerCount                          = 4                                         {product} {ergonomic}
     uint ConcGCThreads                            = 3                                         {product} {ergonomic}
     uint G1ConcRefinementThreads                  = 10                                        {product} {ergonomic}
   size_t G1HeapRegionSize                         = 2097152                                   {product} {ergonomic}
    uintx GCDrainStackTargetSize                   = 64                                        {product} {ergonomic}
   size_t InitialHeapSize                          = 268435456                                 {product} {ergonomic}
   size_t MarkStackSize                            = 4194304                                   {product} {ergonomic}
   size_t MaxHeapSize                              = 4284481536                                {product} {ergonomic}
   size_t MaxNewSize                               = 2569011200                                {product} {ergonomic}
   size_t MinHeapDeltaBytes                        = 2097152                                   {product} {ergonomic}
   size_t MinHeapSize                              = 8388608                                   {product} {ergonomic}
    uintx NonNMethodCodeHeapSize                   = 5839372                                {pd product} {ergonomic}
    uintx NonProfiledCodeHeapSize                  = 122909434                              {pd product} {ergonomic}
    uintx ProfiledCodeHeapSize                     = 122909434                              {pd product} {ergonomic}
    uintx ReservedCodeCacheSize                    = 251658240                              {pd product} {ergonomic}
     bool SegmentedCodeCache                       = true                                      {product} {ergonomic}
     bool ShowCodeDetailsInExceptionMessages       = true                                   {manageable} {command line}
   size_t SoftMaxHeapSize                          = 4284481536                             {manageable} {ergonomic}
     bool UseCompressedClassPointers               = true                           {product lp64_product} {ergonomic}
     bool UseCompressedOops                        = true                           {product lp64_product} {ergonomic}
     bool UseG1GC                                  = true                                      {product} {ergonomic}
     bool UseLargePagesIndividualAllocation        = false                                  {pd product} {ergonomic}

Logging:
Log output configuration:
 #0: stdout all=warning uptime,level,tags
 #1: stderr all=off uptime,level,tags

Environment Variables:
PATH=C:/Users/Sot/.p2/pool/plugins/org.eclipse.justj.openjdk.hotspot.jre.full.win32.x86_64_17.0.2.v20220201-1208/jre/bin/server;C:/Users/Sot/.p2/pool/plugins/org.eclipse.justj.openjdk.hotspot.jre.full.win32.x86_64_17.0.2.v20220201-1208/jre/bin;C:\ActiveTcl\bin;C:\Python27\Lib\site-packages\PyQt4;C:\Program Files (x86)\Intel\iCLS Client\;C:\Program Files\Intel\iCLS Client\;C:\Windows\system32;C:\Windows;C:\Windows\System32\Wbem;C:\Windows\System32\WindowsPowerShell\v1.0\;C:\Windows\System32\OpenSSH\;C:\Program Files (x86)\NVIDIA Corporation\PhysX\Common;C:\Program Files (x86)\Intel\Intel(R) Management Engine Components\DAL;C:\Program Files\Intel\Intel(R) Management Engine Components\DAL;C:\Program Files (x86)\Intel\Intel(R) Management Engine Components\IPT;C:\Program Files\Intel\Intel(R) Management Engine Components\IPT;C:\Program Files\PuTTY\;C:\Program Files\Git\cmd;C:\Program Files\Gource\cmd;C:\Program Files\NVIDIA Corporation\NVIDIA NvDLISR;C:\WINDOWS\system32;C:\WINDOWS;C:\WINDOWS\System32\Wbem;C:\WINDOWS\System32\WindowsPowerShell\v1.0\;C:\WINDOWS\System32\OpenSSH\;C:\altera\13.0sp1\quartus\bin;C:\Program Files (x86)\QuickTime\QTSystem\;C:\Users\Sot\.win;C:\Users\Sot\AppData\Roaming\nvm;C:\Program Files\nodejs;C:\Program Files (x86)\Gpg4win\..\GnuPG\bin;C:\Program Files\dotnet\;C:\sqlite;C:\WINDOWS\system32;C:\WINDOWS;C:\WINDOWS\System32\Wbem;C:\WINDOWS\System32\WindowsPowerShell\v1.0\;C:\WINDOWS\System32\OpenSSH\;C:\Program Files\Java\jre1.8.0_321\bin\;C:\Program Files\MySQL\MySQL Shell 8.0\bin\;C:\Users\Sot\.windows-build-tools\python27\;C:\Users\Sot\AppData\Local\Microsoft\WindowsApps;C:\Program Files\Java\jdk-11.0.2\bin;C:\Users\Sot\.dotnet\tools;C:\Users\Sot\AppData\Local\Programs\Microsoft VS Code\bin;C:\Program Files\heroku\bin;C:\Users\Sot\AppData\Local\Microsoft\WindowsApps;C:\Users\Sot\AppData\Roaming\npm;C:\Users\Sot\AppData\Roaming\nvm;C:\Program Files\nodejs;C:\Users\Sot\.dotnet\tools;;C:\WINDOWS\System32;
USERNAME=Sot
OS=Windows_NT
PROCESSOR_IDENTIFIER=Intel64 Family 6 Model 158 Stepping 10, GenuineIntel



---------------  S Y S T E M  ---------------

OS:
 Windows 11 , 64 bit Build 22000 (10.0.22000.434)
OS uptime: 8 days 1:13 hours
Hyper-V role detected

CPU: total 12 (initial active 12) (6 cores per cpu, 2 threads per core) family 6 model 158 stepping 10 microcode 0xde, cx8, cmov, fxsr, ht, mmx, 3dnowpref, sse, sse2, sse3, ssse3, sse4.1, sse4.2, popcnt, lzcnt, tsc, tscinvbit, avx, avx2, aes, erms, clmul, bmi1, bmi2, rtm, adx, fma, vzeroupper, clflush, clflushopt, hv

Memory: 4k page, system-wide physical 16341M (4449M free)
TotalPageFile size 65493M (AvailPageFile size 5M)
current process WorkingSet (physical memory assigned to process): 473M, peak: 473M
current process commit charge ("private bytes"): 651M, peak: 652M

vm_info: OpenJDK 64-Bit Server VM (17.0.2+8) for windows-amd64 JRE (17.0.2+8), built on Jan 20 2022 04:52:34 by "" with MS VC++ 16.7 (VS2019)

END.
