#
# There is insufficient memory for the Java Runtime Environment to continue.
# Native memory allocation (mmap) failed to map 257949696 bytes for G1 virtual space
# Possible reasons:
#   The system is out of physical RAM or swap space
#   The process is running with CompressedOops enabled, and the Java Heap may be blocking the growth of the native heap
# Possible solutions:
#   Reduce memory load on the system
#   Increase physical memory or swap space
#   Check if swap backing store is full
#   Decrease Java heap size (-Xmx/-Xms)
#   Decrease number of Java threads
#   Decrease Java thread stack sizes (-Xss)
#   Set larger code cache with -XX:ReservedCodeCacheSize=
#   JVM is running with Zero Based Compressed Oops mode in which the Java heap is
#     placed in the first 32GB address space. The Java Heap base address is the
#     maximum limit for the native heap growth. Please use -XX:HeapBaseMinAddress
#     to set the Java Heap base and to place the Java Heap above 32GB virtual address.
# This output file may be truncated or incomplete.
#
#  Out of Memory Error (os_windows.cpp:3532), pid=78244, tid=78676
#
# JRE version: OpenJDK Runtime Environment Temurin-17.0.2+8 (17.0.2+8) (build 17.0.2+8)
# Java VM: OpenJDK 64-Bit Server VM Temurin-17.0.2+8 (17.0.2+8, mixed mode, tiered, compressed oops, compressed class ptrs, g1 gc, windows-amd64)
# No core dump will be written. Minidumps are not enabled by default on client versions of Windows
#

---------------  S U M M A R Y ------------

Command Line: -Dfile.encoding=Cp1253 -XX:+ShowCodeDetailsInExceptionMessages Frame1

Host: Intel(R) Core(TM) i7-8700K CPU @ 3.70GHz, 12 cores, 15G,  Windows 11 , 64 bit Build 22000 (10.0.22000.434)
Time: Wed Apr 13 22:21:07 2022  Windows 11 , 64 bit Build 22000 (10.0.22000.434) elapsed time: 0.502764 seconds (0d 0h 0m 0s)

---------------  T H R E A D  ---------------

Current thread (0x000001e5233c8c50):  VMThread "VM Thread" [stack: 0x0000008b29300000,0x0000008b29400000] [id=78676]

Stack: [0x0000008b29300000,0x0000008b29400000]
Native frames: (J=compiled Java code, j=interpreted, Vv=VM code, C=native code)
V  [jvm.dll+0x67564a]
V  [jvm.dll+0x82fc04]
V  [jvm.dll+0x8313ae]
V  [jvm.dll+0x831a13]
V  [jvm.dll+0x245235]
V  [jvm.dll+0x672539]
V  [jvm.dll+0x666e82]
V  [jvm.dll+0x30401b]
V  [jvm.dll+0x30b566]
V  [jvm.dll+0x35b1fe]
V  [jvm.dll+0x35b42f]
V  [jvm.dll+0x2daf58]
V  [jvm.dll+0x2d920c]
V  [jvm.dll+0x2d87dc]
V  [jvm.dll+0x31c61b]
V  [jvm.dll+0x835ebb]
V  [jvm.dll+0x836bf4]
V  [jvm.dll+0x83710c]
V  [jvm.dll+0x8374e4]
V  [jvm.dll+0x8375b0]
V  [jvm.dll+0x7dff2a]
V  [jvm.dll+0x6744d5]
C  [ucrtbase.dll+0x26c0c]
C  [KERNEL32.DLL+0x154e0]
C  [ntdll.dll+0x485b]

VM_Operation (0x0000008b28dfe8f0): G1CollectForAllocation, mode: safepoint, requested by thread 0x000001e504363100


---------------  P R O C E S S  ---------------

Threads class SMR info:
_java_thread_list=0x000001e5243b9330, length=14, elements={
0x000001e504363100, 0x000001e523c24ea0, 0x000001e523c25b20, 0x000001e523cba430,
0x000001e523cbacf0, 0x000001e523cbb5b0, 0x000001e523cbbe70, 0x000001e523cbd850,
0x000001e523c92070, 0x000001e523c95160, 0x000001e523e0d340, 0x000001e523e21010,
0x000001e523ff99c0, 0x000001e523fef080
}

Java Threads: ( => current thread )
  0x000001e504363100 JavaThread "main" [_thread_blocked, id=77876, stack(0x0000008b28d00000,0x0000008b28e00000)]
  0x000001e523c24ea0 JavaThread "Reference Handler" daemon [_thread_blocked, id=78240, stack(0x0000008b29400000,0x0000008b29500000)]
  0x000001e523c25b20 JavaThread "Finalizer" daemon [_thread_blocked, id=73144, stack(0x0000008b29500000,0x0000008b29600000)]
  0x000001e523cba430 JavaThread "Signal Dispatcher" daemon [_thread_blocked, id=78620, stack(0x0000008b29600000,0x0000008b29700000)]
  0x000001e523cbacf0 JavaThread "Attach Listener" daemon [_thread_blocked, id=38420, stack(0x0000008b29700000,0x0000008b29800000)]
  0x000001e523cbb5b0 JavaThread "Service Thread" daemon [_thread_blocked, id=74060, stack(0x0000008b29800000,0x0000008b29900000)]
  0x000001e523cbbe70 JavaThread "Monitor Deflation Thread" daemon [_thread_blocked, id=70524, stack(0x0000008b29900000,0x0000008b29a00000)]
  0x000001e523cbd850 JavaThread "C2 CompilerThread0" daemon [_thread_blocked, id=76348, stack(0x0000008b29a00000,0x0000008b29b00000)]
  0x000001e523c92070 JavaThread "C1 CompilerThread0" daemon [_thread_blocked, id=65660, stack(0x0000008b29b00000,0x0000008b29c00000)]
  0x000001e523c95160 JavaThread "Sweeper thread" daemon [_thread_blocked, id=74088, stack(0x0000008b29c00000,0x0000008b29d00000)]
  0x000001e523e0d340 JavaThread "Notification Thread" daemon [_thread_blocked, id=78336, stack(0x0000008b29d00000,0x0000008b29e00000)]
  0x000001e523e21010 JavaThread "Common-Cleaner" daemon [_thread_blocked, id=77036, stack(0x0000008b29f00000,0x0000008b2a000000)]
  0x000001e523ff99c0 JavaThread "C2 CompilerThread1" daemon [_thread_blocked, id=75628, stack(0x0000008b2a000000,0x0000008b2a100000)]
  0x000001e523fef080 JavaThread "C2 CompilerThread2" daemon [_thread_blocked, id=70428, stack(0x0000008b2a100000,0x0000008b2a200000)]

Other Threads:
=>0x000001e5233c8c50 VMThread "VM Thread" [stack: 0x0000008b29300000,0x0000008b29400000] [id=78676]
  0x000001e523d6ac40 WatcherThread [stack: 0x0000008b29e00000,0x0000008b29f00000] [id=75232]
  0x000001e5043b2670 GCTaskThread "GC Thread#0" [stack: 0x0000008b28e00000,0x0000008b28f00000] [id=65728]
  0x000001e52437f370 GCTaskThread "GC Thread#1" [stack: 0x0000008b2a200000,0x0000008b2a300000] [id=70952]
  0x000001e52437f620 GCTaskThread "GC Thread#2" [stack: 0x0000008b2a300000,0x0000008b2a400000] [id=78044]
  0x000001e52437f8d0 GCTaskThread "GC Thread#3" [stack: 0x0000008b2a400000,0x0000008b2a500000] [id=22056]
  0x000001e52437fb80 GCTaskThread "GC Thread#4" [stack: 0x0000008b2a500000,0x0000008b2a600000] [id=59912]
  0x000001e5245658b0 GCTaskThread "GC Thread#5" [stack: 0x0000008b2a600000,0x0000008b2a700000] [id=78592]
  0x000001e5043c3ca0 ConcurrentGCThread "G1 Main Marker" [stack: 0x0000008b28f00000,0x0000008b29000000] [id=78752]
  0x000001e5043c46b0 ConcurrentGCThread "G1 Conc#0" [stack: 0x0000008b29000000,0x0000008b29100000] [id=78424]
  0x000001e50443dce0 ConcurrentGCThread "G1 Refine#0" [stack: 0x0000008b29100000,0x0000008b29200000] [id=78660]
  0x000001e50443e700 ConcurrentGCThread "G1 Service" [stack: 0x0000008b29200000,0x0000008b29300000] [id=51396]

Threads with active compile tasks:
C2 CompilerThread0      536  655       4       model.Movie::<init> (84 bytes)
C2 CompilerThread1      536  670       4       java.lang.AbstractStringBuilder::append (54 bytes)
C2 CompilerThread2      536  635       4       java.util.regex.Matcher::replaceAll (59 bytes)

VM state: at safepoint (normal execution)

VM Mutex/Monitor currently owned by a thread:  ([mutex/lock_event])
[0x000001e50435ecd0] Threads_lock - owner thread: 0x000001e5233c8c50
[0x000001e50435efa0] Heap_lock - owner thread: 0x000001e504363100

Heap address: 0x0000000700a00000, size: 4086 MB, Compressed Oops mode: Zero based, Oop shift amount: 3

CDS archive(s) not mapped
Compressed class space mapped at: 0x0000000800000000-0x0000000840000000, reserved size: 1073741824
Narrow klass base: 0x0000000800000000, Narrow klass shift: 0, Narrow klass range: 0x40000000

GC Precious Log:
 CPUs: 12 total, 12 available
 Memory: 16341M
 Large Page Support: Disabled
 NUMA Support: Disabled
 Compressed Oops: Enabled (Zero based)
 Heap Region Size: 2M
 Heap Min Capacity: 8M
 Heap Initial Capacity: 256M
 Heap Max Capacity: 4086M
 Pre-touch: Disabled
 Parallel Workers: 10
 Concurrent Workers: 3
 Concurrent Refinement Workers: 10
 Periodic GC: Disabled

Heap:
 garbage-first heap   total 262144K, used 45922K [0x0000000700a00000, 0x0000000800000000)
  region size 2048K, 4 young (8192K), 4 survivors (8192K)
 Metaspace       used 9354K, committed 9472K, reserved 1064960K
  class space    used 851K, committed 896K, reserved 1048576K

Heap Regions: E=young(eden), S=young(survivor), O=old, HS=humongous(starts), HC=humongous(continues), CS=collection set, F=free, OA=open archive, CA=closed archive, TAMS=top-at-mark-start (previous, next)
|   0|0x0000000700a00000, 0x0000000700c00000, 0x0000000700c00000|100%| O|  |TAMS 0x0000000700a00000, 0x0000000700a00000| Untracked 
|   1|0x0000000700c00000, 0x0000000700e00000, 0x0000000700e00000|100%| O|  |TAMS 0x0000000700c00000, 0x0000000700c00000| Untracked 
|   2|0x0000000700e00000, 0x0000000701000000, 0x0000000701000000|100%| O|  |TAMS 0x0000000700e00000, 0x0000000700e00000| Untracked 
|   3|0x0000000701000000, 0x0000000701200000, 0x0000000701200000|100%| O|  |TAMS 0x0000000701000000, 0x0000000701000000| Untracked 
|   4|0x0000000701200000, 0x0000000701400000, 0x0000000701400000|100%| O|  |TAMS 0x0000000701200000, 0x0000000701200000| Untracked 
|   5|0x0000000701400000, 0x0000000701600000, 0x0000000701600000|100%| O|  |TAMS 0x0000000701400000, 0x0000000701400000| Untracked 
|   6|0x0000000701600000, 0x0000000701800000, 0x0000000701800000|100%| O|  |TAMS 0x0000000701600000, 0x0000000701600000| Untracked 
|   7|0x0000000701800000, 0x0000000701a00000, 0x0000000701a00000|100%| O|  |TAMS 0x0000000701800000, 0x0000000701800000| Untracked 
|   8|0x0000000701a00000, 0x0000000701c00000, 0x0000000701c00000|100%| O|  |TAMS 0x0000000701a00000, 0x0000000701a00000| Untracked 
|   9|0x0000000701c00000, 0x0000000701e00000, 0x0000000701e00000|100%| O|  |TAMS 0x0000000701c00000, 0x0000000701c00000| Untracked 
|  10|0x0000000701e00000, 0x0000000702000000, 0x0000000702000000|100%| O|  |TAMS 0x0000000701e00000, 0x0000000701e00000| Untracked 
|  11|0x0000000702000000, 0x0000000702200000, 0x0000000702200000|100%| O|  |TAMS 0x0000000702000000, 0x0000000702000000| Untracked 
|  12|0x0000000702200000, 0x0000000702400000, 0x0000000702400000|100%| O|  |TAMS 0x0000000702200000, 0x0000000702200000| Untracked 
|  13|0x0000000702400000, 0x0000000702600000, 0x0000000702600000|100%| O|  |TAMS 0x0000000702400000, 0x0000000702400000| Untracked 
|  14|0x0000000702600000, 0x0000000702800000, 0x0000000702800000|100%| O|  |TAMS 0x0000000702600000, 0x0000000702600000| Untracked 
|  15|0x0000000702800000, 0x0000000702a00000, 0x0000000702a00000|100%| O|  |TAMS 0x0000000702800000, 0x0000000702800000| Untracked 
|  16|0x0000000702a00000, 0x0000000702c00000, 0x0000000702c00000|100%| O|  |TAMS 0x0000000702a00000, 0x0000000702a00000| Untracked 
|  17|0x0000000702c00000, 0x0000000702e00000, 0x0000000702e00000|100%| O|  |TAMS 0x0000000702c00000, 0x0000000702c00000| Untracked 
|  18|0x0000000702e00000, 0x0000000702f69e00, 0x0000000703000000| 70%| O|  |TAMS 0x0000000702e00000, 0x0000000702e00000| Untracked 
|  19|0x0000000703000000, 0x0000000703000000, 0x0000000703200000|  0%| F|  |TAMS 0x0000000703000000, 0x0000000703000000| Untracked 
|  20|0x0000000703200000, 0x0000000703200000, 0x0000000703400000|  0%| F|  |TAMS 0x0000000703200000, 0x0000000703200000| Untracked 
|  21|0x0000000703400000, 0x0000000703400000, 0x0000000703600000|  0%| F|  |TAMS 0x0000000703400000, 0x0000000703400000| Untracked 
|  22|0x0000000703600000, 0x0000000703600000, 0x0000000703800000|  0%| F|  |TAMS 0x0000000703600000, 0x0000000703600000| Untracked 
|  23|0x0000000703800000, 0x0000000703800000, 0x0000000703a00000|  0%| F|  |TAMS 0x0000000703800000, 0x0000000703800000| Untracked 
|  24|0x0000000703a00000, 0x0000000703a00000, 0x0000000703c00000|  0%| F|  |TAMS 0x0000000703a00000, 0x0000000703a00000| Untracked 
|  25|0x0000000703c00000, 0x0000000703c00000, 0x0000000703e00000|  0%| F|  |TAMS 0x0000000703c00000, 0x0000000703c00000| Untracked 
|  26|0x0000000703e00000, 0x0000000703e00000, 0x0000000704000000|  0%| F|  |TAMS 0x0000000703e00000, 0x0000000703e00000| Untracked 
|  27|0x0000000704000000, 0x0000000704000000, 0x0000000704200000|  0%| F|  |TAMS 0x0000000704000000, 0x0000000704000000| Untracked 
|  28|0x0000000704200000, 0x0000000704200000, 0x0000000704400000|  0%| F|  |TAMS 0x0000000704200000, 0x0000000704200000| Untracked 
|  29|0x0000000704400000, 0x0000000704400000, 0x0000000704600000|  0%| F|  |TAMS 0x0000000704400000, 0x0000000704400000| Untracked 
|  30|0x0000000704600000, 0x0000000704600000, 0x0000000704800000|  0%| F|  |TAMS 0x0000000704600000, 0x0000000704600000| Untracked 
|  31|0x0000000704800000, 0x0000000704800000, 0x0000000704a00000|  0%| F|  |TAMS 0x0000000704800000, 0x0000000704800000| Untracked 
|  32|0x0000000704a00000, 0x0000000704a00000, 0x0000000704c00000|  0%| F|  |TAMS 0x0000000704a00000, 0x0000000704a00000| Untracked 
|  33|0x0000000704c00000, 0x0000000704c00000, 0x0000000704e00000|  0%| F|  |TAMS 0x0000000704c00000, 0x0000000704c00000| Untracked 
|  34|0x0000000704e00000, 0x0000000704e00000, 0x0000000705000000|  0%| F|  |TAMS 0x0000000704e00000, 0x0000000704e00000| Untracked 
|  35|0x0000000705000000, 0x0000000705000000, 0x0000000705200000|  0%| F|  |TAMS 0x0000000705000000, 0x0000000705000000| Untracked 
|  36|0x0000000705200000, 0x0000000705200000, 0x0000000705400000|  0%| F|  |TAMS 0x0000000705200000, 0x0000000705200000| Untracked 
|  37|0x0000000705400000, 0x0000000705400000, 0x0000000705600000|  0%| F|  |TAMS 0x0000000705400000, 0x0000000705400000| Untracked 
|  38|0x0000000705600000, 0x0000000705600000, 0x0000000705800000|  0%| F|  |TAMS 0x0000000705600000, 0x0000000705600000| Untracked 
|  39|0x0000000705800000, 0x0000000705800000, 0x0000000705a00000|  0%| F|  |TAMS 0x0000000705800000, 0x0000000705800000| Untracked 
|  40|0x0000000705a00000, 0x0000000705a00000, 0x0000000705c00000|  0%| F|  |TAMS 0x0000000705a00000, 0x0000000705a00000| Untracked 
|  41|0x0000000705c00000, 0x0000000705c00000, 0x0000000705e00000|  0%| F|  |TAMS 0x0000000705c00000, 0x0000000705c00000| Untracked 
|  42|0x0000000705e00000, 0x0000000705e00000, 0x0000000706000000|  0%| F|  |TAMS 0x0000000705e00000, 0x0000000705e00000| Untracked 
|  43|0x0000000706000000, 0x0000000706000000, 0x0000000706200000|  0%| F|  |TAMS 0x0000000706000000, 0x0000000706000000| Untracked 
|  44|0x0000000706200000, 0x0000000706200000, 0x0000000706400000|  0%| F|  |TAMS 0x0000000706200000, 0x0000000706200000| Untracked 
|  45|0x0000000706400000, 0x0000000706400000, 0x0000000706600000|  0%| F|  |TAMS 0x0000000706400000, 0x0000000706400000| Untracked 
|  46|0x0000000706600000, 0x0000000706600000, 0x0000000706800000|  0%| F|  |TAMS 0x0000000706600000, 0x0000000706600000| Untracked 
|  47|0x0000000706800000, 0x0000000706800000, 0x0000000706a00000|  0%| F|  |TAMS 0x0000000706800000, 0x0000000706800000| Untracked 
|  48|0x0000000706a00000, 0x0000000706a00000, 0x0000000706c00000|  0%| F|  |TAMS 0x0000000706a00000, 0x0000000706a00000| Untracked 
|  49|0x0000000706c00000, 0x0000000706c00000, 0x0000000706e00000|  0%| F|  |TAMS 0x0000000706c00000, 0x0000000706c00000| Untracked 
|  50|0x0000000706e00000, 0x0000000706e00000, 0x0000000707000000|  0%| F|  |TAMS 0x0000000706e00000, 0x0000000706e00000| Untracked 
|  51|0x0000000707000000, 0x0000000707000000, 0x0000000707200000|  0%| F|  |TAMS 0x0000000707000000, 0x0000000707000000| Untracked 
|  52|0x0000000707200000, 0x0000000707200000, 0x0000000707400000|  0%| F|  |TAMS 0x0000000707200000, 0x0000000707200000| Untracked 
|  53|0x0000000707400000, 0x0000000707400000, 0x0000000707600000|  0%| F|  |TAMS 0x0000000707400000, 0x0000000707400000| Untracked 
|  54|0x0000000707600000, 0x0000000707600000, 0x0000000707800000|  0%| F|  |TAMS 0x0000000707600000, 0x0000000707600000| Untracked 
|  55|0x0000000707800000, 0x0000000707800000, 0x0000000707a00000|  0%| F|  |TAMS 0x0000000707800000, 0x0000000707800000| Untracked 
|  56|0x0000000707a00000, 0x0000000707a00000, 0x0000000707c00000|  0%| F|  |TAMS 0x0000000707a00000, 0x0000000707a00000| Untracked 
|  57|0x0000000707c00000, 0x0000000707c00000, 0x0000000707e00000|  0%| F|  |TAMS 0x0000000707c00000, 0x0000000707c00000| Untracked 
|  58|0x0000000707e00000, 0x0000000707e00000, 0x0000000708000000|  0%| F|  |TAMS 0x0000000707e00000, 0x0000000707e00000| Untracked 
|  59|0x0000000708000000, 0x0000000708000000, 0x0000000708200000|  0%| F|  |TAMS 0x0000000708000000, 0x0000000708000000| Untracked 
|  60|0x0000000708200000, 0x0000000708200000, 0x0000000708400000|  0%| F|  |TAMS 0x0000000708200000, 0x0000000708200000| Untracked 
|  61|0x0000000708400000, 0x0000000708400000, 0x0000000708600000|  0%| F|  |TAMS 0x0000000708400000, 0x0000000708400000| Untracked 
|  62|0x0000000708600000, 0x0000000708600000, 0x0000000708800000|  0%| F|  |TAMS 0x0000000708600000, 0x0000000708600000| Untracked 
|  63|0x0000000708800000, 0x0000000708800000, 0x0000000708a00000|  0%| F|  |TAMS 0x0000000708800000, 0x0000000708800000| Untracked 
|  64|0x0000000708a00000, 0x0000000708a00000, 0x0000000708c00000|  0%| F|  |TAMS 0x0000000708a00000, 0x0000000708a00000| Untracked 
|  65|0x0000000708c00000, 0x0000000708c00000, 0x0000000708e00000|  0%| F|  |TAMS 0x0000000708c00000, 0x0000000708c00000| Untracked 
|  66|0x0000000708e00000, 0x0000000708e00000, 0x0000000709000000|  0%| F|  |TAMS 0x0000000708e00000, 0x0000000708e00000| Untracked 
|  67|0x0000000709000000, 0x0000000709000000, 0x0000000709200000|  0%| F|  |TAMS 0x0000000709000000, 0x0000000709000000| Untracked 
|  68|0x0000000709200000, 0x0000000709200000, 0x0000000709400000|  0%| F|  |TAMS 0x0000000709200000, 0x0000000709200000| Untracked 
|  69|0x0000000709400000, 0x0000000709400000, 0x0000000709600000|  0%| F|  |TAMS 0x0000000709400000, 0x0000000709400000| Untracked 
|  70|0x0000000709600000, 0x0000000709600000, 0x0000000709800000|  0%| F|  |TAMS 0x0000000709600000, 0x0000000709600000| Untracked 
|  71|0x0000000709800000, 0x0000000709800000, 0x0000000709a00000|  0%| F|  |TAMS 0x0000000709800000, 0x0000000709800000| Untracked 
|  72|0x0000000709a00000, 0x0000000709a00000, 0x0000000709c00000|  0%| F|  |TAMS 0x0000000709a00000, 0x0000000709a00000| Untracked 
|  73|0x0000000709c00000, 0x0000000709c00000, 0x0000000709e00000|  0%| F|  |TAMS 0x0000000709c00000, 0x0000000709c00000| Untracked 
|  74|0x0000000709e00000, 0x0000000709e00000, 0x000000070a000000|  0%| F|  |TAMS 0x0000000709e00000, 0x0000000709e00000| Untracked 
|  75|0x000000070a000000, 0x000000070a000000, 0x000000070a200000|  0%| F|  |TAMS 0x000000070a000000, 0x000000070a000000| Untracked 
|  76|0x000000070a200000, 0x000000070a200000, 0x000000070a400000|  0%| F|  |TAMS 0x000000070a200000, 0x000000070a200000| Untracked 
|  77|0x000000070a400000, 0x000000070a400000, 0x000000070a600000|  0%| F|  |TAMS 0x000000070a400000, 0x000000070a400000| Untracked 
|  78|0x000000070a600000, 0x000000070a600000, 0x000000070a800000|  0%| F|  |TAMS 0x000000070a600000, 0x000000070a600000| Untracked 
|  79|0x000000070a800000, 0x000000070a800000, 0x000000070aa00000|  0%| F|  |TAMS 0x000000070a800000, 0x000000070a800000| Untracked 
|  80|0x000000070aa00000, 0x000000070aa00000, 0x000000070ac00000|  0%| F|  |TAMS 0x000000070aa00000, 0x000000070aa00000| Untracked 
|  81|0x000000070ac00000, 0x000000070ac00000, 0x000000070ae00000|  0%| F|  |TAMS 0x000000070ac00000, 0x000000070ac00000| Untracked 
|  82|0x000000070ae00000, 0x000000070ae00000, 0x000000070b000000|  0%| F|  |TAMS 0x000000070ae00000, 0x000000070ae00000| Untracked 
|  83|0x000000070b000000, 0x000000070b000000, 0x000000070b200000|  0%| F|  |TAMS 0x000000070b000000, 0x000000070b000000| Untracked 
|  84|0x000000070b200000, 0x000000070b200000, 0x000000070b400000|  0%| F|  |TAMS 0x000000070b200000, 0x000000070b200000| Untracked 
|  85|0x000000070b400000, 0x000000070b400000, 0x000000070b600000|  0%| F|  |TAMS 0x000000070b400000, 0x000000070b400000| Untracked 
|  86|0x000000070b600000, 0x000000070b600000, 0x000000070b800000|  0%| F|  |TAMS 0x000000070b600000, 0x000000070b600000| Untracked 
|  87|0x000000070b800000, 0x000000070b800000, 0x000000070ba00000|  0%| F|  |TAMS 0x000000070b800000, 0x000000070b800000| Untracked 
|  88|0x000000070ba00000, 0x000000070ba00000, 0x000000070bc00000|  0%| F|  |TAMS 0x000000070ba00000, 0x000000070ba00000| Untracked 
|  89|0x000000070bc00000, 0x000000070bc00000, 0x000000070be00000|  0%| F|  |TAMS 0x000000070bc00000, 0x000000070bc00000| Untracked 
|  90|0x000000070be00000, 0x000000070be00000, 0x000000070c000000|  0%| F|  |TAMS 0x000000070be00000, 0x000000070be00000| Untracked 
|  91|0x000000070c000000, 0x000000070c000000, 0x000000070c200000|  0%| F|  |TAMS 0x000000070c000000, 0x000000070c000000| Untracked 
|  92|0x000000070c200000, 0x000000070c200000, 0x000000070c400000|  0%| F|  |TAMS 0x000000070c200000, 0x000000070c200000| Untracked 
|  93|0x000000070c400000, 0x000000070c400000, 0x000000070c600000|  0%| F|  |TAMS 0x000000070c400000, 0x000000070c400000| Untracked 
|  94|0x000000070c600000, 0x000000070c76ede0, 0x000000070c800000| 71%| S|CS|TAMS 0x000000070c600000, 0x000000070c600000| Complete 
|  95|0x000000070c800000, 0x000000070ca00000, 0x000000070ca00000|100%| S|CS|TAMS 0x000000070c800000, 0x000000070c800000| Complete 
|  96|0x000000070ca00000, 0x000000070cc00000, 0x000000070cc00000|100%| S|CS|TAMS 0x000000070ca00000, 0x000000070ca00000| Complete 
|  97|0x000000070cc00000, 0x000000070ce00000, 0x000000070ce00000|100%| S|CS|TAMS 0x000000070cc00000, 0x000000070cc00000| Complete 
|  98|0x000000070ce00000, 0x000000070ce00000, 0x000000070d000000|  0%| F|  |TAMS 0x000000070ce00000, 0x000000070ce00000| Untracked 
|  99|0x000000070d000000, 0x000000070d000000, 0x000000070d200000|  0%| F|  |TAMS 0x000000070d000000, 0x000000070d000000| Untracked 
| 100|0x000000070d200000, 0x000000070d200000, 0x000000070d400000|  0%| F|  |TAMS 0x000000070d200000, 0x000000070d200000| Untracked 
| 101|0x000000070d400000, 0x000000070d400000, 0x000000070d600000|  0%| F|  |TAMS 0x000000070d400000, 0x000000070d400000| Untracked 
| 102|0x000000070d600000, 0x000000070d600000, 0x000000070d800000|  0%| F|  |TAMS 0x000000070d600000, 0x000000070d600000| Untracked 
| 103|0x000000070d800000, 0x000000070d800000, 0x000000070da00000|  0%| F|  |TAMS 0x000000070d800000, 0x000000070d800000| Untracked 
| 104|0x000000070da00000, 0x000000070da00000, 0x000000070dc00000|  0%| F|  |TAMS 0x000000070da00000, 0x000000070da00000| Untracked 
| 105|0x000000070dc00000, 0x000000070dc00000, 0x000000070de00000|  0%| F|  |TAMS 0x000000070dc00000, 0x000000070dc00000| Untracked 
| 106|0x000000070de00000, 0x000000070de00000, 0x000000070e000000|  0%| F|  |TAMS 0x000000070de00000, 0x000000070de00000| Untracked 
| 107|0x000000070e000000, 0x000000070e000000, 0x000000070e200000|  0%| F|  |TAMS 0x000000070e000000, 0x000000070e000000| Untracked 
| 108|0x000000070e200000, 0x000000070e200000, 0x000000070e400000|  0%| F|  |TAMS 0x000000070e200000, 0x000000070e200000| Untracked 
| 109|0x000000070e400000, 0x000000070e400000, 0x000000070e600000|  0%| F|  |TAMS 0x000000070e400000, 0x000000070e400000| Untracked 
| 110|0x000000070e600000, 0x000000070e600000, 0x000000070e800000|  0%| F|  |TAMS 0x000000070e600000, 0x000000070e600000| Untracked 
| 111|0x000000070e800000, 0x000000070e800000, 0x000000070ea00000|  0%| F|  |TAMS 0x000000070e800000, 0x000000070e800000| Untracked 
| 112|0x000000070ea00000, 0x000000070ea00000, 0x000000070ec00000|  0%| F|  |TAMS 0x000000070ea00000, 0x000000070ea00000| Untracked 
| 113|0x000000070ec00000, 0x000000070ec00000, 0x000000070ee00000|  0%| F|  |TAMS 0x000000070ec00000, 0x000000070ec00000| Untracked 
| 114|0x000000070ee00000, 0x000000070ee00000, 0x000000070f000000|  0%| F|  |TAMS 0x000000070ee00000, 0x000000070ee00000| Untracked 
| 115|0x000000070f000000, 0x000000070f000000, 0x000000070f200000|  0%| F|  |TAMS 0x000000070f000000, 0x000000070f000000| Untracked 
| 116|0x000000070f200000, 0x000000070f200000, 0x000000070f400000|  0%| F|  |TAMS 0x000000070f200000, 0x000000070f200000| Untracked 
| 117|0x000000070f400000, 0x000000070f400000, 0x000000070f600000|  0%| F|  |TAMS 0x000000070f400000, 0x000000070f400000| Untracked 
| 118|0x000000070f600000, 0x000000070f600000, 0x000000070f800000|  0%| F|  |TAMS 0x000000070f600000, 0x000000070f600000| Untracked 
| 119|0x000000070f800000, 0x000000070f800000, 0x000000070fa00000|  0%| F|  |TAMS 0x000000070f800000, 0x000000070f800000| Untracked 
| 120|0x000000070fa00000, 0x000000070fa00000, 0x000000070fc00000|  0%| F|  |TAMS 0x000000070fa00000, 0x000000070fa00000| Untracked 
| 121|0x000000070fc00000, 0x000000070fc00000, 0x000000070fe00000|  0%| F|  |TAMS 0x000000070fc00000, 0x000000070fc00000| Untracked 
| 122|0x000000070fe00000, 0x000000070fe00000, 0x0000000710000000|  0%| F|  |TAMS 0x000000070fe00000, 0x000000070fe00000| Untracked 
| 123|0x0000000710000000, 0x0000000710000000, 0x0000000710200000|  0%| F|  |TAMS 0x0000000710000000, 0x0000000710000000| Untracked 
| 124|0x0000000710200000, 0x0000000710200000, 0x0000000710400000|  0%| F|  |TAMS 0x0000000710200000, 0x0000000710200000| Untracked 
| 125|0x0000000710400000, 0x0000000710400000, 0x0000000710600000|  0%| F|  |TAMS 0x0000000710400000, 0x0000000710400000| Untracked 
| 126|0x0000000710600000, 0x0000000710600000, 0x0000000710800000|  0%| F|  |TAMS 0x0000000710600000, 0x0000000710600000| Untracked 
| 127|0x0000000710800000, 0x0000000710800000, 0x0000000710a00000|  0%| F|  |TAMS 0x0000000710800000, 0x0000000710800000| Untracked 

Card table byte_map: [0x000001e517770000,0x000001e517f70000] _byte_map_base: 0x000001e513f6b000

Marking Bits (Prev, Next): (CMBitMap*) 0x000001e5043b2c80, (CMBitMap*) 0x000001e5043b2cc0
 Prev Bits: [0x000001e518770000, 0x000001e51c748000)
 Next Bits: [0x000001e51c750000, 0x000001e520728000)

Polling page: 0x000001e503b40000

Metaspace:

Usage:
  Non-class:      8.30 MB used.
      Class:    851.08 KB used.
       Both:      9.14 MB used.

Virtual space:
  Non-class space:       16.00 MB reserved,       8.38 MB ( 52%) committed,  2 nodes.
      Class space:        1.00 GB reserved,     896.00 KB ( <1%) committed,  1 nodes.
             Both:        1.02 GB reserved,       9.25 MB ( <1%) committed. 

Chunk freelists:
   Non-Class:  3.00 MB
       Class:  3.14 MB
        Both:  6.14 MB

MaxMetaspaceSize: unlimited
CompressedClassSpaceSize: 1.00 GB
Initial GC threshold: 21.00 MB
Current GC threshold: 21.00 MB
CDS: off
MetaspaceReclaimPolicy: balanced
 - commit_granule_bytes: 65536.
 - commit_granule_words: 8192.
 - virtual_space_node_default_size: 1048576.
 - enlarge_chunks_in_place: 1.
 - new_chunks_are_fully_committed: 0.
 - uncommit_free_chunks: 1.
 - use_allocation_guard: 0.
 - handle_deallocations: 1.


Internal statistics:

num_allocs_failed_limit: 0.
num_arena_births: 16.
num_arena_deaths: 0.
num_vsnodes_births: 3.
num_vsnodes_deaths: 0.
num_space_committed: 148.
num_space_uncommitted: 0.
num_chunks_returned_to_freelist: 0.
num_chunks_taken_from_freelist: 76.
num_chunk_merges: 0.
num_chunk_splits: 47.
num_chunks_enlarged: 40.
num_purges: 0.
num_inconsistent_stats: 0.

CodeHeap 'non-profiled nmethods': size=120000Kb used=316Kb max_used=316Kb free=119683Kb
 bounds [0x000001e50f4f0000, 0x000001e50f760000, 0x000001e516a20000]
CodeHeap 'profiled nmethods': size=120000Kb used=1161Kb max_used=1161Kb free=118838Kb
 bounds [0x000001e507fc0000, 0x000001e508230000, 0x000001e50f4f0000]
CodeHeap 'non-nmethods': size=5760Kb used=1126Kb max_used=1162Kb free=4633Kb
 bounds [0x000001e507a20000, 0x000001e507c90000, 0x000001e507fc0000]
 total_blobs=1071 nmethods=662 adapters=322
 compilation: enabled
              stopped_count=0, restarted_count=0
 full_count=0

Compilation events (20 events):
Event: 0.485 Thread 0x000001e523c92070  658       3       java.util.regex.Matcher::find (69 bytes)
Event: 0.486 Thread 0x000001e523c92070 nmethod 658 0x000001e5080de790 code [0x000001e5080de940, 0x000001e5080dec48]
Event: 0.486 Thread 0x000001e523c92070  659       3       java.lang.AbstractStringBuilder::appendChars (207 bytes)
Event: 0.486 Thread 0x000001e523ff99c0 nmethod 656 0x000001e50f53da10 code [0x000001e50f53db80, 0x000001e50f53dbf8]
Event: 0.486 Thread 0x000001e523ff99c0  664       4       java.lang.StringBuilder::length (5 bytes)
Event: 0.487 Thread 0x000001e523ff99c0 nmethod 664 0x000001e50f53dd10 code [0x000001e50f53de80, 0x000001e50f53def8]
Event: 0.487 Thread 0x000001e523ff99c0  662       4       java.lang.AbstractStringBuilder::isLatin1 (19 bytes)
Event: 0.487 Thread 0x000001e523c92070 nmethod 659 0x000001e5080ded90 code [0x000001e5080df040, 0x000001e5080dffe8]
Event: 0.487 Thread 0x000001e523c92070  660       3       java.lang.AbstractStringBuilder::append (63 bytes)
Event: 0.487 Thread 0x000001e523c92070 nmethod 660 0x000001e5080e0590 code [0x000001e5080e0780, 0x000001e5080e0ce8]
Event: 0.487 Thread 0x000001e523ff99c0 nmethod 662 0x000001e50f53e010 code [0x000001e50f53e180, 0x000001e50f53e218]
Event: 0.487 Thread 0x000001e523c92070  663       3       java.lang.AbstractStringBuilder::append (54 bytes)
Event: 0.487 Thread 0x000001e523ff99c0  665       4       java.lang.AbstractStringBuilder::getBytes (44 bytes)
Event: 0.487 Thread 0x000001e523c92070 nmethod 663 0x000001e5080e0e90 code [0x000001e5080e10c0, 0x000001e5080e1ac8]
Event: 0.487 Thread 0x000001e523c92070  661       3       java.lang.AbstractStringBuilder::append (67 bytes)
Event: 0.488 Thread 0x000001e523c92070 nmethod 661 0x000001e5080e1d10 code [0x000001e5080e1f00, 0x000001e5080e23d8]
Event: 0.488 Thread 0x000001e523ff99c0 nmethod 665 0x000001e50f53e310 code [0x000001e50f53e480, 0x000001e50f53e5d8]
Event: 0.488 Thread 0x000001e523ff99c0  666       4       java.lang.AbstractStringBuilder::appendChars (207 bytes)
Event: 0.493 Thread 0x000001e523ff99c0 nmethod 666 0x000001e50f53e710 code [0x000001e50f53e8c0, 0x000001e50f53eee8]
Event: 0.493 Thread 0x000001e523ff99c0  670       4       java.lang.AbstractStringBuilder::append (54 bytes)

GC Heap History (9 events):
Event: 0.305 GC heap before
{Heap before GC invocations=0 (full 0):
 garbage-first heap   total 262144K, used 22528K [0x0000000700a00000, 0x0000000800000000)
  region size 2048K, 11 young (22528K), 0 survivors (0K)
 Metaspace       used 9112K, committed 9216K, reserved 1064960K
  class space    used 839K, committed 896K, reserved 1048576K
}
Event: 0.309 GC heap after
{Heap after GC invocations=1 (full 0):
 garbage-first heap   total 262144K, used 8592K [0x0000000700a00000, 0x0000000800000000)
  region size 2048K, 2 young (4096K), 2 survivors (4096K)
 Metaspace       used 9112K, committed 9216K, reserved 1064960K
  class space    used 839K, committed 896K, reserved 1048576K
}
Event: 0.346 GC heap before
{Heap before GC invocations=1 (full 0):
 garbage-first heap   total 262144K, used 27024K [0x0000000700a00000, 0x0000000800000000)
  region size 2048K, 11 young (22528K), 2 survivors (4096K)
 Metaspace       used 9138K, committed 9216K, reserved 1064960K
  class space    used 839K, committed 896K, reserved 1048576K
}
Event: 0.351 GC heap after
{Heap after GC invocations=2 (full 0):
 garbage-first heap   total 262144K, used 18727K [0x0000000700a00000, 0x0000000800000000)
  region size 2048K, 2 young (4096K), 2 survivors (4096K)
 Metaspace       used 9138K, committed 9216K, reserved 1064960K
  class space    used 839K, committed 896K, reserved 1048576K
}
Event: 0.387 GC heap before
{Heap before GC invocations=2 (full 0):
 garbage-first heap   total 262144K, used 47399K [0x0000000700a00000, 0x0000000800000000)
  region size 2048K, 16 young (32768K), 2 survivors (4096K)
 Metaspace       used 9138K, committed 9216K, reserved 1064960K
  class space    used 839K, committed 896K, reserved 1048576K
}
Event: 0.394 GC heap after
{Heap after GC invocations=3 (full 0):
 garbage-first heap   total 262144K, used 36457K [0x0000000700a00000, 0x0000000800000000)
  region size 2048K, 2 young (4096K), 2 survivors (4096K)
 Metaspace       used 9138K, committed 9216K, reserved 1064960K
  class space    used 839K, committed 896K, reserved 1048576K
}
Event: 0.455 GC heap before
{Heap before GC invocations=3 (full 0):
 garbage-first heap   total 262144K, used 71273K [0x0000000700a00000, 0x0000000800000000)
  region size 2048K, 19 young (38912K), 2 survivors (4096K)
 Metaspace       used 9354K, committed 9472K, reserved 1064960K
  class space    used 851K, committed 896K, reserved 1048576K
}
Event: 0.459 GC heap after
{Heap after GC invocations=4 (full 0):
 garbage-first heap   total 262144K, used 42663K [0x0000000700a00000, 0x0000000800000000)
  region size 2048K, 3 young (6144K), 3 survivors (6144K)
 Metaspace       used 9354K, committed 9472K, reserved 1064960K
  class space    used 851K, committed 896K, reserved 1048576K
}
Event: 0.496 GC heap before
{Heap before GC invocations=4 (full 0):
 garbage-first heap   total 262144K, used 97959K [0x0000000700a00000, 0x0000000800000000)
  region size 2048K, 30 young (61440K), 3 survivors (6144K)
 Metaspace       used 9354K, committed 9472K, reserved 1064960K
  class space    used 851K, committed 896K, reserved 1048576K
}

Deoptimization events (20 events):
Event: 0.483 Thread 0x000001e504363100 Uncommon trap: trap_request=0xffffff45 fr.pc=0x000001e50f530000 relative=0x00000000000005c0
Event: 0.483 Thread 0x000001e504363100 Uncommon trap: reason=unstable_if action=reinterpret pc=0x000001e50f530000 method=java.lang.AbstractStringBuilder.appendChars(Ljava/lang/String;II)V @ 11 c2
Event: 0.484 Thread 0x000001e504363100 DEOPT PACKING pc=0x000001e50f530000 sp=0x0000008b28dfeae0
Event: 0.484 Thread 0x000001e504363100 DEOPT UNPACKING pc=0x000001e507a723a3 sp=0x0000008b28dfea10 mode 2
Event: 0.484 Thread 0x000001e504363100 Uncommon trap: trap_request=0xffffff45 fr.pc=0x000001e50f52ea94 relative=0x0000000000000174
Event: 0.484 Thread 0x000001e504363100 Uncommon trap: reason=unstable_if action=reinterpret pc=0x000001e50f52ea94 method=java.lang.AbstractStringBuilder.appendChars(Ljava/lang/String;II)V @ 11 c2
Event: 0.484 Thread 0x000001e504363100 DEOPT PACKING pc=0x000001e50f52ea94 sp=0x0000008b28dfea50
Event: 0.484 Thread 0x000001e504363100 DEOPT UNPACKING pc=0x000001e507a723a3 sp=0x0000008b28dfea00 mode 2
Event: 0.484 Thread 0x000001e504363100 Uncommon trap: trap_request=0xffffff45 fr.pc=0x000001e50f530d18 relative=0x00000000000004b8
Event: 0.484 Thread 0x000001e504363100 Uncommon trap: reason=unstable_if action=reinterpret pc=0x000001e50f530d18 method=java.util.regex.Pattern$BitClass.is(I)Z @ 4 c2
Event: 0.484 Thread 0x000001e504363100 DEOPT PACKING pc=0x000001e50f530d18 sp=0x0000008b28dfebe0
Event: 0.484 Thread 0x000001e504363100 DEOPT UNPACKING pc=0x000001e507a723a3 sp=0x0000008b28dfe9d0 mode 2
Event: 0.484 Thread 0x000001e504363100 Uncommon trap: trap_request=0xffffff45 fr.pc=0x000001e50f52f3dc relative=0x000000000000059c
Event: 0.484 Thread 0x000001e504363100 Uncommon trap: reason=unstable_if action=reinterpret pc=0x000001e50f52f3dc method=java.lang.AbstractStringBuilder.append(Ljava/lang/AbstractStringBuilder;)Ljava/lang/AbstractStringBuilder; @ 32 c2
Event: 0.485 Thread 0x000001e504363100 DEOPT PACKING pc=0x000001e50f52f3dc sp=0x0000008b28dfeb00
Event: 0.485 Thread 0x000001e504363100 DEOPT UNPACKING pc=0x000001e507a723a3 sp=0x0000008b28dfea68 mode 2
Event: 0.485 Thread 0x000001e504363100 Uncommon trap: trap_request=0xffffff45 fr.pc=0x000001e50f53d5b8 relative=0x0000000000000598
Event: 0.485 Thread 0x000001e504363100 Uncommon trap: reason=unstable_if action=reinterpret pc=0x000001e50f53d5b8 method=java.lang.AbstractStringBuilder.append(Ljava/lang/AbstractStringBuilder;)Ljava/lang/AbstractStringBuilder; @ 32 c2
Event: 0.485 Thread 0x000001e504363100 DEOPT PACKING pc=0x000001e50f53d5b8 sp=0x0000008b28dfea70
Event: 0.485 Thread 0x000001e504363100 DEOPT UNPACKING pc=0x000001e507a723a3 sp=0x0000008b28dfea50 mode 2

Classes unloaded (0 events):
No events

Classes redefined (0 events):
No events

Internal exceptions (5 events):
Event: 0.125 Thread 0x000001e504363100 Exception <a 'java/lang/NoSuchMethodError'{0x0000000710686ca0}: 'java.lang.Object java.lang.invoke.DirectMethodHandle$Holder.invokeStaticInit(java.lang.Object, java.lang.Object, java.lang.Object)'> (0x0000000710686ca0) 
thrown [e:\jenkins\tmp\workspace\build\src\src\hotspot\share\interpreter\linkResolver.cpp, line 766]
Event: 0.148 Thread 0x000001e504363100 Exception <a 'java/lang/NoSuchMethodError'{0x00000007107371c0}: 'long java.lang.invoke.DirectMethodHandle$Holder.invokeStatic(java.lang.Object)'> (0x00000007107371c0) 
thrown [e:\jenkins\tmp\workspace\build\src\src\hotspot\share\interpreter\linkResolver.cpp, line 766]
Event: 0.148 Thread 0x000001e504363100 Exception <a 'java/lang/NoSuchMethodError'{0x000000071073a670}: 'long java.lang.invoke.DirectMethodHandle$Holder.invokeStaticInit(java.lang.Object)'> (0x000000071073a670) 
thrown [e:\jenkins\tmp\workspace\build\src\src\hotspot\share\interpreter\linkResolver.cpp, line 766]
Event: 0.151 Thread 0x000001e504363100 Exception <a 'java/lang/NoSuchMethodError'{0x0000000710753f48}: 'java.lang.Object java.lang.invoke.DirectMethodHandle$Holder.invokeStaticInit(java.lang.Object)'> (0x0000000710753f48) 
thrown [e:\jenkins\tmp\workspace\build\src\src\hotspot\share\interpreter\linkResolver.cpp, line 766]
Event: 0.169 Thread 0x000001e504363100 Exception <a 'java/lang/NoSuchMethodError'{0x00000007107820a8}: 'int java.lang.invoke.DirectMethodHandle$Holder.invokeSpecial(java.lang.Object, java.lang.Object, java.lang.Object)'> (0x00000007107820a8) 
thrown [e:\jenkins\tmp\workspace\build\src\src\hotspot\share\interpreter\linkResolver.cpp, line 766]

VM Operations (13 events):
Event: 0.093 Executing VM operation: HandshakeAllThreads
Event: 0.093 Executing VM operation: HandshakeAllThreads done
Event: 0.192 Executing VM operation: HandshakeAllThreads
Event: 0.192 Executing VM operation: HandshakeAllThreads done
Event: 0.305 Executing VM operation: G1CollectForAllocation
Event: 0.309 Executing VM operation: G1CollectForAllocation done
Event: 0.346 Executing VM operation: G1CollectForAllocation
Event: 0.351 Executing VM operation: G1CollectForAllocation done
Event: 0.387 Executing VM operation: G1CollectForAllocation
Event: 0.394 Executing VM operation: G1CollectForAllocation done
Event: 0.455 Executing VM operation: G1CollectForAllocation
Event: 0.459 Executing VM operation: G1CollectForAllocation done
Event: 0.495 Executing VM operation: G1CollectForAllocation

Events (20 events):
Event: 0.400 loading class java/util/regex/Pattern$CharProperty done
Event: 0.401 loading class java/util/regex/Pattern$BmpCharProperty done
Event: 0.401 loading class java/util/regex/Pattern$Slice
Event: 0.401 loading class java/util/regex/Pattern$SliceNode
Event: 0.401 loading class java/util/regex/Pattern$SliceNode done
Event: 0.401 loading class java/util/regex/Pattern$Slice done
Event: 0.401 loading class java/util/regex/Pattern$Begin
Event: 0.401 loading class java/util/regex/Pattern$Begin done
Event: 0.401 loading class java/util/regex/Pattern$First
Event: 0.401 loading class java/util/regex/Pattern$First done
Event: 0.401 loading class java/util/regex/Pattern$Start
Event: 0.401 loading class java/util/regex/Pattern$Start done
Event: 0.401 loading class java/util/regex/Pattern$TreeInfo
Event: 0.401 loading class java/util/regex/Pattern$TreeInfo done
Event: 0.401 loading class java/util/regex/Matcher
Event: 0.401 loading class java/util/regex/MatchResult
Event: 0.401 loading class java/util/regex/MatchResult done
Event: 0.401 loading class java/util/regex/Matcher done
Event: 0.401 loading class java/util/regex/IntHashSet
Event: 0.401 loading class java/util/regex/IntHashSet done


Dynamic libraries:
0x00007ff60d9e0000 - 0x00007ff60d9ee000 	C:\Users\Sot\.p2\pool\plugins\org.eclipse.justj.openjdk.hotspot.jre.full.win32.x86_64_17.0.2.v20220201-1208\jre\bin\javaw.exe
0x00007ffa71d00000 - 0x00007ffa71f09000 	C:\WINDOWS\SYSTEM32\ntdll.dll
0x00007ffa70bb0000 - 0x00007ffa70c6d000 	C:\WINDOWS\System32\KERNEL32.DLL
0x00007ffa6f4e0000 - 0x00007ffa6f854000 	C:\WINDOWS\System32\KERNELBASE.dll
0x00007ffa6fa80000 - 0x00007ffa6fb91000 	C:\WINDOWS\System32\ucrtbase.dll
0x00007ffa5d4a0000 - 0x00007ffa5d4b8000 	C:\Users\Sot\.p2\pool\plugins\org.eclipse.justj.openjdk.hotspot.jre.full.win32.x86_64_17.0.2.v20220201-1208\jre\bin\jli.dll
0x00007ffa60bf0000 - 0x00007ffa60c09000 	C:\Users\Sot\.p2\pool\plugins\org.eclipse.justj.openjdk.hotspot.jre.full.win32.x86_64_17.0.2.v20220201-1208\jre\bin\VCRUNTIME140.dll
0x00007ffa71a00000 - 0x00007ffa71bac000 	C:\WINDOWS\System32\USER32.dll
0x00007ffa6fa50000 - 0x00007ffa6fa76000 	C:\WINDOWS\System32\win32u.dll
0x00007ffa54130000 - 0x00007ffa543d5000 	C:\WINDOWS\WinSxS\amd64_microsoft.windows.common-controls_6595b64144ccf1df_6.0.22000.120_none_9d947278b86cc467\COMCTL32.dll
0x00007ffa70040000 - 0x00007ffa70069000 	C:\WINDOWS\System32\GDI32.dll
0x00007ffa6ff90000 - 0x00007ffa70033000 	C:\WINDOWS\System32\msvcrt.dll
0x00007ffa6f1f0000 - 0x00007ffa6f302000 	C:\WINDOWS\System32\gdi32full.dll
0x00007ffa6f440000 - 0x00007ffa6f4dd000 	C:\WINDOWS\System32\msvcp_win.dll
0x00007ffa70310000 - 0x00007ffa70341000 	C:\WINDOWS\System32\IMM32.DLL
0x00007ffa59ac0000 - 0x00007ffa59acc000 	C:\Users\Sot\.p2\pool\plugins\org.eclipse.justj.openjdk.hotspot.jre.full.win32.x86_64_17.0.2.v20220201-1208\jre\bin\vcruntime140_1.dll
0x00007ffa48ec0000 - 0x00007ffa48f51000 	C:\Users\Sot\.p2\pool\plugins\org.eclipse.justj.openjdk.hotspot.jre.full.win32.x86_64_17.0.2.v20220201-1208\jre\bin\msvcp140.dll
0x00007ffa110a0000 - 0x00007ffa11ce7000 	C:\Users\Sot\.p2\pool\plugins\org.eclipse.justj.openjdk.hotspot.jre.full.win32.x86_64_17.0.2.v20220201-1208\jre\bin\server\jvm.dll
0x00007ffa71950000 - 0x00007ffa719fe000 	C:\WINDOWS\System32\ADVAPI32.dll
0x00007ffa70360000 - 0x00007ffa703fe000 	C:\WINDOWS\System32\sechost.dll
0x00007ffa71140000 - 0x00007ffa71260000 	C:\WINDOWS\System32\RPCRT4.dll
0x00007ffa70070000 - 0x00007ffa70078000 	C:\WINDOWS\System32\PSAPI.DLL
0x00007ffa69810000 - 0x00007ffa69843000 	C:\WINDOWS\SYSTEM32\WINMM.dll
0x00007ffa677f0000 - 0x00007ffa677fa000 	C:\WINDOWS\SYSTEM32\VERSION.dll
0x00007ffa53f20000 - 0x00007ffa53f29000 	C:\WINDOWS\SYSTEM32\WSOCK32.dll
0x00007ffa6fba0000 - 0x00007ffa6fc0f000 	C:\WINDOWS\System32\WS2_32.dll
0x00007ffa6e2b0000 - 0x00007ffa6e2c8000 	C:\WINDOWS\SYSTEM32\kernel.appcore.dll
0x00007ffa536a0000 - 0x00007ffa536aa000 	C:\Users\Sot\.p2\pool\plugins\org.eclipse.justj.openjdk.hotspot.jre.full.win32.x86_64_17.0.2.v20220201-1208\jre\bin\jimage.dll
0x00007ffa6cc40000 - 0x00007ffa6ce61000 	C:\WINDOWS\SYSTEM32\DBGHELP.DLL
0x00007ffa544a0000 - 0x00007ffa544d1000 	C:\WINDOWS\SYSTEM32\dbgcore.DLL
0x00007ffa6f860000 - 0x00007ffa6f8df000 	C:\WINDOWS\System32\bcryptPrimitives.dll
0x00007ffa36b90000 - 0x00007ffa36bb5000 	C:\Users\Sot\.p2\pool\plugins\org.eclipse.justj.openjdk.hotspot.jre.full.win32.x86_64_17.0.2.v20220201-1208\jre\bin\java.dll
0x00007ffa3d670000 - 0x00007ffa3d688000 	C:\Users\Sot\.p2\pool\plugins\org.eclipse.justj.openjdk.hotspot.jre.full.win32.x86_64_17.0.2.v20220201-1208\jre\bin\zip.dll
0x00007ffa70400000 - 0x00007ffa70bae000 	C:\WINDOWS\System32\SHELL32.dll
0x00007ffa6d320000 - 0x00007ffa6db88000 	C:\WINDOWS\SYSTEM32\windows.storage.dll
0x00007ffa6fc10000 - 0x00007ffa6ff88000 	C:\WINDOWS\System32\combase.dll
0x00007ffa6d1b0000 - 0x00007ffa6d316000 	C:\WINDOWS\SYSTEM32\wintypes.dll
0x00007ffa71050000 - 0x00007ffa7113a000 	C:\WINDOWS\System32\SHCORE.dll
0x00007ffa700f0000 - 0x00007ffa7014d000 	C:\WINDOWS\System32\shlwapi.dll
0x00007ffa6f120000 - 0x00007ffa6f141000 	C:\WINDOWS\SYSTEM32\profapi.dll
0x00007ffa34490000 - 0x00007ffa344a9000 	C:\Users\Sot\.p2\pool\plugins\org.eclipse.justj.openjdk.hotspot.jre.full.win32.x86_64_17.0.2.v20220201-1208\jre\bin\net.dll
0x00007ffa69b40000 - 0x00007ffa69c4c000 	C:\WINDOWS\SYSTEM32\WINHTTP.dll
0x00007ffa6e6d0000 - 0x00007ffa6e737000 	C:\WINDOWS\system32\mswsock.dll
0x00007ffa34470000 - 0x00007ffa34485000 	C:\Users\Sot\.p2\pool\plugins\org.eclipse.justj.openjdk.hotspot.jre.full.win32.x86_64_17.0.2.v20220201-1208\jre\bin\nio.dll
0x00007ffa54b00000 - 0x00007ffa54b09000 	C:\Users\Sot\.p2\pool\plugins\org.eclipse.justj.openjdk.hotspot.jre.full.win32.x86_64_17.0.2.v20220201-1208\jre\bin\management.dll
0x00007ffa54030000 - 0x00007ffa5403b000 	C:\Users\Sot\.p2\pool\plugins\org.eclipse.justj.openjdk.hotspot.jre.full.win32.x86_64_17.0.2.v20220201-1208\jre\bin\management_ext.dll

dbghelp: loaded successfully - version: 4.0.5 - missing functions: none
symbol engine: initialized successfully - sym options: 0x614 - pdb path: .;C:\Users\Sot\.p2\pool\plugins\org.eclipse.justj.openjdk.hotspot.jre.full.win32.x86_64_17.0.2.v20220201-1208\jre\bin;C:\WINDOWS\SYSTEM32;C:\WINDOWS\WinSxS\amd64_microsoft.windows.common-controls_6595b64144ccf1df_6.0.22000.120_none_9d947278b86cc467;C:\Users\Sot\.p2\pool\plugins\org.eclipse.justj.openjdk.hotspot.jre.full.win32.x86_64_17.0.2.v20220201-1208\jre\bin\server

VM Arguments:
jvm_args: -Dfile.encoding=Cp1253 -XX:+ShowCodeDetailsInExceptionMessages 
java_command: Frame1
java_class_path (initial): C:\Users\Sot\Desktop\anaktisiWork\anaktisi\bin;C:\lucene-8.11.1\core\lucene-core-8.11.1.jar;C:\lucene-8.11.1\queryparser\lucene-queryparser-8.11.1.jar;C:\lucene-8.11.1\queryparser\org.eclipse.swt.win32.win32.x86_64-3.119.0.jar
Launcher Type: SUN_STANDARD

[Global flags]
     intx CICompilerCount                          = 4                                         {product} {ergonomic}
     uint ConcGCThreads                            = 3                                         {product} {ergonomic}
     uint G1ConcRefinementThreads                  = 10                                        {product} {ergonomic}
   size_t G1HeapRegionSize                         = 2097152                                   {product} {ergonomic}
    uintx GCDrainStackTargetSize                   = 64                                        {product} {ergonomic}
   size_t InitialHeapSize                          = 268435456                                 {product} {ergonomic}
   size_t MarkStackSize                            = 4194304                                   {product} {ergonomic}
   size_t MaxHeapSize                              = 4284481536                                {product} {ergonomic}
   size_t MaxNewSize                               = 2569011200                                {product} {ergonomic}
   size_t MinHeapDeltaBytes                        = 2097152                                   {product} {ergonomic}
   size_t MinHeapSize                              = 8388608                                   {product} {ergonomic}
    uintx NonNMethodCodeHeapSize                   = 5839372                                {pd product} {ergonomic}
    uintx NonProfiledCodeHeapSize                  = 122909434                              {pd product} {ergonomic}
    uintx ProfiledCodeHeapSize                     = 122909434                              {pd product} {ergonomic}
    uintx ReservedCodeCacheSize                    = 251658240                              {pd product} {ergonomic}
     bool SegmentedCodeCache                       = true                                      {product} {ergonomic}
     bool ShowCodeDetailsInExceptionMessages       = true                                   {manageable} {command line}
   size_t SoftMaxHeapSize                          = 4284481536                             {manageable} {ergonomic}
     bool UseCompressedClassPointers               = true                           {product lp64_product} {ergonomic}
     bool UseCompressedOops                        = true                           {product lp64_product} {ergonomic}
     bool UseG1GC                                  = true                                      {product} {ergonomic}
     bool UseLargePagesIndividualAllocation        = false                                  {pd product} {ergonomic}

Logging:
Log output configuration:
 #0: stdout all=warning uptime,level,tags
 #1: stderr all=off uptime,level,tags

Environment Variables:
PATH=C:/Users/Sot/.p2/pool/plugins/org.eclipse.justj.openjdk.hotspot.jre.full.win32.x86_64_17.0.2.v20220201-1208/jre/bin/server;C:/Users/Sot/.p2/pool/plugins/org.eclipse.justj.openjdk.hotspot.jre.full.win32.x86_64_17.0.2.v20220201-1208/jre/bin;C:\ActiveTcl\bin;C:\Python27\Lib\site-packages\PyQt4;C:\Program Files (x86)\Intel\iCLS Client\;C:\Program Files\Intel\iCLS Client\;C:\Windows\system32;C:\Windows;C:\Windows\System32\Wbem;C:\Windows\System32\WindowsPowerShell\v1.0\;C:\Windows\System32\OpenSSH\;C:\Program Files (x86)\NVIDIA Corporation\PhysX\Common;C:\Program Files (x86)\Intel\Intel(R) Management Engine Components\DAL;C:\Program Files\Intel\Intel(R) Management Engine Components\DAL;C:\Program Files (x86)\Intel\Intel(R) Management Engine Components\IPT;C:\Program Files\Intel\Intel(R) Management Engine Components\IPT;C:\Program Files\PuTTY\;C:\Program Files\Git\cmd;C:\Program Files\Gource\cmd;C:\Program Files\NVIDIA Corporation\NVIDIA NvDLISR;C:\WINDOWS\system32;C:\WINDOWS;C:\WINDOWS\System32\Wbem;C:\WINDOWS\System32\WindowsPowerShell\v1.0\;C:\WINDOWS\System32\OpenSSH\;C:\altera\13.0sp1\quartus\bin;C:\Program Files (x86)\QuickTime\QTSystem\;C:\Users\Sot\.win;C:\Users\Sot\AppData\Roaming\nvm;C:\Program Files\nodejs;C:\Program Files (x86)\Gpg4win\..\GnuPG\bin;C:\Program Files\dotnet\;C:\sqlite;C:\WINDOWS\system32;C:\WINDOWS;C:\WINDOWS\System32\Wbem;C:\WINDOWS\System32\WindowsPowerShell\v1.0\;C:\WINDOWS\System32\OpenSSH\;C:\Program Files\Java\jre1.8.0_321\bin\;C:\Program Files\MySQL\MySQL Shell 8.0\bin\;C:\Users\Sot\.windows-build-tools\python27\;C:\Users\Sot\AppData\Local\Microsoft\WindowsApps;C:\Program Files\Java\jdk-11.0.2\bin;C:\Users\Sot\.dotnet\tools;C:\Users\Sot\AppData\Local\Programs\Microsoft VS Code\bin;C:\Program Files\heroku\bin;C:\Users\Sot\AppData\Local\Microsoft\WindowsApps;C:\Users\Sot\AppData\Roaming\npm;C:\Users\Sot\AppData\Roaming\nvm;C:\Program Files\nodejs;C:\Users\Sot\.dotnet\tools;;C:\WINDOWS\System32;
USERNAME=Sot
OS=Windows_NT
PROCESSOR_IDENTIFIER=Intel64 Family 6 Model 158 Stepping 10, GenuineIntel



---------------  S Y S T E M  ---------------

OS:
 Windows 11 , 64 bit Build 22000 (10.0.22000.434)
OS uptime: 8 days 1:11 hours
Hyper-V role detected

CPU: total 12 (initial active 12) (6 cores per cpu, 2 threads per core) family 6 model 158 stepping 10 microcode 0xde, cx8, cmov, fxsr, ht, mmx, 3dnowpref, sse, sse2, sse3, ssse3, sse4.1, sse4.2, popcnt, lzcnt, tsc, tscinvbit, avx, avx2, aes, erms, clmul, bmi1, bmi2, rtm, adx, fma, vzeroupper, clflush, clflushopt, hv

Memory: 4k page, system-wide physical 16341M (4559M free)
TotalPageFile size 65398M (AvailPageFile size 123M)
current process WorkingSet (physical memory assigned to process): 157M, peak: 158M
current process commit charge ("private bytes"): 364M, peak: 609M

vm_info: OpenJDK 64-Bit Server VM (17.0.2+8) for windows-amd64 JRE (17.0.2+8), built on Jan 20 2022 04:52:34 by "" with MS VC++ 16.7 (VS2019)

END.
