#
# A fatal error has been detected by the Java Runtime Environment:
#
#  EXCEPTION_UNCAUGHT_CXX_EXCEPTION (0xe06d7363) at pc=0x00007ffa6f52478c, pid=16292, tid=66608
#
# JRE version: OpenJDK Runtime Environment Temurin-17.0.2+8 (17.0.2+8) (build 17.0.2+8)
# Java VM: OpenJDK 64-Bit Server VM Temurin-17.0.2+8 (17.0.2+8, mixed mode, tiered, compressed oops, compressed class ptrs, g1 gc, windows-amd64)
# Problematic frame:
# C  [KERNELBASE.dll+0x4478c]
#
# No core dump will be written. Minidumps are not enabled by default on client versions of Windows
#
# If you would like to submit a bug report, please visit:
#   https://github.com/adoptium/adoptium-support/issues
#

---------------  S U M M A R Y ------------

Command Line: -Dfile.encoding=Cp1253 -XX:+ShowCodeDetailsInExceptionMessages Frame1

Host: Intel(R) Core(TM) i7-8700K CPU @ 3.70GHz, 12 cores, 15G,  Windows 11 , 64 bit Build 22000 (10.0.22000.434)
Time: Wed Apr 13 22:21:18 2022  Windows 11 , 64 bit Build 22000 (10.0.22000.434) elapsed time: 4.607115 seconds (0d 0h 0m 4s)

---------------  T H R E A D  ---------------

Current thread (0x00000269ed465120):  JavaThread "main" [_thread_in_vm, id=66608, stack(0x0000006f21600000,0x0000006f21700000)]

Stack: [0x0000006f21600000,0x0000006f21700000],  sp=0x0000006f216fe530,  free space=1017k
Native frames: (J=compiled Java code, j=interpreted, Vv=VM code, C=native code)
C  [KERNELBASE.dll+0x4478c]
C  [VCRUNTIME140.dll+0x6220]
C  [jimage.dll+0x32a7]
C  [jimage.dll+0x2a15]
C  [jimage.dll+0x145b]
C  [jimage.dll+0x1e97]
C  [jimage.dll+0x1f2e]
C  [jimage.dll+0x2666]
V  [jvm.dll+0x1f1e2d]
V  [jvm.dll+0x1f0a52]
V  [jvm.dll+0x7aa1bb]
V  [jvm.dll+0x7ab562]
V  [jvm.dll+0x7ab898]
V  [jvm.dll+0x23d51e]
V  [jvm.dll+0x23d76f]
V  [jvm.dll+0x558d38]
V  [jvm.dll+0x55bba0]
V  [jvm.dll+0x382937]
V  [jvm.dll+0x381f8f]
C  0x00000269f0b3a60c

Java frames: (J=compiled Java code, j=interpreted, Vv=VM code)
j  sun.awt.SunToolkit.checkAndSetPolicy(Ljava/awt/Container;)V+0 java.desktop@17.0.2
j  java.awt.Window.init(Ljava/awt/GraphicsConfiguration;)V+194 java.desktop@17.0.2
j  java.awt.Window.<init>()V+124 java.desktop@17.0.2
j  java.awt.Frame.<init>(Ljava/lang/String;)V+1 java.desktop@17.0.2
j  java.awt.Frame.<init>()V+3 java.desktop@17.0.2
j  javax.swing.JFrame.<init>()V+1 java.desktop@17.0.2
j  Frame1.main([Ljava/lang/String;)V+34
v  ~StubRoutines::call_stub

siginfo: EXCEPTION_UNCAUGHT_CXX_EXCEPTION (0xe06d7363), ExceptionInformation=0x0000000019930520 0x0000006f216fe690 0x00007ffa536a5138 0x00007ffa536a0000 


Register to memory mapping:

RIP=0x00007ffa6f52478c KERNELBASE.dll
RAX=0x0 is NULL
RBX=0x00007ffa536a5138 jimage.dll
RCX=0x0 is NULL
RDX=0x0 is NULL
RSP=0x0000006f216fe530 is pointing into the stack for thread: 0x00000269ed465120
RBP=0x0000006f216fe7c0 is pointing into the stack for thread: 0x00000269ed465120
RSI=0x0000006f216fe690 is pointing into the stack for thread: 0x00000269ed465120
RDI=0x0000000019930520 is an unknown value
R8 =0x00007ffa114b3d70 jvm.dll
R9 =0x0000006f216fde48 is pointing into the stack for thread: 0x00000269ed465120
R10=0x00007ffa1188e086 jvm.dll
R11=0x0000000000000009 is an unknown value
R12=0x0000000000009146 is an unknown value
R13=0x00000269ed465600 points into unknown readable memory: 0x7477612f6176616a | 6a 61 76 61 2f 61 77 74
R14=0x0000026990de6e20 points into unknown readable memory: 0x01060005000c0400 | 00 04 0c 00 05 00 06 01
R15=0x0000026990de6e20 points into unknown readable memory: 0x01060005000c0400 | 00 04 0c 00 05 00 06 01


Registers:
RAX=0x0000000000000000, RBX=0x00007ffa536a5138, RCX=0x0000000000000000, RDX=0x0000000000000000
RSP=0x0000006f216fe530, RBP=0x0000006f216fe7c0, RSI=0x0000006f216fe690, RDI=0x0000000019930520
R8 =0x00007ffa114b3d70, R9 =0x0000006f216fde48, R10=0x00007ffa1188e086, R11=0x0000000000000009
R12=0x0000000000009146, R13=0x00000269ed465600, R14=0x0000026990de6e20, R15=0x0000026990de6e20
RIP=0x00007ffa6f52478c, EFLAGS=0x0000000000000206

Top of Stack: (sp=0x0000006f216fe530)
0x0000006f216fe530:   000000000000001b 00007ffa536a5138
0x0000006f216fe540:   0000006f216fe690 00007ffa6fa82ef6
0x0000006f216fe550:   00000081e06d7363 0000000000000000
0x0000006f216fe560:   00007ffa6f52478c 0000006f00000004
0x0000006f216fe570:   0000000019930520 0000006f216fe690
0x0000006f216fe580:   00007ffa536a5138 00007ffa536a0000
0x0000006f216fe590:   0000006f00000000 0000006f216fe5c0
0x0000006f216fe5a0:   0000006f216fe610 0000006f216fe618
0x0000006f216fe5b0:   0000026990de6e20 00007ffa71d7a59f
0x0000006f216fe5c0:   0000006f216fe630 00007ffa536a7000
0x0000006f216fe5d0:   0000006f216fe690 0000000019930520
0x0000006f216fe5e0:   00007ffa536a7000 00007ffa536a0000
0x0000006f216fe5f0:   0000436d23eebc19 00007ffa6f52e600
0x0000006f216fe600:   00007ffa536a5138 00007ffa60bf6220
0x0000006f216fe610:   0000000000000024 00007ffa29310608
0x0000006f216fe620:   0000006f216fe670 00007ffa6fb7f550 

Instructions: (pc=0x00007ffa6f52478c)
0x00007ffa6f52468c:   48 21 75 48 4c 8d 45 48 41 b9 08 00 00 00 49 8b
0x00007ffa6f52469c:   cd 41 8d 51 fd 48 ff 15 78 8a 1f 00 0f 1f 44 00
0x00007ffa6f5246ac:   00 8b f8 85 c0 78 86 be 01 00 00 00 e9 18 ff ff
0x00007ffa6f5246bc:   ff 85 f6 74 21 41 b9 08 00 00 00 4c 8d 45 38 49
0x00007ffa6f5246cc:   8b cd 41 8d 51 fd 48 ff 15 47 8a 1f 00 0f 1f 44
0x00007ffa6f5246dc:   00 00 48 8b 4d 38 48 ff 15 5f 84 1f 00 0f 1f 44
0x00007ffa6f5246ec:   00 00 e9 4f ff ff ff cc cc cc cc cc 71 e1 d3 32
0x00007ffa6f5246fc:   5b 07 d5 dd 65 48 8b 04 25 30 00 00 00 8b 40 68
0x00007ffa6f52470c:   c3 cc cc cc cc cc cc cc cc cc cc cc 71 18 d3 7a
0x00007ffa6f52471c:   1a 87 89 f9 48 81 ec d8 00 00 00 48 8b 05 22 38
0x00007ffa6f52472c:   2e 00 48 33 c4 48 89 84 24 c0 00 00 00 48 83 64
0x00007ffa6f52473c:   24 28 00 48 8d 05 da ff ff ff 83 e2 01 89 4c 24
0x00007ffa6f52474c:   20 89 54 24 24 48 89 44 24 30 4d 85 c9 74 4f b8
0x00007ffa6f52475c:   0f 00 00 00 48 8d 4c 24 40 44 3b c0 49 8b d1 41
0x00007ffa6f52476c:   0f 46 c0 44 8b c0 44 89 44 24 38 49 c1 e0 03 e8
0x00007ffa6f52477c:   d7 38 07 00 48 8d 4c 24 20 48 ff 15 dc 84 1f 00
0x00007ffa6f52478c:   0f 1f 44 00 00 48 8b 8c 24 c0 00 00 00 48 33 cc
0x00007ffa6f52479c:   e8 6f b1 06 00 48 81 c4 d8 00 00 00 c3 cc 83 64
0x00007ffa6f5247ac:   24 38 00 eb cf cc cc cc cc cc cc cc 71 c2 5b 1e
0x00007ffa6f5247bc:   ed 06 b0 d2 48 89 5c 24 10 55 56 57 41 54 41 55
0x00007ffa6f5247cc:   41 56 41 57 48 81 ec a0 03 00 00 48 8d 6c 24 50
0x00007ffa6f5247dc:   48 83 e5 e0 48 8b 05 69 37 2e 00 48 33 c4 48 89
0x00007ffa6f5247ec:   85 40 03 00 00 44 8b ea 44 89 45 2c 33 d2 48 89
0x00007ffa6f5247fc:   4d 10 41 8b c1 48 8b d9 89 45 04 8b fa 48 85 c9
0x00007ffa6f52480c:   0f 84 2c 2e 09 00 85 c0 0f 84 c7 03 00 00 45 85
0x00007ffa6f52481c:   ed 8d 5a 37 41 0f 45 dd f7 c3 c8 ff ff ff 0f 85
0x00007ffa6f52482c:   54 32 09 00 44 8b e2 8d 72 01 8b ca 44 8b f3 41
0x00007ffa6f52483c:   c1 ee 02 44 23 f6 f6 c3 21 41 0f 95 c4 f6 c3 11
0x00007ffa6f52484c:   44 89 65 1c 0f 95 c1 44 89 65 28 89 4d 00 89 4d
0x00007ffa6f52485c:   20 89 4d 24 45 85 e4 74 37 e8 d6 de ff ff 48 8b
0x00007ffa6f52486c:   78 10 e8 e9 ab ff ff 33 d2 4c 8b f8 48 85 ff 74
0x00007ffa6f52487c:   0f 44 8b 5f 4c 41 0f ba e3 10 0f 82 bc 2d 09 00 


Stack slot to memory mapping:
stack at sp + 0 slots: 0x000000000000001b is an unknown value
stack at sp + 1 slots: 0x00007ffa536a5138 jimage.dll
stack at sp + 2 slots: 0x0000006f216fe690 is pointing into the stack for thread: 0x00000269ed465120
stack at sp + 3 slots: 0x00007ffa6fa82ef6 ucrtbase.dll
stack at sp + 4 slots: 0x00000081e06d7363 is an unknown value
stack at sp + 5 slots: 0x0 is NULL
stack at sp + 6 slots: 0x00007ffa6f52478c KERNELBASE.dll
stack at sp + 7 slots: 0x0000006f00000004 is an unknown value


---------------  P R O C E S S  ---------------

Threads class SMR info:
_java_thread_list=0x000002698f512c60, length=15, elements={
0x00000269ed465120, 0x000002698d00c100, 0x000002698d00cb20, 0x000002698d02d530,
0x000002698d02dee0, 0x000002698c56a790, 0x000002698d06cff0, 0x000002698d075cc0,
0x000002698d077890, 0x000002698d07ad90, 0x000002698d1efaa0, 0x000002698d1f0e20,
0x000002698f4e6030, 0x000002698ec3d2c0, 0x000002698f999380
}

Java Threads: ( => current thread )
=>0x00000269ed465120 JavaThread "main" [_thread_in_vm, id=66608, stack(0x0000006f21600000,0x0000006f21700000)]
  0x000002698d00c100 JavaThread "Reference Handler" daemon [_thread_blocked, id=75176, stack(0x0000006f21d00000,0x0000006f21e00000)]
  0x000002698d00cb20 JavaThread "Finalizer" daemon [_thread_blocked, id=77920, stack(0x0000006f21e00000,0x0000006f21f00000)]
  0x000002698d02d530 JavaThread "Signal Dispatcher" daemon [_thread_blocked, id=77212, stack(0x0000006f21f00000,0x0000006f22000000)]
  0x000002698d02dee0 JavaThread "Attach Listener" daemon [_thread_blocked, id=65368, stack(0x0000006f22000000,0x0000006f22100000)]
  0x000002698c56a790 JavaThread "Service Thread" daemon [_thread_blocked, id=70956, stack(0x0000006f22100000,0x0000006f22200000)]
  0x000002698d06cff0 JavaThread "Monitor Deflation Thread" daemon [_thread_blocked, id=65304, stack(0x0000006f22200000,0x0000006f22300000)]
  0x000002698d075cc0 JavaThread "C2 CompilerThread0" daemon [_thread_blocked, id=74824, stack(0x0000006f22300000,0x0000006f22400000)]
  0x000002698d077890 JavaThread "C1 CompilerThread0" daemon [_thread_blocked, id=78084, stack(0x0000006f22400000,0x0000006f22500000)]
  0x000002698d07ad90 JavaThread "Sweeper thread" daemon [_thread_blocked, id=45860, stack(0x0000006f22500000,0x0000006f22600000)]
  0x000002698d1efaa0 JavaThread "Notification Thread" daemon [_thread_blocked, id=77888, stack(0x0000006f22600000,0x0000006f22700000)]
  0x000002698d1f0e20 JavaThread "Common-Cleaner" daemon [_thread_blocked, id=77260, stack(0x0000006f22800000,0x0000006f22900000)]
  0x000002698f4e6030 JavaThread "Java2D Disposer" daemon [_thread_blocked, id=78400, stack(0x0000006f23400000,0x0000006f23500000)]
  0x000002698ec3d2c0 JavaThread "AWT-Shutdown" [_thread_blocked, id=78588, stack(0x0000006f23500000,0x0000006f23600000)]
  0x000002698f999380 JavaThread "AWT-Windows" daemon [_thread_in_native, id=78376, stack(0x0000006f23600000,0x0000006f23700000)]

Other Threads:
  0x000002698c52a330 VMThread "VM Thread" [stack: 0x0000006f21c00000,0x0000006f21d00000] [id=77912]
  0x000002698d1f0790 WatcherThread [stack: 0x0000006f22700000,0x0000006f22800000] [id=76376]
  0x00000269ed4b4550 GCTaskThread "GC Thread#0" [stack: 0x0000006f21700000,0x0000006f21800000] [id=76464]
  0x000002698d80c2a0 GCTaskThread "GC Thread#1" [stack: 0x0000006f22b00000,0x0000006f22c00000] [id=47072]
  0x000002698d7d74a0 GCTaskThread "GC Thread#2" [stack: 0x0000006f22c00000,0x0000006f22d00000] [id=77932]
  0x000002698d567aa0 GCTaskThread "GC Thread#3" [stack: 0x0000006f22d00000,0x0000006f22e00000] [id=74712]
  0x000002698d8962b0 GCTaskThread "GC Thread#4" [stack: 0x0000006f22e00000,0x0000006f22f00000] [id=27840]
  0x000002698d76dda0 GCTaskThread "GC Thread#5" [stack: 0x0000006f22f00000,0x0000006f23000000] [id=78504]
  0x000002698d76cad0 GCTaskThread "GC Thread#6" [stack: 0x0000006f23000000,0x0000006f23100000] [id=40648]
  0x000002698d76e300 GCTaskThread "GC Thread#7" [stack: 0x0000006f23100000,0x0000006f23200000] [id=77504]
  0x000002698d76c820 GCTaskThread "GC Thread#8" [stack: 0x0000006f23200000,0x0000006f23300000] [id=77992]
  0x000002698d76d2e0 GCTaskThread "GC Thread#9" [stack: 0x0000006f23300000,0x0000006f23400000] [id=36612]
  0x00000269ed4c5b80 ConcurrentGCThread "G1 Main Marker" [stack: 0x0000006f21800000,0x0000006f21900000] [id=74984]
  0x00000269ed4c75a0 ConcurrentGCThread "G1 Conc#0" [stack: 0x0000006f21900000,0x0000006f21a00000] [id=73620]
  0x000002698c3da100 ConcurrentGCThread "G1 Refine#0" [stack: 0x0000006f21a00000,0x0000006f21b00000] [id=61764]
  0x000002698c3daa30 ConcurrentGCThread "G1 Service" [stack: 0x0000006f21b00000,0x0000006f21c00000] [id=67420]

Threads with active compile tasks:

VM state: not at safepoint (normal execution)

VM Mutex/Monitor currently owned by a thread: None

Heap address: 0x0000000700a00000, size: 4086 MB, Compressed Oops mode: Zero based, Oop shift amount: 3

CDS archive(s) not mapped
Compressed class space mapped at: 0x0000000800000000-0x0000000840000000, reserved size: 1073741824
Narrow klass base: 0x0000000800000000, Narrow klass shift: 0, Narrow klass range: 0x40000000

GC Precious Log:
 CPUs: 12 total, 12 available
 Memory: 16341M
 Large Page Support: Disabled
 NUMA Support: Disabled
 Compressed Oops: Enabled (Zero based)
 Heap Region Size: 2M
 Heap Min Capacity: 8M
 Heap Initial Capacity: 256M
 Heap Max Capacity: 4086M
 Pre-touch: Disabled
 Parallel Workers: 10
 Concurrent Workers: 3
 Concurrent Refinement Workers: 10
 Periodic GC: Disabled

Heap:
 garbage-first heap   total 524288K, used 321536K [0x0000000700a00000, 0x0000000800000000)
  region size 2048K, 123 young (251904K), 9 survivors (18432K)
 Metaspace       used 16104K, committed 16256K, reserved 1064960K
  class space    used 1507K, committed 1600K, reserved 1048576K

Heap Regions: E=young(eden), S=young(survivor), O=old, HS=humongous(starts), HC=humongous(continues), CS=collection set, F=free, OA=open archive, CA=closed archive, TAMS=top-at-mark-start (previous, next)
|   0|0x0000000700a00000, 0x0000000700c00000, 0x0000000700c00000|100%| O|  |TAMS 0x0000000700a00000, 0x0000000700a00000| Untracked 
|   1|0x0000000700c00000, 0x0000000700e00000, 0x0000000700e00000|100%| O|  |TAMS 0x0000000700c00000, 0x0000000700c00000| Untracked 
|   2|0x0000000700e00000, 0x0000000701000000, 0x0000000701000000|100%| O|  |TAMS 0x0000000700e00000, 0x0000000700e00000| Untracked 
|   3|0x0000000701000000, 0x0000000701200000, 0x0000000701200000|100%| O|  |TAMS 0x0000000701000000, 0x0000000701000000| Untracked 
|   4|0x0000000701200000, 0x0000000701400000, 0x0000000701400000|100%| O|  |TAMS 0x0000000701200000, 0x0000000701200000| Untracked 
|   5|0x0000000701400000, 0x0000000701600000, 0x0000000701600000|100%| O|  |TAMS 0x0000000701400000, 0x0000000701400000| Untracked 
|   6|0x0000000701600000, 0x0000000701800000, 0x0000000701800000|100%| O|  |TAMS 0x0000000701600000, 0x0000000701600000| Untracked 
|   7|0x0000000701800000, 0x0000000701a00000, 0x0000000701a00000|100%| O|  |TAMS 0x0000000701800000, 0x0000000701800000| Untracked 
|   8|0x0000000701a00000, 0x0000000701c00000, 0x0000000701c00000|100%| O|  |TAMS 0x0000000701a00000, 0x0000000701a00000| Untracked 
|   9|0x0000000701c00000, 0x0000000701e00000, 0x0000000701e00000|100%| O|  |TAMS 0x0000000701c00000, 0x0000000701c00000| Untracked 
|  10|0x0000000701e00000, 0x0000000702000000, 0x0000000702000000|100%| O|  |TAMS 0x0000000701e00000, 0x0000000701e00000| Untracked 
|  11|0x0000000702000000, 0x0000000702200000, 0x0000000702200000|100%| O|  |TAMS 0x0000000702000000, 0x0000000702000000| Untracked 
|  12|0x0000000702200000, 0x0000000702400000, 0x0000000702400000|100%| O|  |TAMS 0x0000000702200000, 0x0000000702200000| Untracked 
|  13|0x0000000702400000, 0x0000000702600000, 0x0000000702600000|100%| O|  |TAMS 0x0000000702400000, 0x0000000702400000| Untracked 
|  14|0x0000000702600000, 0x0000000702800000, 0x0000000702800000|100%| O|  |TAMS 0x0000000702600000, 0x0000000702600000| Untracked 
|  15|0x0000000702800000, 0x0000000702a00000, 0x0000000702a00000|100%| O|  |TAMS 0x0000000702800000, 0x0000000702800000| Untracked 
|  16|0x0000000702a00000, 0x0000000702c00000, 0x0000000702c00000|100%| O|  |TAMS 0x0000000702a00000, 0x0000000702a00000| Untracked 
|  17|0x0000000702c00000, 0x0000000702e00000, 0x0000000702e00000|100%| O|  |TAMS 0x0000000702c00000, 0x0000000702c00000| Untracked 
|  18|0x0000000702e00000, 0x0000000703000000, 0x0000000703000000|100%| O|  |TAMS 0x0000000702e00000, 0x0000000702e00000| Untracked 
|  19|0x0000000703000000, 0x0000000703200000, 0x0000000703200000|100%|HS|  |TAMS 0x0000000703000000, 0x0000000703000000| Complete 
|  20|0x0000000703200000, 0x0000000703400000, 0x0000000703400000|100%|HC|  |TAMS 0x0000000703200000, 0x0000000703200000| Complete 
|  21|0x0000000703400000, 0x0000000703600000, 0x0000000703600000|100%|HS|  |TAMS 0x0000000703400000, 0x0000000703400000| Complete 
|  22|0x0000000703600000, 0x0000000703800000, 0x0000000703800000|100%| O|  |TAMS 0x0000000703600000, 0x0000000703600000| Untracked 
|  23|0x0000000703800000, 0x0000000703a00000, 0x0000000703a00000|100%| O|  |TAMS 0x0000000703800000, 0x0000000703800000| Untracked 
|  24|0x0000000703a00000, 0x0000000703c00000, 0x0000000703c00000|100%| O|  |TAMS 0x0000000703a00000, 0x0000000703a00000| Untracked 
|  25|0x0000000703c00000, 0x0000000703e00000, 0x0000000703e00000|100%| O|  |TAMS 0x0000000703c00000, 0x0000000703c00000| Untracked 
|  26|0x0000000703e00000, 0x0000000704000000, 0x0000000704000000|100%| O|  |TAMS 0x0000000703e00000, 0x0000000703e00000| Untracked 
|  27|0x0000000704000000, 0x0000000704200000, 0x0000000704200000|100%| O|  |TAMS 0x0000000704000000, 0x0000000704000000| Untracked 
|  28|0x0000000704200000, 0x0000000704400000, 0x0000000704400000|100%| O|  |TAMS 0x0000000704200000, 0x0000000704200000| Untracked 
|  29|0x0000000704400000, 0x0000000704600000, 0x0000000704600000|100%| O|  |TAMS 0x0000000704400000, 0x0000000704400000| Untracked 
|  30|0x0000000704600000, 0x0000000704800000, 0x0000000704800000|100%| O|  |TAMS 0x0000000704600000, 0x0000000704600000| Untracked 
|  31|0x0000000704800000, 0x0000000704a00000, 0x0000000704a00000|100%| O|  |TAMS 0x0000000704800000, 0x0000000704800000| Untracked 
|  32|0x0000000704a00000, 0x0000000704c00000, 0x0000000704c00000|100%| O|  |TAMS 0x0000000704a00000, 0x0000000704a00000| Untracked 
|  33|0x0000000704c00000, 0x0000000704e00000, 0x0000000704e00000|100%| O|  |TAMS 0x0000000704c00000, 0x0000000704c00000| Untracked 
|  34|0x0000000704e00000, 0x0000000705000000, 0x0000000705000000|100%| O|  |TAMS 0x0000000704e00000, 0x0000000704e00000| Untracked 
|  35|0x0000000705000000, 0x0000000705200000, 0x0000000705200000|100%| O|  |TAMS 0x0000000705000000, 0x0000000705000000| Untracked 
|  36|0x0000000705200000, 0x00000007052c0200, 0x0000000705400000| 37%| O|  |TAMS 0x0000000705200000, 0x0000000705200000| Untracked 
|  37|0x0000000705400000, 0x0000000705400000, 0x0000000705600000|  0%| F|  |TAMS 0x0000000705400000, 0x0000000705400000| Untracked 
|  38|0x0000000705600000, 0x0000000705600000, 0x0000000705800000|  0%| F|  |TAMS 0x0000000705600000, 0x0000000705600000| Untracked 
|  39|0x0000000705800000, 0x0000000705800000, 0x0000000705a00000|  0%| F|  |TAMS 0x0000000705800000, 0x0000000705800000| Untracked 
|  40|0x0000000705a00000, 0x0000000705a00000, 0x0000000705c00000|  0%| F|  |TAMS 0x0000000705a00000, 0x0000000705a00000| Untracked 
|  41|0x0000000705c00000, 0x0000000705c00000, 0x0000000705e00000|  0%| F|  |TAMS 0x0000000705c00000, 0x0000000705c00000| Untracked 
|  42|0x0000000705e00000, 0x0000000705e00000, 0x0000000706000000|  0%| F|  |TAMS 0x0000000705e00000, 0x0000000705e00000| Untracked 
|  43|0x0000000706000000, 0x0000000706000000, 0x0000000706200000|  0%| F|  |TAMS 0x0000000706000000, 0x0000000706000000| Untracked 
|  44|0x0000000706200000, 0x0000000706200000, 0x0000000706400000|  0%| F|  |TAMS 0x0000000706200000, 0x0000000706200000| Untracked 
|  45|0x0000000706400000, 0x0000000706400000, 0x0000000706600000|  0%| F|  |TAMS 0x0000000706400000, 0x0000000706400000| Untracked 
|  46|0x0000000706600000, 0x0000000706600000, 0x0000000706800000|  0%| F|  |TAMS 0x0000000706600000, 0x0000000706600000| Untracked 
|  47|0x0000000706800000, 0x0000000706800000, 0x0000000706a00000|  0%| F|  |TAMS 0x0000000706800000, 0x0000000706800000| Untracked 
|  48|0x0000000706a00000, 0x0000000706a00000, 0x0000000706c00000|  0%| F|  |TAMS 0x0000000706a00000, 0x0000000706a00000| Untracked 
|  49|0x0000000706c00000, 0x0000000706c00000, 0x0000000706e00000|  0%| F|  |TAMS 0x0000000706c00000, 0x0000000706c00000| Untracked 
|  50|0x0000000706e00000, 0x0000000706e00000, 0x0000000707000000|  0%| F|  |TAMS 0x0000000706e00000, 0x0000000706e00000| Untracked 
|  51|0x0000000707000000, 0x0000000707000000, 0x0000000707200000|  0%| F|  |TAMS 0x0000000707000000, 0x0000000707000000| Untracked 
|  52|0x0000000707200000, 0x0000000707200000, 0x0000000707400000|  0%| F|  |TAMS 0x0000000707200000, 0x0000000707200000| Untracked 
|  53|0x0000000707400000, 0x0000000707400000, 0x0000000707600000|  0%| F|  |TAMS 0x0000000707400000, 0x0000000707400000| Untracked 
|  54|0x0000000707600000, 0x0000000707600000, 0x0000000707800000|  0%| F|  |TAMS 0x0000000707600000, 0x0000000707600000| Untracked 
|  55|0x0000000707800000, 0x0000000707800000, 0x0000000707a00000|  0%| F|  |TAMS 0x0000000707800000, 0x0000000707800000| Untracked 
|  56|0x0000000707a00000, 0x0000000707a00000, 0x0000000707c00000|  0%| F|  |TAMS 0x0000000707a00000, 0x0000000707a00000| Untracked 
|  57|0x0000000707c00000, 0x0000000707c00000, 0x0000000707e00000|  0%| F|  |TAMS 0x0000000707c00000, 0x0000000707c00000| Untracked 
|  58|0x0000000707e00000, 0x0000000707e00000, 0x0000000708000000|  0%| F|  |TAMS 0x0000000707e00000, 0x0000000707e00000| Untracked 
|  59|0x0000000708000000, 0x0000000708000000, 0x0000000708200000|  0%| F|  |TAMS 0x0000000708000000, 0x0000000708000000| Untracked 
|  60|0x0000000708200000, 0x0000000708200000, 0x0000000708400000|  0%| F|  |TAMS 0x0000000708200000, 0x0000000708200000| Untracked 
|  61|0x0000000708400000, 0x0000000708400000, 0x0000000708600000|  0%| F|  |TAMS 0x0000000708400000, 0x0000000708400000| Untracked 
|  62|0x0000000708600000, 0x0000000708600000, 0x0000000708800000|  0%| F|  |TAMS 0x0000000708600000, 0x0000000708600000| Untracked 
|  63|0x0000000708800000, 0x0000000708800000, 0x0000000708a00000|  0%| F|  |TAMS 0x0000000708800000, 0x0000000708800000| Untracked 
|  64|0x0000000708a00000, 0x0000000708a00000, 0x0000000708c00000|  0%| F|  |TAMS 0x0000000708a00000, 0x0000000708a00000| Untracked 
|  65|0x0000000708c00000, 0x0000000708c00000, 0x0000000708e00000|  0%| F|  |TAMS 0x0000000708c00000, 0x0000000708c00000| Untracked 
|  66|0x0000000708e00000, 0x0000000708e00000, 0x0000000709000000|  0%| F|  |TAMS 0x0000000708e00000, 0x0000000708e00000| Untracked 
|  67|0x0000000709000000, 0x0000000709000000, 0x0000000709200000|  0%| F|  |TAMS 0x0000000709000000, 0x0000000709000000| Untracked 
|  68|0x0000000709200000, 0x0000000709200000, 0x0000000709400000|  0%| F|  |TAMS 0x0000000709200000, 0x0000000709200000| Untracked 
|  69|0x0000000709400000, 0x0000000709400000, 0x0000000709600000|  0%| F|  |TAMS 0x0000000709400000, 0x0000000709400000| Untracked 
|  70|0x0000000709600000, 0x0000000709600000, 0x0000000709800000|  0%| F|  |TAMS 0x0000000709600000, 0x0000000709600000| Untracked 
|  71|0x0000000709800000, 0x0000000709800000, 0x0000000709a00000|  0%| F|  |TAMS 0x0000000709800000, 0x0000000709800000| Untracked 
|  72|0x0000000709a00000, 0x0000000709a00000, 0x0000000709c00000|  0%| F|  |TAMS 0x0000000709a00000, 0x0000000709a00000| Untracked 
|  73|0x0000000709c00000, 0x0000000709c00000, 0x0000000709e00000|  0%| F|  |TAMS 0x0000000709c00000, 0x0000000709c00000| Untracked 
|  74|0x0000000709e00000, 0x0000000709e00000, 0x000000070a000000|  0%| F|  |TAMS 0x0000000709e00000, 0x0000000709e00000| Untracked 
|  75|0x000000070a000000, 0x000000070a000000, 0x000000070a200000|  0%| F|  |TAMS 0x000000070a000000, 0x000000070a000000| Untracked 
|  76|0x000000070a200000, 0x000000070a200000, 0x000000070a400000|  0%| F|  |TAMS 0x000000070a200000, 0x000000070a200000| Untracked 
|  77|0x000000070a400000, 0x000000070a400000, 0x000000070a600000|  0%| F|  |TAMS 0x000000070a400000, 0x000000070a400000| Untracked 
|  78|0x000000070a600000, 0x000000070a600000, 0x000000070a800000|  0%| F|  |TAMS 0x000000070a600000, 0x000000070a600000| Untracked 
|  79|0x000000070a800000, 0x000000070a800000, 0x000000070aa00000|  0%| F|  |TAMS 0x000000070a800000, 0x000000070a800000| Untracked 
|  80|0x000000070aa00000, 0x000000070aa00000, 0x000000070ac00000|  0%| F|  |TAMS 0x000000070aa00000, 0x000000070aa00000| Untracked 
|  81|0x000000070ac00000, 0x000000070ac00000, 0x000000070ae00000|  0%| F|  |TAMS 0x000000070ac00000, 0x000000070ac00000| Untracked 
|  82|0x000000070ae00000, 0x000000070ae00000, 0x000000070b000000|  0%| F|  |TAMS 0x000000070ae00000, 0x000000070ae00000| Untracked 
|  83|0x000000070b000000, 0x000000070b000000, 0x000000070b200000|  0%| F|  |TAMS 0x000000070b000000, 0x000000070b000000| Untracked 
|  84|0x000000070b200000, 0x000000070b200000, 0x000000070b400000|  0%| F|  |TAMS 0x000000070b200000, 0x000000070b200000| Untracked 
|  85|0x000000070b400000, 0x000000070b400000, 0x000000070b600000|  0%| F|  |TAMS 0x000000070b400000, 0x000000070b400000| Untracked 
|  86|0x000000070b600000, 0x000000070b600000, 0x000000070b800000|  0%| F|  |TAMS 0x000000070b600000, 0x000000070b600000| Untracked 
|  87|0x000000070b800000, 0x000000070b800000, 0x000000070ba00000|  0%| F|  |TAMS 0x000000070b800000, 0x000000070b800000| Untracked 
|  88|0x000000070ba00000, 0x000000070ba00000, 0x000000070bc00000|  0%| F|  |TAMS 0x000000070ba00000, 0x000000070ba00000| Untracked 
|  89|0x000000070bc00000, 0x000000070bc00000, 0x000000070be00000|  0%| F|  |TAMS 0x000000070bc00000, 0x000000070bc00000| Untracked 
|  90|0x000000070be00000, 0x000000070be00000, 0x000000070c000000|  0%| F|  |TAMS 0x000000070be00000, 0x000000070be00000| Untracked 
|  91|0x000000070c000000, 0x000000070c000000, 0x000000070c200000|  0%| F|  |TAMS 0x000000070c000000, 0x000000070c000000| Untracked 
|  92|0x000000070c200000, 0x000000070c200000, 0x000000070c400000|  0%| F|  |TAMS 0x000000070c200000, 0x000000070c200000| Untracked 
|  93|0x000000070c400000, 0x000000070c400000, 0x000000070c600000|  0%| F|  |TAMS 0x000000070c400000, 0x000000070c400000| Untracked 
|  94|0x000000070c600000, 0x000000070c7400a0, 0x000000070c800000| 62%| S|CS|TAMS 0x000000070c600000, 0x000000070c600000| Complete 
|  95|0x000000070c800000, 0x000000070ca00000, 0x000000070ca00000|100%| S|CS|TAMS 0x000000070c800000, 0x000000070c800000| Complete 
|  96|0x000000070ca00000, 0x000000070cc00000, 0x000000070cc00000|100%| S|CS|TAMS 0x000000070ca00000, 0x000000070ca00000| Complete 
|  97|0x000000070cc00000, 0x000000070ce00000, 0x000000070ce00000|100%| S|CS|TAMS 0x000000070cc00000, 0x000000070cc00000| Complete 
|  98|0x000000070ce00000, 0x000000070d000000, 0x000000070d000000|100%| S|CS|TAMS 0x000000070ce00000, 0x000000070ce00000| Complete 
|  99|0x000000070d000000, 0x000000070d200000, 0x000000070d200000|100%| S|CS|TAMS 0x000000070d000000, 0x000000070d000000| Complete 
| 100|0x000000070d200000, 0x000000070d400000, 0x000000070d400000|100%| S|CS|TAMS 0x000000070d200000, 0x000000070d200000| Complete 
| 101|0x000000070d400000, 0x000000070d600000, 0x000000070d600000|100%| S|CS|TAMS 0x000000070d400000, 0x000000070d400000| Complete 
| 102|0x000000070d600000, 0x000000070d800000, 0x000000070d800000|100%| S|CS|TAMS 0x000000070d600000, 0x000000070d600000| Complete 
| 103|0x000000070d800000, 0x000000070d800000, 0x000000070da00000|  0%| F|  |TAMS 0x000000070d800000, 0x000000070d800000| Untracked 
| 104|0x000000070da00000, 0x000000070da00000, 0x000000070dc00000|  0%| F|  |TAMS 0x000000070da00000, 0x000000070da00000| Untracked 
| 105|0x000000070dc00000, 0x000000070dc00000, 0x000000070de00000|  0%| F|  |TAMS 0x000000070dc00000, 0x000000070dc00000| Untracked 
| 106|0x000000070de00000, 0x000000070de00000, 0x000000070e000000|  0%| F|  |TAMS 0x000000070de00000, 0x000000070de00000| Untracked 
| 107|0x000000070e000000, 0x000000070e000000, 0x000000070e200000|  0%| F|  |TAMS 0x000000070e000000, 0x000000070e000000| Untracked 
| 108|0x000000070e200000, 0x000000070e200000, 0x000000070e400000|  0%| F|  |TAMS 0x000000070e200000, 0x000000070e200000| Untracked 
| 109|0x000000070e400000, 0x000000070e400000, 0x000000070e600000|  0%| F|  |TAMS 0x000000070e400000, 0x000000070e400000| Untracked 
| 110|0x000000070e600000, 0x000000070e600000, 0x000000070e800000|  0%| F|  |TAMS 0x000000070e600000, 0x000000070e600000| Untracked 
| 111|0x000000070e800000, 0x000000070e800000, 0x000000070ea00000|  0%| F|  |TAMS 0x000000070e800000, 0x000000070e800000| Untracked 
| 112|0x000000070ea00000, 0x000000070ea00000, 0x000000070ec00000|  0%| F|  |TAMS 0x000000070ea00000, 0x000000070ea00000| Untracked 
| 113|0x000000070ec00000, 0x000000070ec00000, 0x000000070ee00000|  0%| F|  |TAMS 0x000000070ec00000, 0x000000070ec00000| Untracked 
| 114|0x000000070ee00000, 0x000000070ee00000, 0x000000070f000000|  0%| F|  |TAMS 0x000000070ee00000, 0x000000070ee00000| Untracked 
| 115|0x000000070f000000, 0x000000070f000000, 0x000000070f200000|  0%| F|  |TAMS 0x000000070f000000, 0x000000070f000000| Untracked 
| 116|0x000000070f200000, 0x000000070f200000, 0x000000070f400000|  0%| F|  |TAMS 0x000000070f200000, 0x000000070f200000| Untracked 
| 117|0x000000070f400000, 0x000000070f400000, 0x000000070f600000|  0%| F|  |TAMS 0x000000070f400000, 0x000000070f400000| Untracked 
| 118|0x000000070f600000, 0x000000070f600000, 0x000000070f800000|  0%| F|  |TAMS 0x000000070f600000, 0x000000070f600000| Untracked 
| 119|0x000000070f800000, 0x000000070f800000, 0x000000070fa00000|  0%| F|  |TAMS 0x000000070f800000, 0x000000070f800000| Untracked 
| 120|0x000000070fa00000, 0x000000070fa00000, 0x000000070fc00000|  0%| F|  |TAMS 0x000000070fa00000, 0x000000070fa00000| Untracked 
| 121|0x000000070fc00000, 0x000000070fc00000, 0x000000070fe00000|  0%| F|  |TAMS 0x000000070fc00000, 0x000000070fc00000| Untracked 
| 122|0x000000070fe00000, 0x000000070fe00000, 0x0000000710000000|  0%| F|  |TAMS 0x000000070fe00000, 0x000000070fe00000| Untracked 
| 123|0x0000000710000000, 0x0000000710000000, 0x0000000710200000|  0%| F|  |TAMS 0x0000000710000000, 0x0000000710000000| Untracked 
| 124|0x0000000710200000, 0x0000000710200000, 0x0000000710400000|  0%| F|  |TAMS 0x0000000710200000, 0x0000000710200000| Untracked 
| 125|0x0000000710400000, 0x0000000710400000, 0x0000000710600000|  0%| F|  |TAMS 0x0000000710400000, 0x0000000710400000| Untracked 
| 126|0x0000000710600000, 0x0000000710600000, 0x0000000710800000|  0%| F|  |TAMS 0x0000000710600000, 0x0000000710600000| Untracked 
| 127|0x0000000710800000, 0x0000000710800000, 0x0000000710a00000|  0%| F|  |TAMS 0x0000000710800000, 0x0000000710800000| Untracked 
| 128|0x0000000710a00000, 0x0000000710a00000, 0x0000000710c00000|  0%| F|  |TAMS 0x0000000710a00000, 0x0000000710a00000| Untracked 
| 129|0x0000000710c00000, 0x0000000710c00000, 0x0000000710e00000|  0%| F|  |TAMS 0x0000000710c00000, 0x0000000710c00000| Untracked 
| 130|0x0000000710e00000, 0x0000000710e00000, 0x0000000711000000|  0%| F|  |TAMS 0x0000000710e00000, 0x0000000710e00000| Untracked 
| 131|0x0000000711000000, 0x0000000711000000, 0x0000000711200000|  0%| F|  |TAMS 0x0000000711000000, 0x0000000711000000| Untracked 
| 132|0x0000000711200000, 0x0000000711200000, 0x0000000711400000|  0%| F|  |TAMS 0x0000000711200000, 0x0000000711200000| Untracked 
| 133|0x0000000711400000, 0x0000000711400000, 0x0000000711600000|  0%| F|  |TAMS 0x0000000711400000, 0x0000000711400000| Untracked 
| 134|0x0000000711600000, 0x0000000711600000, 0x0000000711800000|  0%| F|  |TAMS 0x0000000711600000, 0x0000000711600000| Untracked 
| 135|0x0000000711800000, 0x0000000711800000, 0x0000000711a00000|  0%| F|  |TAMS 0x0000000711800000, 0x0000000711800000| Untracked 
| 136|0x0000000711a00000, 0x0000000711a00000, 0x0000000711c00000|  0%| F|  |TAMS 0x0000000711a00000, 0x0000000711a00000| Untracked 
| 137|0x0000000711c00000, 0x0000000711c00000, 0x0000000711e00000|  0%| F|  |TAMS 0x0000000711c00000, 0x0000000711c00000| Untracked 
| 138|0x0000000711e00000, 0x0000000711e00000, 0x0000000712000000|  0%| F|  |TAMS 0x0000000711e00000, 0x0000000711e00000| Untracked 
| 139|0x0000000712000000, 0x0000000712000000, 0x0000000712200000|  0%| F|  |TAMS 0x0000000712000000, 0x0000000712000000| Untracked 
| 140|0x0000000712200000, 0x0000000712200000, 0x0000000712400000|  0%| F|  |TAMS 0x0000000712200000, 0x0000000712200000| Untracked 
| 141|0x0000000712400000, 0x0000000712400000, 0x0000000712600000|  0%| F|  |TAMS 0x0000000712400000, 0x0000000712400000| Untracked 
| 142|0x0000000712600000, 0x0000000712800000, 0x0000000712800000|100%| E|  |TAMS 0x0000000712600000, 0x0000000712600000| Complete 
| 143|0x0000000712800000, 0x0000000712a00000, 0x0000000712a00000|100%| E|CS|TAMS 0x0000000712800000, 0x0000000712800000| Complete 
| 144|0x0000000712a00000, 0x0000000712c00000, 0x0000000712c00000|100%| E|  |TAMS 0x0000000712a00000, 0x0000000712a00000| Complete 
| 145|0x0000000712c00000, 0x0000000712e00000, 0x0000000712e00000|100%| E|CS|TAMS 0x0000000712c00000, 0x0000000712c00000| Complete 
| 146|0x0000000712e00000, 0x0000000713000000, 0x0000000713000000|100%| E|CS|TAMS 0x0000000712e00000, 0x0000000712e00000| Complete 
| 147|0x0000000713000000, 0x0000000713200000, 0x0000000713200000|100%| E|CS|TAMS 0x0000000713000000, 0x0000000713000000| Complete 
| 148|0x0000000713200000, 0x0000000713400000, 0x0000000713400000|100%| E|CS|TAMS 0x0000000713200000, 0x0000000713200000| Complete 
| 149|0x0000000713400000, 0x0000000713600000, 0x0000000713600000|100%| E|CS|TAMS 0x0000000713400000, 0x0000000713400000| Complete 
| 150|0x0000000713600000, 0x0000000713800000, 0x0000000713800000|100%| E|CS|TAMS 0x0000000713600000, 0x0000000713600000| Complete 
| 151|0x0000000713800000, 0x0000000713a00000, 0x0000000713a00000|100%| E|CS|TAMS 0x0000000713800000, 0x0000000713800000| Complete 
| 152|0x0000000713a00000, 0x0000000713c00000, 0x0000000713c00000|100%| E|CS|TAMS 0x0000000713a00000, 0x0000000713a00000| Complete 
| 153|0x0000000713c00000, 0x0000000713e00000, 0x0000000713e00000|100%| E|CS|TAMS 0x0000000713c00000, 0x0000000713c00000| Complete 
| 154|0x0000000713e00000, 0x0000000714000000, 0x0000000714000000|100%| E|CS|TAMS 0x0000000713e00000, 0x0000000713e00000| Complete 
| 155|0x0000000714000000, 0x0000000714200000, 0x0000000714200000|100%| E|CS|TAMS 0x0000000714000000, 0x0000000714000000| Complete 
| 156|0x0000000714200000, 0x0000000714400000, 0x0000000714400000|100%| E|CS|TAMS 0x0000000714200000, 0x0000000714200000| Complete 
| 157|0x0000000714400000, 0x0000000714600000, 0x0000000714600000|100%| E|CS|TAMS 0x0000000714400000, 0x0000000714400000| Complete 
| 158|0x0000000714600000, 0x0000000714800000, 0x0000000714800000|100%| E|CS|TAMS 0x0000000714600000, 0x0000000714600000| Complete 
| 159|0x0000000714800000, 0x0000000714a00000, 0x0000000714a00000|100%| E|CS|TAMS 0x0000000714800000, 0x0000000714800000| Complete 
| 160|0x0000000714a00000, 0x0000000714c00000, 0x0000000714c00000|100%| E|CS|TAMS 0x0000000714a00000, 0x0000000714a00000| Complete 
| 161|0x0000000714c00000, 0x0000000714e00000, 0x0000000714e00000|100%| E|CS|TAMS 0x0000000714c00000, 0x0000000714c00000| Complete 
| 162|0x0000000714e00000, 0x0000000715000000, 0x0000000715000000|100%| E|CS|TAMS 0x0000000714e00000, 0x0000000714e00000| Complete 
| 163|0x0000000715000000, 0x0000000715200000, 0x0000000715200000|100%| E|CS|TAMS 0x0000000715000000, 0x0000000715000000| Complete 
| 164|0x0000000715200000, 0x0000000715400000, 0x0000000715400000|100%| E|CS|TAMS 0x0000000715200000, 0x0000000715200000| Complete 
| 165|0x0000000715400000, 0x0000000715600000, 0x0000000715600000|100%| E|CS|TAMS 0x0000000715400000, 0x0000000715400000| Complete 
| 166|0x0000000715600000, 0x0000000715800000, 0x0000000715800000|100%| E|CS|TAMS 0x0000000715600000, 0x0000000715600000| Complete 
| 167|0x0000000715800000, 0x0000000715a00000, 0x0000000715a00000|100%| E|CS|TAMS 0x0000000715800000, 0x0000000715800000| Complete 
| 168|0x0000000715a00000, 0x0000000715c00000, 0x0000000715c00000|100%| E|CS|TAMS 0x0000000715a00000, 0x0000000715a00000| Complete 
| 169|0x0000000715c00000, 0x0000000715e00000, 0x0000000715e00000|100%| E|CS|TAMS 0x0000000715c00000, 0x0000000715c00000| Complete 
| 170|0x0000000715e00000, 0x0000000716000000, 0x0000000716000000|100%| E|CS|TAMS 0x0000000715e00000, 0x0000000715e00000| Complete 
| 171|0x0000000716000000, 0x0000000716200000, 0x0000000716200000|100%| E|CS|TAMS 0x0000000716000000, 0x0000000716000000| Complete 
| 172|0x0000000716200000, 0x0000000716400000, 0x0000000716400000|100%| E|CS|TAMS 0x0000000716200000, 0x0000000716200000| Complete 
| 173|0x0000000716400000, 0x0000000716600000, 0x0000000716600000|100%| E|CS|TAMS 0x0000000716400000, 0x0000000716400000| Complete 
| 174|0x0000000716600000, 0x0000000716800000, 0x0000000716800000|100%| E|CS|TAMS 0x0000000716600000, 0x0000000716600000| Complete 
| 175|0x0000000716800000, 0x0000000716a00000, 0x0000000716a00000|100%| E|CS|TAMS 0x0000000716800000, 0x0000000716800000| Complete 
| 176|0x0000000716a00000, 0x0000000716c00000, 0x0000000716c00000|100%| E|CS|TAMS 0x0000000716a00000, 0x0000000716a00000| Complete 
| 177|0x0000000716c00000, 0x0000000716e00000, 0x0000000716e00000|100%| E|CS|TAMS 0x0000000716c00000, 0x0000000716c00000| Complete 
| 178|0x0000000716e00000, 0x0000000717000000, 0x0000000717000000|100%| E|CS|TAMS 0x0000000716e00000, 0x0000000716e00000| Complete 
| 179|0x0000000717000000, 0x0000000717200000, 0x0000000717200000|100%| E|CS|TAMS 0x0000000717000000, 0x0000000717000000| Complete 
| 180|0x0000000717200000, 0x0000000717400000, 0x0000000717400000|100%| E|CS|TAMS 0x0000000717200000, 0x0000000717200000| Complete 
| 181|0x0000000717400000, 0x0000000717600000, 0x0000000717600000|100%| E|CS|TAMS 0x0000000717400000, 0x0000000717400000| Complete 
| 182|0x0000000717600000, 0x0000000717800000, 0x0000000717800000|100%| E|CS|TAMS 0x0000000717600000, 0x0000000717600000| Complete 
| 183|0x0000000717800000, 0x0000000717a00000, 0x0000000717a00000|100%| E|CS|TAMS 0x0000000717800000, 0x0000000717800000| Complete 
| 184|0x0000000717a00000, 0x0000000717c00000, 0x0000000717c00000|100%| E|CS|TAMS 0x0000000717a00000, 0x0000000717a00000| Complete 
| 185|0x0000000717c00000, 0x0000000717e00000, 0x0000000717e00000|100%| E|CS|TAMS 0x0000000717c00000, 0x0000000717c00000| Complete 
| 186|0x0000000717e00000, 0x0000000718000000, 0x0000000718000000|100%| E|CS|TAMS 0x0000000717e00000, 0x0000000717e00000| Complete 
| 187|0x0000000718000000, 0x0000000718200000, 0x0000000718200000|100%| E|CS|TAMS 0x0000000718000000, 0x0000000718000000| Complete 
| 188|0x0000000718200000, 0x0000000718400000, 0x0000000718400000|100%| E|CS|TAMS 0x0000000718200000, 0x0000000718200000| Complete 
| 189|0x0000000718400000, 0x0000000718600000, 0x0000000718600000|100%| E|CS|TAMS 0x0000000718400000, 0x0000000718400000| Complete 
| 190|0x0000000718600000, 0x0000000718800000, 0x0000000718800000|100%| E|CS|TAMS 0x0000000718600000, 0x0000000718600000| Complete 
| 191|0x0000000718800000, 0x0000000718a00000, 0x0000000718a00000|100%| E|CS|TAMS 0x0000000718800000, 0x0000000718800000| Complete 
| 192|0x0000000718a00000, 0x0000000718c00000, 0x0000000718c00000|100%| E|CS|TAMS 0x0000000718a00000, 0x0000000718a00000| Complete 
| 193|0x0000000718c00000, 0x0000000718e00000, 0x0000000718e00000|100%| E|CS|TAMS 0x0000000718c00000, 0x0000000718c00000| Complete 
| 194|0x0000000718e00000, 0x0000000719000000, 0x0000000719000000|100%| E|CS|TAMS 0x0000000718e00000, 0x0000000718e00000| Complete 
| 195|0x0000000719000000, 0x0000000719200000, 0x0000000719200000|100%| E|CS|TAMS 0x0000000719000000, 0x0000000719000000| Complete 
| 196|0x0000000719200000, 0x0000000719400000, 0x0000000719400000|100%| E|CS|TAMS 0x0000000719200000, 0x0000000719200000| Complete 
| 197|0x0000000719400000, 0x0000000719600000, 0x0000000719600000|100%| E|CS|TAMS 0x0000000719400000, 0x0000000719400000| Complete 
| 198|0x0000000719600000, 0x0000000719800000, 0x0000000719800000|100%| E|CS|TAMS 0x0000000719600000, 0x0000000719600000| Complete 
| 199|0x0000000719800000, 0x0000000719a00000, 0x0000000719a00000|100%| E|CS|TAMS 0x0000000719800000, 0x0000000719800000| Complete 
| 200|0x0000000719a00000, 0x0000000719c00000, 0x0000000719c00000|100%| E|CS|TAMS 0x0000000719a00000, 0x0000000719a00000| Complete 
| 201|0x0000000719c00000, 0x0000000719e00000, 0x0000000719e00000|100%| E|CS|TAMS 0x0000000719c00000, 0x0000000719c00000| Complete 
| 202|0x0000000719e00000, 0x000000071a000000, 0x000000071a000000|100%| E|CS|TAMS 0x0000000719e00000, 0x0000000719e00000| Complete 
| 203|0x000000071a000000, 0x000000071a200000, 0x000000071a200000|100%| E|CS|TAMS 0x000000071a000000, 0x000000071a000000| Complete 
| 204|0x000000071a200000, 0x000000071a400000, 0x000000071a400000|100%| E|CS|TAMS 0x000000071a200000, 0x000000071a200000| Complete 
| 205|0x000000071a400000, 0x000000071a600000, 0x000000071a600000|100%| E|CS|TAMS 0x000000071a400000, 0x000000071a400000| Complete 
| 206|0x000000071a600000, 0x000000071a800000, 0x000000071a800000|100%| E|CS|TAMS 0x000000071a600000, 0x000000071a600000| Complete 
| 207|0x000000071a800000, 0x000000071aa00000, 0x000000071aa00000|100%| E|CS|TAMS 0x000000071a800000, 0x000000071a800000| Complete 
| 208|0x000000071aa00000, 0x000000071ac00000, 0x000000071ac00000|100%| E|CS|TAMS 0x000000071aa00000, 0x000000071aa00000| Complete 
| 209|0x000000071ac00000, 0x000000071ae00000, 0x000000071ae00000|100%| E|CS|TAMS 0x000000071ac00000, 0x000000071ac00000| Complete 
| 210|0x000000071ae00000, 0x000000071b000000, 0x000000071b000000|100%| E|CS|TAMS 0x000000071ae00000, 0x000000071ae00000| Complete 
| 211|0x000000071b000000, 0x000000071b200000, 0x000000071b200000|100%| E|CS|TAMS 0x000000071b000000, 0x000000071b000000| Complete 
| 212|0x000000071b200000, 0x000000071b400000, 0x000000071b400000|100%| E|CS|TAMS 0x000000071b200000, 0x000000071b200000| Complete 
| 213|0x000000071b400000, 0x000000071b600000, 0x000000071b600000|100%| E|CS|TAMS 0x000000071b400000, 0x000000071b400000| Complete 
| 214|0x000000071b600000, 0x000000071b800000, 0x000000071b800000|100%| E|CS|TAMS 0x000000071b600000, 0x000000071b600000| Complete 
| 215|0x000000071b800000, 0x000000071ba00000, 0x000000071ba00000|100%| E|CS|TAMS 0x000000071b800000, 0x000000071b800000| Complete 
| 216|0x000000071ba00000, 0x000000071bc00000, 0x000000071bc00000|100%| E|CS|TAMS 0x000000071ba00000, 0x000000071ba00000| Complete 
| 217|0x000000071bc00000, 0x000000071be00000, 0x000000071be00000|100%| E|CS|TAMS 0x000000071bc00000, 0x000000071bc00000| Complete 
| 218|0x000000071be00000, 0x000000071c000000, 0x000000071c000000|100%| E|CS|TAMS 0x000000071be00000, 0x000000071be00000| Complete 
| 219|0x000000071c000000, 0x000000071c200000, 0x000000071c200000|100%| E|CS|TAMS 0x000000071c000000, 0x000000071c000000| Complete 
| 220|0x000000071c200000, 0x000000071c400000, 0x000000071c400000|100%| E|CS|TAMS 0x000000071c200000, 0x000000071c200000| Complete 
| 221|0x000000071c400000, 0x000000071c600000, 0x000000071c600000|100%| E|CS|TAMS 0x000000071c400000, 0x000000071c400000| Complete 
| 222|0x000000071c600000, 0x000000071c800000, 0x000000071c800000|100%| E|CS|TAMS 0x000000071c600000, 0x000000071c600000| Complete 
| 223|0x000000071c800000, 0x000000071ca00000, 0x000000071ca00000|100%| E|CS|TAMS 0x000000071c800000, 0x000000071c800000| Complete 
| 224|0x000000071ca00000, 0x000000071cc00000, 0x000000071cc00000|100%| E|CS|TAMS 0x000000071ca00000, 0x000000071ca00000| Complete 
| 225|0x000000071cc00000, 0x000000071ce00000, 0x000000071ce00000|100%| E|CS|TAMS 0x000000071cc00000, 0x000000071cc00000| Complete 
| 226|0x000000071ce00000, 0x000000071d000000, 0x000000071d000000|100%| E|CS|TAMS 0x000000071ce00000, 0x000000071ce00000| Complete 
| 227|0x000000071d000000, 0x000000071d200000, 0x000000071d200000|100%| E|CS|TAMS 0x000000071d000000, 0x000000071d000000| Complete 
| 228|0x000000071d200000, 0x000000071d400000, 0x000000071d400000|100%| E|CS|TAMS 0x000000071d200000, 0x000000071d200000| Complete 
| 229|0x000000071d400000, 0x000000071d600000, 0x000000071d600000|100%| E|CS|TAMS 0x000000071d400000, 0x000000071d400000| Complete 
| 230|0x000000071d600000, 0x000000071d800000, 0x000000071d800000|100%| E|CS|TAMS 0x000000071d600000, 0x000000071d600000| Complete 
| 231|0x000000071d800000, 0x000000071da00000, 0x000000071da00000|100%| E|CS|TAMS 0x000000071d800000, 0x000000071d800000| Complete 
| 232|0x000000071da00000, 0x000000071dc00000, 0x000000071dc00000|100%| E|CS|TAMS 0x000000071da00000, 0x000000071da00000| Complete 
| 233|0x000000071dc00000, 0x000000071de00000, 0x000000071de00000|100%| E|CS|TAMS 0x000000071dc00000, 0x000000071dc00000| Complete 
| 234|0x000000071de00000, 0x000000071e000000, 0x000000071e000000|100%| E|CS|TAMS 0x000000071de00000, 0x000000071de00000| Complete 
| 235|0x000000071e000000, 0x000000071e200000, 0x000000071e200000|100%| E|CS|TAMS 0x000000071e000000, 0x000000071e000000| Complete 
| 236|0x000000071e200000, 0x000000071e400000, 0x000000071e400000|100%| E|CS|TAMS 0x000000071e200000, 0x000000071e200000| Complete 
| 237|0x000000071e400000, 0x000000071e600000, 0x000000071e600000|100%| E|CS|TAMS 0x000000071e400000, 0x000000071e400000| Complete 
| 238|0x000000071e600000, 0x000000071e800000, 0x000000071e800000|100%| E|CS|TAMS 0x000000071e600000, 0x000000071e600000| Complete 
| 239|0x000000071e800000, 0x000000071ea00000, 0x000000071ea00000|100%| E|CS|TAMS 0x000000071e800000, 0x000000071e800000| Complete 
| 240|0x000000071ea00000, 0x000000071ec00000, 0x000000071ec00000|100%| E|CS|TAMS 0x000000071ea00000, 0x000000071ea00000| Complete 
| 241|0x000000071ec00000, 0x000000071ee00000, 0x000000071ee00000|100%| E|CS|TAMS 0x000000071ec00000, 0x000000071ec00000| Complete 
| 242|0x000000071ee00000, 0x000000071f000000, 0x000000071f000000|100%| E|CS|TAMS 0x000000071ee00000, 0x000000071ee00000| Complete 
| 243|0x000000071f000000, 0x000000071f200000, 0x000000071f200000|100%| E|CS|TAMS 0x000000071f000000, 0x000000071f000000| Complete 
| 244|0x000000071f200000, 0x000000071f400000, 0x000000071f400000|100%| E|CS|TAMS 0x000000071f200000, 0x000000071f200000| Complete 
| 245|0x000000071f400000, 0x000000071f600000, 0x000000071f600000|100%| E|CS|TAMS 0x000000071f400000, 0x000000071f400000| Complete 
| 246|0x000000071f600000, 0x000000071f800000, 0x000000071f800000|100%| E|CS|TAMS 0x000000071f600000, 0x000000071f600000| Complete 
| 247|0x000000071f800000, 0x000000071fa00000, 0x000000071fa00000|100%| E|CS|TAMS 0x000000071f800000, 0x000000071f800000| Complete 
| 248|0x000000071fa00000, 0x000000071fc00000, 0x000000071fc00000|100%| E|CS|TAMS 0x000000071fa00000, 0x000000071fa00000| Complete 
| 249|0x000000071fc00000, 0x000000071fe00000, 0x000000071fe00000|100%| E|CS|TAMS 0x000000071fc00000, 0x000000071fc00000| Complete 
| 250|0x000000071fe00000, 0x0000000720000000, 0x0000000720000000|100%| E|CS|TAMS 0x000000071fe00000, 0x000000071fe00000| Complete 
| 251|0x0000000720000000, 0x0000000720200000, 0x0000000720200000|100%| E|CS|TAMS 0x0000000720000000, 0x0000000720000000| Complete 
| 252|0x0000000720200000, 0x0000000720400000, 0x0000000720400000|100%| E|CS|TAMS 0x0000000720200000, 0x0000000720200000| Complete 
| 253|0x0000000720400000, 0x0000000720600000, 0x0000000720600000|100%| E|CS|TAMS 0x0000000720400000, 0x0000000720400000| Complete 
| 254|0x0000000720600000, 0x0000000720800000, 0x0000000720800000|100%| E|CS|TAMS 0x0000000720600000, 0x0000000720600000| Complete 
| 255|0x0000000720800000, 0x0000000720a00000, 0x0000000720a00000|100%| E|CS|TAMS 0x0000000720800000, 0x0000000720800000| Complete 

Card table byte_map: [0x0000026980910000,0x0000026981110000] _byte_map_base: 0x000002697d10b000

Marking Bits (Prev, Next): (CMBitMap*) 0x00000269ed4b4b60, (CMBitMap*) 0x00000269ed4b4ba0
 Prev Bits: [0x0000026981910000, 0x00000269858e8000)
 Next Bits: [0x00000269858f0000, 0x00000269898c8000)

Polling page: 0x00000269eb420000

Metaspace:

Usage:
  Non-class:     14.25 MB used.
      Class:      1.47 MB used.
       Both:     15.73 MB used.

Virtual space:
  Non-class space:       16.00 MB reserved,      14.31 MB ( 89%) committed,  2 nodes.
      Class space:        1.00 GB reserved,       1.56 MB ( <1%) committed,  1 nodes.
             Both:        1.02 GB reserved,      15.88 MB (  2%) committed. 

Chunk freelists:
   Non-Class:  1.00 MB
       Class:  2.25 MB
        Both:  3.25 MB

MaxMetaspaceSize: unlimited
CompressedClassSpaceSize: 1.00 GB
Initial GC threshold: 21.00 MB
Current GC threshold: 21.00 MB
CDS: off
MetaspaceReclaimPolicy: balanced
 - commit_granule_bytes: 65536.
 - commit_granule_words: 8192.
 - virtual_space_node_default_size: 1048576.
 - enlarge_chunks_in_place: 1.
 - new_chunks_are_fully_committed: 0.
 - uncommit_free_chunks: 1.
 - use_allocation_guard: 0.
 - handle_deallocations: 1.


Internal statistics:

num_allocs_failed_limit: 0.
num_arena_births: 96.
num_arena_deaths: 0.
num_vsnodes_births: 3.
num_vsnodes_deaths: 0.
num_space_committed: 254.
num_space_uncommitted: 0.
num_chunks_returned_to_freelist: 0.
num_chunks_taken_from_freelist: 306.
num_chunk_merges: 0.
num_chunk_splits: 192.
num_chunks_enlarged: 144.
num_purges: 0.
num_inconsistent_stats: 0.

CodeHeap 'non-profiled nmethods': size=120000Kb used=2810Kb max_used=2810Kb free=117189Kb
 bounds [0x00000269f85f0000, 0x00000269f88b0000, 0x00000269ffb20000]
CodeHeap 'profiled nmethods': size=120000Kb used=4983Kb max_used=4983Kb free=115016Kb
 bounds [0x00000269f10c0000, 0x00000269f15a0000, 0x00000269f85f0000]
CodeHeap 'non-nmethods': size=5760Kb used=1225Kb max_used=1329Kb free=4534Kb
 bounds [0x00000269f0b20000, 0x00000269f0d90000, 0x00000269f10c0000]
 total_blobs=3358 nmethods=2826 adapters=444
 compilation: enabled
              stopped_count=0, restarted_count=0
 full_count=0

Compilation events (20 events):
Event: 4.426 Thread 0x000002698d077890 2857       3       jdk.internal.org.objectweb.asm.ClassWriter::visitMethod (57 bytes)
Event: 4.426 Thread 0x000002698d077890 nmethod 2857 0x00000269f1597d90 code [0x00000269f1597f40, 0x00000269f15982c8]
Event: 4.426 Thread 0x000002698d077890 2858       3       jdk.internal.org.objectweb.asm.MethodWriter::<init> (232 bytes)
Event: 4.427 Thread 0x000002698d077890 nmethod 2858 0x00000269f1598410 code [0x00000269f15986a0, 0x00000269f1599478]
Event: 4.427 Thread 0x000002698d077890 2861       3       jdk.internal.org.objectweb.asm.SymbolTable::addConstantMethodref (24 bytes)
Event: 4.427 Thread 0x000002698d077890 nmethod 2861 0x00000269f1599990 code [0x00000269f1599b40, 0x00000269f1599ce8]
Event: 4.427 Thread 0x000002698d077890 2860       3       jdk.internal.org.objectweb.asm.MethodWriter::visitFieldInsn (258 bytes)
Event: 4.427 Thread 0x000002698d077890 nmethod 2860 0x00000269f1599d90 code [0x00000269f159a000, 0x00000269f159ab88]
Event: 4.427 Thread 0x000002698d077890 2859       1       jdk.internal.org.objectweb.asm.SymbolTable::getConstantPoolCount (5 bytes)
Event: 4.427 Thread 0x000002698d077890 nmethod 2859 0x00000269f88ae890 code [0x00000269f88aea20, 0x00000269f88aeaf8]
Event: 4.435 Thread 0x000002698d077890 2862       3       java.lang.invoke.DirectMethodHandle::<init> (148 bytes)
Event: 4.436 Thread 0x000002698d077890 nmethod 2862 0x00000269f159af90 code [0x00000269f159b240, 0x00000269f159c1a8]
Event: 4.436 Thread 0x000002698d077890 2863       3       java.lang.invoke.MethodHandles$Lookup::hasFullPrivilegeAccess (18 bytes)
Event: 4.436 Thread 0x000002698d077890 nmethod 2863 0x00000269f159c690 code [0x00000269f159c820, 0x00000269f159c998]
Event: 4.437 Thread 0x000002698d077890 2864       3       java.lang.invoke.MemberName$Factory::resolveOrFail (79 bytes)
Event: 4.437 Thread 0x000002698d077890 nmethod 2864 0x00000269f159ca10 code [0x00000269f159cc20, 0x00000269f159d338]
Event: 4.599 Thread 0x000002698d077890 2865       3       java.lang.reflect.Modifier::isFinal (13 bytes)
Event: 4.600 Thread 0x000002698d077890 nmethod 2865 0x00000269f159d590 code [0x00000269f159d720, 0x00000269f159d878]
Event: 4.600 Thread 0x000002698d077890 2866       3       java.util.concurrent.ConcurrentHashMap$BaseIterator::hasNext (13 bytes)
Event: 4.600 Thread 0x000002698d077890 nmethod 2866 0x00000269f159d910 code [0x00000269f159daa0, 0x00000269f159dc18]

GC Heap History (16 events):
Event: 0.314 GC heap before
{Heap before GC invocations=0 (full 0):
 garbage-first heap   total 262144K, used 22528K [0x0000000700a00000, 0x0000000800000000)
  region size 2048K, 11 young (22528K), 0 survivors (0K)
 Metaspace       used 9096K, committed 9216K, reserved 1064960K
  class space    used 839K, committed 896K, reserved 1048576K
}
Event: 0.318 GC heap after
{Heap after GC invocations=1 (full 0):
 garbage-first heap   total 262144K, used 8565K [0x0000000700a00000, 0x0000000800000000)
  region size 2048K, 2 young (4096K), 2 survivors (4096K)
 Metaspace       used 9096K, committed 9216K, reserved 1064960K
  class space    used 839K, committed 896K, reserved 1048576K
}
Event: 0.355 GC heap before
{Heap before GC invocations=1 (full 0):
 garbage-first heap   total 262144K, used 26997K [0x0000000700a00000, 0x0000000800000000)
  region size 2048K, 11 young (22528K), 2 survivors (4096K)
 Metaspace       used 9131K, committed 9216K, reserved 1064960K
  class space    used 839K, committed 896K, reserved 1048576K
}
Event: 0.359 GC heap after
{Heap after GC invocations=2 (full 0):
 garbage-first heap   total 262144K, used 18727K [0x0000000700a00000, 0x0000000800000000)
  region size 2048K, 2 young (4096K), 2 survivors (4096K)
 Metaspace       used 9131K, committed 9216K, reserved 1064960K
  class space    used 839K, committed 896K, reserved 1048576K
}
Event: 0.397 GC heap before
{Heap before GC invocations=2 (full 0):
 garbage-first heap   total 262144K, used 47399K [0x0000000700a00000, 0x0000000800000000)
  region size 2048K, 16 young (32768K), 2 survivors (4096K)
 Metaspace       used 9131K, committed 9216K, reserved 1064960K
  class space    used 839K, committed 896K, reserved 1048576K
}
Event: 0.408 GC heap after
{Heap after GC invocations=3 (full 0):
 garbage-first heap   total 262144K, used 36192K [0x0000000700a00000, 0x0000000800000000)
  region size 2048K, 2 young (4096K), 2 survivors (4096K)
 Metaspace       used 9131K, committed 9216K, reserved 1064960K
  class space    used 839K, committed 896K, reserved 1048576K
}
Event: 0.469 GC heap before
{Heap before GC invocations=3 (full 0):
 garbage-first heap   total 262144K, used 71008K [0x0000000700a00000, 0x0000000800000000)
  region size 2048K, 19 young (38912K), 2 survivors (4096K)
 Metaspace       used 9346K, committed 9408K, reserved 1064960K
  class space    used 851K, committed 896K, reserved 1048576K
}
Event: 0.473 GC heap after
{Heap after GC invocations=4 (full 0):
 garbage-first heap   total 262144K, used 42054K [0x0000000700a00000, 0x0000000800000000)
  region size 2048K, 3 young (6144K), 3 survivors (6144K)
 Metaspace       used 9346K, committed 9408K, reserved 1064960K
  class space    used 851K, committed 896K, reserved 1048576K
}
Event: 0.508 GC heap before
{Heap before GC invocations=4 (full 0):
 garbage-first heap   total 262144K, used 97350K [0x0000000700a00000, 0x0000000800000000)
  region size 2048K, 30 young (61440K), 3 survivors (6144K)
 Metaspace       used 9346K, committed 9408K, reserved 1064960K
  class space    used 851K, committed 896K, reserved 1048576K
}
Event: 0.516 GC heap after
{Heap after GC invocations=5 (full 0):
 garbage-first heap   total 524288K, used 45568K [0x0000000700a00000, 0x0000000800000000)
  region size 2048K, 4 young (8192K), 4 survivors (8192K)
 Metaspace       used 9346K, committed 9408K, reserved 1064960K
  class space    used 851K, committed 896K, reserved 1048576K
}
Event: 1.651 GC heap before
{Heap before GC invocations=5 (full 0):
 garbage-first heap   total 524288K, used 354816K [0x0000000700a00000, 0x0000000800000000)
  region size 2048K, 153 young (313344K), 4 survivors (8192K)
 Metaspace       used 12585K, committed 12736K, reserved 1064960K
  class space    used 1152K, committed 1216K, reserved 1048576K
}
Event: 1.659 GC heap after
{Heap after GC invocations=6 (full 0):
 garbage-first heap   total 524288K, used 78116K [0x0000000700a00000, 0x0000000800000000)
  region size 2048K, 18 young (36864K), 18 survivors (36864K)
 Metaspace       used 12585K, committed 12736K, reserved 1064960K
  class space    used 1152K, committed 1216K, reserved 1048576K
}
Event: 2.917 GC heap before
{Heap before GC invocations=6 (full 0):
 garbage-first heap   total 524288K, used 354596K [0x0000000700a00000, 0x0000000800000000)
  region size 2048K, 153 young (313344K), 18 survivors (36864K)
 Metaspace       used 13910K, committed 14144K, reserved 1064960K
  class space    used 1273K, committed 1408K, reserved 1048576K
}
Event: 2.924 GC heap after
{Heap after GC invocations=7 (full 0):
 garbage-first heap   total 524288K, used 84728K [0x0000000700a00000, 0x0000000800000000)
  region size 2048K, 13 young (26624K), 13 survivors (26624K)
 Metaspace       used 13910K, committed 14144K, reserved 1064960K
  class space    used 1273K, committed 1408K, reserved 1048576K
}
Event: 3.778 GC heap before
{Heap before GC invocations=7 (full 0):
 garbage-first heap   total 524288K, used 371448K [0x0000000700a00000, 0x0000000800000000)
  region size 2048K, 153 young (313344K), 13 survivors (26624K)
 Metaspace       used 13950K, committed 14144K, reserved 1064960K
  class space    used 1273K, committed 1408K, reserved 1048576K
}
Event: 3.782 GC heap after
{Heap after GC invocations=8 (full 0):
 garbage-first heap   total 524288K, used 90112K [0x0000000700a00000, 0x0000000800000000)
  region size 2048K, 9 young (18432K), 9 survivors (18432K)
 Metaspace       used 13950K, committed 14144K, reserved 1064960K
  class space    used 1273K, committed 1408K, reserved 1048576K
}

Deoptimization events (20 events):
Event: 4.350 Thread 0x00000269ed465120 Uncommon trap: trap_request=0xffffff45 fr.pc=0x00000269f889b808 relative=0x00000000000015c8
Event: 4.350 Thread 0x00000269ed465120 Uncommon trap: reason=unstable_if action=reinterpret pc=0x00000269f889b808 method=org.apache.lucene.util.fst.FST.readNextRealArc(Lorg/apache/lucene/util/fst/FST$Arc;Lorg/apache/lucene/util/fst/FST$BytesReader;)Lorg/apache/lucene/util/fst/FST$Arc; @ 4 c2
Event: 4.350 Thread 0x00000269ed465120 DEOPT PACKING pc=0x00000269f889b808 sp=0x0000006f216fe8a0
Event: 4.350 Thread 0x00000269ed465120 DEOPT UNPACKING pc=0x00000269f0b723a3 sp=0x0000006f216fe890 mode 2
Event: 4.373 Thread 0x00000269ed465120 Uncommon trap: trap_request=0xffffff45 fr.pc=0x00000269f87d6954 relative=0x00000000000000d4
Event: 4.373 Thread 0x00000269ed465120 Uncommon trap: reason=unstable_if action=reinterpret pc=0x00000269f87d6954 method=java.util.concurrent.locks.ReentrantLock$Sync.tryRelease(I)Z @ 26 c2
Event: 4.373 Thread 0x00000269ed465120 DEOPT PACKING pc=0x00000269f87d6954 sp=0x0000006f216ff090
Event: 4.373 Thread 0x00000269ed465120 DEOPT UNPACKING pc=0x00000269f0b723a3 sp=0x0000006f216ff030 mode 2
Event: 4.404 Thread 0x00000269ed465120 Uncommon trap: trap_request=0xffffffde fr.pc=0x00000269f86e3514 relative=0x00000000000003d4
Event: 4.404 Thread 0x00000269ed465120 Uncommon trap: reason=class_check action=maybe_recompile pc=0x00000269f86e3514 method=java.lang.AbstractStringBuilder.<init>(Ljava/lang/String;)V @ 58 c2
Event: 4.404 Thread 0x00000269ed465120 DEOPT PACKING pc=0x00000269f86e3514 sp=0x0000006f216fee00
Event: 4.404 Thread 0x00000269ed465120 DEOPT UNPACKING pc=0x00000269f0b723a3 sp=0x0000006f216fedb0 mode 2
Event: 4.405 Thread 0x00000269ed465120 Uncommon trap: trap_request=0xffffffde fr.pc=0x00000269f86e3514 relative=0x00000000000003d4
Event: 4.405 Thread 0x00000269ed465120 Uncommon trap: reason=class_check action=maybe_recompile pc=0x00000269f86e3514 method=java.lang.AbstractStringBuilder.<init>(Ljava/lang/String;)V @ 58 c2
Event: 4.405 Thread 0x00000269ed465120 DEOPT PACKING pc=0x00000269f86e3514 sp=0x0000006f216fe790
Event: 4.405 Thread 0x00000269ed465120 DEOPT UNPACKING pc=0x00000269f0b723a3 sp=0x0000006f216fe740 mode 2
Event: 4.409 Thread 0x00000269ed465120 Uncommon trap: trap_request=0xffffff45 fr.pc=0x00000269f886b42c relative=0x00000000000000ec
Event: 4.409 Thread 0x00000269ed465120 Uncommon trap: reason=unstable_if action=reinterpret pc=0x00000269f886b42c method=java.lang.Math.min(FF)F @ 37 c2
Event: 4.409 Thread 0x00000269ed465120 DEOPT PACKING pc=0x00000269f886b42c sp=0x0000006f216fe780
Event: 4.409 Thread 0x00000269ed465120 DEOPT UNPACKING pc=0x00000269f0b723a3 sp=0x0000006f216fe720 mode 2

Classes unloaded (0 events):
No events

Classes redefined (0 events):
No events

Internal exceptions (20 events):
Event: 0.157 Thread 0x00000269ed465120 Exception <a 'java/lang/NoSuchMethodError'{0x000000071073a670}: 'long java.lang.invoke.DirectMethodHandle$Holder.invokeStaticInit(java.lang.Object)'> (0x000000071073a670) 
thrown [e:\jenkins\tmp\workspace\build\src\src\hotspot\share\interpreter\linkResolver.cpp, line 766]
Event: 0.160 Thread 0x00000269ed465120 Exception <a 'java/lang/NoSuchMethodError'{0x0000000710753f48}: 'java.lang.Object java.lang.invoke.DirectMethodHandle$Holder.invokeStaticInit(java.lang.Object)'> (0x0000000710753f48) 
thrown [e:\jenkins\tmp\workspace\build\src\src\hotspot\share\interpreter\linkResolver.cpp, line 766]
Event: 0.179 Thread 0x00000269ed465120 Exception <a 'java/lang/NoSuchMethodError'{0x00000007107820a8}: 'int java.lang.invoke.DirectMethodHandle$Holder.invokeSpecial(java.lang.Object, java.lang.Object, java.lang.Object)'> (0x00000007107820a8) 
thrown [e:\jenkins\tmp\workspace\build\src\src\hotspot\share\interpreter\linkResolver.cpp, line 766]
Event: 0.695 Thread 0x00000269ed465120 Exception <a 'java/lang/NoSuchMethodError'{0x0000000716c421f8}: 'void java.lang.invoke.DirectMethodHandle$Holder.invokeInterface(java.lang.Object, java.lang.Object, java.lang.Object)'> (0x0000000716c421f8) 
thrown [e:\jenkins\tmp\workspace\build\src\src\hotspot\share\interpreter\linkResolver.cpp, line 766]
Event: 0.707 Thread 0x00000269ed465120 Exception <a 'java/lang/NoSuchMethodError'{0x0000000716cd0f00}: 'java.lang.Object java.lang.invoke.DirectMethodHandle$Holder.newInvokeSpecial(java.lang.Object, java.lang.Object, java.lang.Object, int, java.lang.Object, java.lang.Object, java.lang.Object, java.lang.Object, java.lang.Object, int)'> (0x0000000716cd0f00) 
thrown [e:\jenkins\tmp\workspace\build\src\src\hotspot\share\interpreter\linkResolver.cpp, line 766]
Event: 0.712 Thread 0x00000269ed465120 Exception <a 'java/lang/NoSuchMethodError'{0x0000000716a0e8d0}: 'long java.lang.invoke.DirectMethodHandle$Holder.invokeSpecial(java.lang.Object, java.lang.Object)'> (0x0000000716a0e8d0) 
thrown [e:\jenkins\tmp\workspace\build\src\src\hotspot\share\interpreter\linkResolver.cpp, line 766]
Event: 0.744 Thread 0x00000269ed465120 Exception <a 'sun/nio/fs/WindowsException'{0x0000000716ae19c0}> (0x0000000716ae19c0) 
thrown [e:\jenkins\tmp\workspace\build\src\src\hotspot\share\prims\jni.cpp, line 516]
Event: 0.745 Thread 0x00000269ed465120 Exception <a 'java/lang/NoSuchMethodError'{0x0000000716ae7668}: 'void java.lang.invoke.DirectMethodHandle$Holder.invokeSpecial(java.lang.Object, java.lang.Object, java.lang.Object)'> (0x0000000716ae7668) 
thrown [e:\jenkins\tmp\workspace\build\src\src\hotspot\share\interpreter\linkResolver.cpp, line 766]
Event: 0.760 Thread 0x00000269ed465120 Exception <a 'java/lang/NoSuchMethodError'{0x0000000716bfd938}: 'void java.lang.invoke.DirectMethodHandle$Holder.invokeStatic(java.lang.Object, java.lang.Object)'> (0x0000000716bfd938) 
thrown [e:\jenkins\tmp\workspace\build\src\src\hotspot\share\interpreter\linkResolver.cpp, line 766]
Event: 0.761 Thread 0x00000269ed465120 Exception <a 'java/lang/NoSuchMethodError'{0x00000007168015f0}: 'void java.lang.invoke.DirectMethodHandle$Holder.invokeStaticInit(java.lang.Object, java.lang.Object)'> (0x00000007168015f0) 
thrown [e:\jenkins\tmp\workspace\build\src\src\hotspot\share\interpreter\linkResolver.cpp, line 766]
Event: 1.819 Thread 0x00000269ed465120 Exception <a 'java/lang/NoSuchMethodError'{0x000000071f225e68}: 'long java.lang.invoke.DirectMethodHandle$Holder.invokeStatic(java.lang.Object, java.lang.Object)'> (0x000000071f225e68) 
thrown [e:\jenkins\tmp\workspace\build\src\src\hotspot\share\interpreter\linkResolver.cpp, line 766]
Event: 1.911 Thread 0x00000269ed465120 Exception <a 'java/lang/NoSuchMethodError'{0x000000071f3ecb58}: 'void java.lang.invoke.DirectMethodHandle$Holder.invokeStatic(java.lang.Object, java.lang.Object, java.lang.Object, java.lang.Object)'> (0x000000071f3ecb58) 
thrown [e:\jenkins\tmp\workspace\build\src\src\hotspot\share\interpreter\linkResolver.cpp, line 766]
Event: 2.534 Thread 0x00000269ed465120 Exception <a 'java/lang/NoSuchMethodError'{0x00000007149e65a8}: 'void java.lang.invoke.DirectMethodHandle$Holder.invokeStatic(java.lang.Object, java.lang.Object, java.lang.Object)'> (0x00000007149e65a8) 
thrown [e:\jenkins\tmp\workspace\build\src\src\hotspot\share\interpreter\linkResolver.cpp, line 766]
Event: 2.539 Thread 0x00000269ed465120 Implicit null exception at 0x00000269f86be4c0 to 0x00000269f86beefc
Event: 2.540 Thread 0x00000269ed465120 Implicit null exception at 0x00000269f86b1460 to 0x00000269f86b1870
Event: 3.376 Thread 0x00000269ed465120 Implicit null exception at 0x00000269f87766a0 to 0x00000269f877cb74
Event: 4.376 Thread 0x00000269ed465120 Exception <a 'java/lang/NoSuchMethodError'{0x000000071296cf98}: 'java.lang.Object java.lang.invoke.DirectMethodHandle$Holder.invokeInterface(java.lang.Object, java.lang.Object)'> (0x000000071296cf98) 
thrown [e:\jenkins\tmp\workspace\build\src\src\hotspot\share\interpreter\linkResolver.cpp, line 766]
Event: 4.384 Thread 0x00000269ed465120 Exception <a 'java/lang/ClassNotFoundException'{0x000000071298a2a0}: sun/awt/resources/spi/awtProvider> (0x000000071298a2a0) 
thrown [e:\jenkins\tmp\workspace\build\src\src\hotspot\share\classfile\systemDictionary.cpp, line 256]
Event: 4.395 Thread 0x00000269ed465120 Exception <a 'java/io/FileNotFoundException'{0x00000007129d22c0}> (0x00000007129d22c0) 
thrown [e:\jenkins\tmp\workspace\build\src\src\hotspot\share\prims\jni.cpp, line 516]
Event: 4.399 Thread 0x00000269ed465120 Exception <a 'java/io/FileNotFoundException'{0x00000007129ff7c0}> (0x00000007129ff7c0) 
thrown [e:\jenkins\tmp\workspace\build\src\src\hotspot\share\prims\jni.cpp, line 516]

VM Operations (20 events):
Event: 1.832 Executing VM operation: HandshakeAllThreads
Event: 1.832 Executing VM operation: HandshakeAllThreads done
Event: 1.910 Executing VM operation: HandshakeAllThreads
Event: 1.910 Executing VM operation: HandshakeAllThreads done
Event: 1.917 Executing VM operation: HandshakeAllThreads
Event: 1.917 Executing VM operation: HandshakeAllThreads done
Event: 1.918 Executing VM operation: HandshakeAllThreads
Event: 1.918 Executing VM operation: HandshakeAllThreads done
Event: 1.925 Executing VM operation: HandshakeAllThreads
Event: 1.925 Executing VM operation: HandshakeAllThreads done
Event: 1.944 Executing VM operation: HandshakeAllThreads
Event: 1.944 Executing VM operation: HandshakeAllThreads done
Event: 1.966 Executing VM operation: ICBufferFull
Event: 1.966 Executing VM operation: ICBufferFull done
Event: 2.917 Executing VM operation: G1CollectForAllocation
Event: 2.924 Executing VM operation: G1CollectForAllocation done
Event: 3.778 Executing VM operation: G1CollectForAllocation
Event: 3.782 Executing VM operation: G1CollectForAllocation done
Event: 4.394 Executing VM operation: HandshakeAllThreads
Event: 4.394 Executing VM operation: HandshakeAllThreads done

Events (20 events):
Event: 4.601 loading class sun/java2d/d3d/D3DGraphicsConfig done
Event: 4.601 loading class sun/java2d/d3d/D3DGraphicsConfig$D3DImageCaps
Event: 4.601 loading class sun/java2d/d3d/D3DGraphicsConfig$D3DImageCaps done
Event: 4.601 loading class java/awt/BorderLayout
Event: 4.601 loading class java/awt/LayoutManager2
Event: 4.601 loading class java/awt/LayoutManager2 done
Event: 4.601 loading class java/awt/BorderLayout done
Event: 4.601 loading class java/awt/Rectangle
Event: 4.601 loading class java/awt/Shape
Event: 4.601 loading class java/awt/Shape done
Event: 4.601 loading class java/awt/geom/Rectangle2D
Event: 4.601 loading class java/awt/geom/RectangularShape
Event: 4.601 loading class java/awt/geom/RectangularShape done
Event: 4.601 loading class java/awt/geom/Rectangle2D done
Event: 4.601 loading class java/awt/Rectangle done
Event: 4.601 loading class java/awt/Dialog$ModalExclusionType
Event: 4.602 loading class java/awt/Dialog$ModalExclusionType done
Event: 4.602 loading class java/awt/Window$WindowDisposerRecord
Event: 4.602 loading class java/awt/Window$WindowDisposerRecord done
Event: 4.602 loading class java/awt/KeyboardFocusManager


Dynamic libraries:
0x00007ff60d9e0000 - 0x00007ff60d9ee000 	C:\Users\Sot\.p2\pool\plugins\org.eclipse.justj.openjdk.hotspot.jre.full.win32.x86_64_17.0.2.v20220201-1208\jre\bin\javaw.exe
0x00007ffa71d00000 - 0x00007ffa71f09000 	C:\WINDOWS\SYSTEM32\ntdll.dll
0x00007ffa70bb0000 - 0x00007ffa70c6d000 	C:\WINDOWS\System32\KERNEL32.DLL
0x00007ffa6f4e0000 - 0x00007ffa6f854000 	C:\WINDOWS\System32\KERNELBASE.dll
0x00007ffa6fa80000 - 0x00007ffa6fb91000 	C:\WINDOWS\System32\ucrtbase.dll
0x00007ffa5d4a0000 - 0x00007ffa5d4b8000 	C:\Users\Sot\.p2\pool\plugins\org.eclipse.justj.openjdk.hotspot.jre.full.win32.x86_64_17.0.2.v20220201-1208\jre\bin\jli.dll
0x00007ffa60bf0000 - 0x00007ffa60c09000 	C:\Users\Sot\.p2\pool\plugins\org.eclipse.justj.openjdk.hotspot.jre.full.win32.x86_64_17.0.2.v20220201-1208\jre\bin\VCRUNTIME140.dll
0x00007ffa71a00000 - 0x00007ffa71bac000 	C:\WINDOWS\System32\USER32.dll
0x00007ffa54130000 - 0x00007ffa543d5000 	C:\WINDOWS\WinSxS\amd64_microsoft.windows.common-controls_6595b64144ccf1df_6.0.22000.120_none_9d947278b86cc467\COMCTL32.dll
0x00007ffa6fa50000 - 0x00007ffa6fa76000 	C:\WINDOWS\System32\win32u.dll
0x00007ffa6ff90000 - 0x00007ffa70033000 	C:\WINDOWS\System32\msvcrt.dll
0x00007ffa70040000 - 0x00007ffa70069000 	C:\WINDOWS\System32\GDI32.dll
0x00007ffa6f1f0000 - 0x00007ffa6f302000 	C:\WINDOWS\System32\gdi32full.dll
0x00007ffa6f440000 - 0x00007ffa6f4dd000 	C:\WINDOWS\System32\msvcp_win.dll
0x00007ffa70310000 - 0x00007ffa70341000 	C:\WINDOWS\System32\IMM32.DLL
0x00007ffa59ac0000 - 0x00007ffa59acc000 	C:\Users\Sot\.p2\pool\plugins\org.eclipse.justj.openjdk.hotspot.jre.full.win32.x86_64_17.0.2.v20220201-1208\jre\bin\vcruntime140_1.dll
0x00007ffa48ec0000 - 0x00007ffa48f51000 	C:\Users\Sot\.p2\pool\plugins\org.eclipse.justj.openjdk.hotspot.jre.full.win32.x86_64_17.0.2.v20220201-1208\jre\bin\msvcp140.dll
0x00007ffa110a0000 - 0x00007ffa11ce7000 	C:\Users\Sot\.p2\pool\plugins\org.eclipse.justj.openjdk.hotspot.jre.full.win32.x86_64_17.0.2.v20220201-1208\jre\bin\server\jvm.dll
0x00007ffa71950000 - 0x00007ffa719fe000 	C:\WINDOWS\System32\ADVAPI32.dll
0x00007ffa70360000 - 0x00007ffa703fe000 	C:\WINDOWS\System32\sechost.dll
0x00007ffa71140000 - 0x00007ffa71260000 	C:\WINDOWS\System32\RPCRT4.dll
0x00007ffa70070000 - 0x00007ffa70078000 	C:\WINDOWS\System32\PSAPI.DLL
0x00007ffa53f20000 - 0x00007ffa53f29000 	C:\WINDOWS\SYSTEM32\WSOCK32.dll
0x00007ffa69810000 - 0x00007ffa69843000 	C:\WINDOWS\SYSTEM32\WINMM.dll
0x00007ffa6fba0000 - 0x00007ffa6fc0f000 	C:\WINDOWS\System32\WS2_32.dll
0x00007ffa677f0000 - 0x00007ffa677fa000 	C:\WINDOWS\SYSTEM32\VERSION.dll
0x00007ffa6e2b0000 - 0x00007ffa6e2c8000 	C:\WINDOWS\SYSTEM32\kernel.appcore.dll
0x00007ffa536a0000 - 0x00007ffa536aa000 	C:\Users\Sot\.p2\pool\plugins\org.eclipse.justj.openjdk.hotspot.jre.full.win32.x86_64_17.0.2.v20220201-1208\jre\bin\jimage.dll
0x00007ffa6cc40000 - 0x00007ffa6ce61000 	C:\WINDOWS\SYSTEM32\DBGHELP.DLL
0x00007ffa544a0000 - 0x00007ffa544d1000 	C:\WINDOWS\SYSTEM32\dbgcore.DLL
0x00007ffa6f860000 - 0x00007ffa6f8df000 	C:\WINDOWS\System32\bcryptPrimitives.dll
0x00007ffa36b90000 - 0x00007ffa36bb5000 	C:\Users\Sot\.p2\pool\plugins\org.eclipse.justj.openjdk.hotspot.jre.full.win32.x86_64_17.0.2.v20220201-1208\jre\bin\java.dll
0x00007ffa3d670000 - 0x00007ffa3d688000 	C:\Users\Sot\.p2\pool\plugins\org.eclipse.justj.openjdk.hotspot.jre.full.win32.x86_64_17.0.2.v20220201-1208\jre\bin\zip.dll
0x00007ffa70400000 - 0x00007ffa70bae000 	C:\WINDOWS\System32\SHELL32.dll
0x00007ffa6d320000 - 0x00007ffa6db88000 	C:\WINDOWS\SYSTEM32\windows.storage.dll
0x00007ffa6fc10000 - 0x00007ffa6ff88000 	C:\WINDOWS\System32\combase.dll
0x00007ffa6d1b0000 - 0x00007ffa6d316000 	C:\WINDOWS\SYSTEM32\wintypes.dll
0x00007ffa71050000 - 0x00007ffa7113a000 	C:\WINDOWS\System32\SHCORE.dll
0x00007ffa700f0000 - 0x00007ffa7014d000 	C:\WINDOWS\System32\shlwapi.dll
0x00007ffa6f120000 - 0x00007ffa6f141000 	C:\WINDOWS\SYSTEM32\profapi.dll
0x00007ffa34490000 - 0x00007ffa344a9000 	C:\Users\Sot\.p2\pool\plugins\org.eclipse.justj.openjdk.hotspot.jre.full.win32.x86_64_17.0.2.v20220201-1208\jre\bin\net.dll
0x00007ffa69b40000 - 0x00007ffa69c4c000 	C:\WINDOWS\SYSTEM32\WINHTTP.dll
0x00007ffa6e6d0000 - 0x00007ffa6e737000 	C:\WINDOWS\system32\mswsock.dll
0x00007ffa34470000 - 0x00007ffa34485000 	C:\Users\Sot\.p2\pool\plugins\org.eclipse.justj.openjdk.hotspot.jre.full.win32.x86_64_17.0.2.v20220201-1208\jre\bin\nio.dll
0x00007ffa54b00000 - 0x00007ffa54b09000 	C:\Users\Sot\.p2\pool\plugins\org.eclipse.justj.openjdk.hotspot.jre.full.win32.x86_64_17.0.2.v20220201-1208\jre\bin\management.dll
0x00007ffa54030000 - 0x00007ffa5403b000 	C:\Users\Sot\.p2\pool\plugins\org.eclipse.justj.openjdk.hotspot.jre.full.win32.x86_64_17.0.2.v20220201-1208\jre\bin\management_ext.dll
0x00007ffa29200000 - 0x00007ffa2938e000 	C:\Users\Sot\.p2\pool\plugins\org.eclipse.justj.openjdk.hotspot.jre.full.win32.x86_64_17.0.2.v20220201-1208\jre\bin\awt.dll
0x00007ffa71bd0000 - 0x00007ffa71ca6000 	C:\WINDOWS\System32\OLEAUT32.dll
0x00007ffa6c290000 - 0x00007ffa6c321000 	C:\WINDOWS\SYSTEM32\apphelp.dll
0x00007ffa6c900000 - 0x00007ffa6c92f000 	C:\WINDOWS\system32\DWMAPI.DLL
0x00007ffa6c410000 - 0x00007ffa6c4bc000 	C:\WINDOWS\system32\uxtheme.dll
0x00007ffa20ef0000 - 0x00007ffa20ff1000 	C:\WINDOWS\system32\opengl32.dll
0x00007ffa54050000 - 0x00007ffa5407d000 	C:\WINDOWS\SYSTEM32\GLU32.dll
0x00007ffa6c540000 - 0x00007ffa6c578000 	C:\WINDOWS\SYSTEM32\dxcore.dll
0x00007ffa70c70000 - 0x00007ffa70d8e000 	C:\WINDOWS\System32\MSCTF.dll
0x00007ffa70d90000 - 0x00007ffa70f2a000 	C:\WINDOWS\System32\ole32.dll
0x00007ffa590d0000 - 0x00007ffa59276000 	C:\WINDOWS\system32\d3d9.dll
0x00007ffa639d0000 - 0x00007ffa63ad2000 	C:\WINDOWS\System32\DriverStore\FileRepository\nv_dispi.inf_amd64_60daf66a00f2e0b6\nvldumdx.dll
0x00007ffa6ea60000 - 0x00007ffa6ea72000 	C:\WINDOWS\SYSTEM32\msasn1.dll
0x00007ffa677b0000 - 0x00007ffa677e1000 	C:\WINDOWS\SYSTEM32\cryptnet.dll
0x00007ffa6f8e0000 - 0x00007ffa6fa42000 	C:\WINDOWS\System32\CRYPT32.dll
0x00007ffa6e8c0000 - 0x00007ffa6e8cc000 	C:\WINDOWS\SYSTEM32\cryptbase.dll
0x00007ffa6f310000 - 0x00007ffa6f377000 	C:\WINDOWS\System32\WINTRUST.DLL
0x00007ffa70150000 - 0x00007ffa7016f000 	C:\WINDOWS\System32\imagehlp.dll
0x00007ffa6e9a0000 - 0x00007ffa6e9b8000 	C:\WINDOWS\SYSTEM32\CRYPTSP.dll
0x00007ffa6e210000 - 0x00007ffa6e245000 	C:\WINDOWS\system32\rsaenh.dll
0x00007ffa6eb50000 - 0x00007ffa6eb77000 	C:\WINDOWS\SYSTEM32\bcrypt.dll
0x00007ffa34ff0000 - 0x00007ffa36a0b000 	C:\WINDOWS\System32\DriverStore\FileRepository\nv_dispi.inf_amd64_60daf66a00f2e0b6\nvd3dumx.dll
0x00007ffa68ee0000 - 0x00007ffa68f24000 	C:\WINDOWS\SYSTEM32\directxdatabasehelper.dll
0x00007ffa6c690000 - 0x00007ffa6c6c4000 	C:\WINDOWS\SYSTEM32\ntmarta.dll
0x00007ffa3cd60000 - 0x00007ffa3d023000 	C:\WINDOWS\system32\nvspcap64.dll
0x00007ffa6e740000 - 0x00007ffa6e764000 	C:\WINDOWS\SYSTEM32\gpapi.dll

dbghelp: loaded successfully - version: 4.0.5 - missing functions: none
symbol engine: initialized successfully - sym options: 0x614 - pdb path: .;C:\Users\Sot\.p2\pool\plugins\org.eclipse.justj.openjdk.hotspot.jre.full.win32.x86_64_17.0.2.v20220201-1208\jre\bin;C:\WINDOWS\SYSTEM32;C:\WINDOWS\WinSxS\amd64_microsoft.windows.common-controls_6595b64144ccf1df_6.0.22000.120_none_9d947278b86cc467;C:\Users\Sot\.p2\pool\plugins\org.eclipse.justj.openjdk.hotspot.jre.full.win32.x86_64_17.0.2.v20220201-1208\jre\bin\server;C:\WINDOWS\System32\DriverStore\FileRepository\nv_dispi.inf_amd64_60daf66a00f2e0b6

VM Arguments:
jvm_args: -Dfile.encoding=Cp1253 -XX:+ShowCodeDetailsInExceptionMessages 
java_command: Frame1
java_class_path (initial): C:\Users\Sot\Desktop\anaktisiWork\anaktisi\bin;C:\lucene-8.11.1\core\lucene-core-8.11.1.jar;C:\lucene-8.11.1\queryparser\lucene-queryparser-8.11.1.jar;C:\lucene-8.11.1\queryparser\org.eclipse.swt.win32.win32.x86_64-3.119.0.jar
Launcher Type: SUN_STANDARD

[Global flags]
     intx CICompilerCount                          = 4                                         {product} {ergonomic}
     uint ConcGCThreads                            = 3                                         {product} {ergonomic}
     uint G1ConcRefinementThreads                  = 10                                        {product} {ergonomic}
   size_t G1HeapRegionSize                         = 2097152                                   {product} {ergonomic}
    uintx GCDrainStackTargetSize                   = 64                                        {product} {ergonomic}
   size_t InitialHeapSize                          = 268435456                                 {product} {ergonomic}
   size_t MarkStackSize                            = 4194304                                   {product} {ergonomic}
   size_t MaxHeapSize                              = 4284481536                                {product} {ergonomic}
   size_t MaxNewSize                               = 2569011200                                {product} {ergonomic}
   size_t MinHeapDeltaBytes                        = 2097152                                   {product} {ergonomic}
   size_t MinHeapSize                              = 8388608                                   {product} {ergonomic}
    uintx NonNMethodCodeHeapSize                   = 5839372                                {pd product} {ergonomic}
    uintx NonProfiledCodeHeapSize                  = 122909434                              {pd product} {ergonomic}
    uintx ProfiledCodeHeapSize                     = 122909434                              {pd product} {ergonomic}
    uintx ReservedCodeCacheSize                    = 251658240                              {pd product} {ergonomic}
     bool SegmentedCodeCache                       = true                                      {product} {ergonomic}
     bool ShowCodeDetailsInExceptionMessages       = true                                   {manageable} {command line}
   size_t SoftMaxHeapSize                          = 4284481536                             {manageable} {ergonomic}
     bool UseCompressedClassPointers               = true                           {product lp64_product} {ergonomic}
     bool UseCompressedOops                        = true                           {product lp64_product} {ergonomic}
     bool UseG1GC                                  = true                                      {product} {ergonomic}
     bool UseLargePagesIndividualAllocation        = false                                  {pd product} {ergonomic}

Logging:
Log output configuration:
 #0: stdout all=warning uptime,level,tags
 #1: stderr all=off uptime,level,tags

Environment Variables:
PATH=C:/Users/Sot/.p2/pool/plugins/org.eclipse.justj.openjdk.hotspot.jre.full.win32.x86_64_17.0.2.v20220201-1208/jre/bin/server;C:/Users/Sot/.p2/pool/plugins/org.eclipse.justj.openjdk.hotspot.jre.full.win32.x86_64_17.0.2.v20220201-1208/jre/bin;C:\ActiveTcl\bin;C:\Python27\Lib\site-packages\PyQt4;C:\Program Files (x86)\Intel\iCLS Client\;C:\Program Files\Intel\iCLS Client\;C:\Windows\system32;C:\Windows;C:\Windows\System32\Wbem;C:\Windows\System32\WindowsPowerShell\v1.0\;C:\Windows\System32\OpenSSH\;C:\Program Files (x86)\NVIDIA Corporation\PhysX\Common;C:\Program Files (x86)\Intel\Intel(R) Management Engine Components\DAL;C:\Program Files\Intel\Intel(R) Management Engine Components\DAL;C:\Program Files (x86)\Intel\Intel(R) Management Engine Components\IPT;C:\Program Files\Intel\Intel(R) Management Engine Components\IPT;C:\Program Files\PuTTY\;C:\Program Files\Git\cmd;C:\Program Files\Gource\cmd;C:\Program Files\NVIDIA Corporation\NVIDIA NvDLISR;C:\WINDOWS\system32;C:\WINDOWS;C:\WINDOWS\System32\Wbem;C:\WINDOWS\System32\WindowsPowerShell\v1.0\;C:\WINDOWS\System32\OpenSSH\;C:\altera\13.0sp1\quartus\bin;C:\Program Files (x86)\QuickTime\QTSystem\;C:\Users\Sot\.win;C:\Users\Sot\AppData\Roaming\nvm;C:\Program Files\nodejs;C:\Program Files (x86)\Gpg4win\..\GnuPG\bin;C:\Program Files\dotnet\;C:\sqlite;C:\WINDOWS\system32;C:\WINDOWS;C:\WINDOWS\System32\Wbem;C:\WINDOWS\System32\WindowsPowerShell\v1.0\;C:\WINDOWS\System32\OpenSSH\;C:\Program Files\Java\jre1.8.0_321\bin\;C:\Program Files\MySQL\MySQL Shell 8.0\bin\;C:\Users\Sot\.windows-build-tools\python27\;C:\Users\Sot\AppData\Local\Microsoft\WindowsApps;C:\Program Files\Java\jdk-11.0.2\bin;C:\Users\Sot\.dotnet\tools;C:\Users\Sot\AppData\Local\Programs\Microsoft VS Code\bin;C:\Program Files\heroku\bin;C:\Users\Sot\AppData\Local\Microsoft\WindowsApps;C:\Users\Sot\AppData\Roaming\npm;C:\Users\Sot\AppData\Roaming\nvm;C:\Program Files\nodejs;C:\Users\Sot\.dotnet\tools;;C:\WINDOWS\System32;
USERNAME=Sot
OS=Windows_NT
PROCESSOR_IDENTIFIER=Intel64 Family 6 Model 158 Stepping 10, GenuineIntel



---------------  S Y S T E M  ---------------

OS:
 Windows 11 , 64 bit Build 22000 (10.0.22000.434)
OS uptime: 8 days 1:11 hours
Hyper-V role detected

CPU: total 12 (initial active 12) (6 cores per cpu, 2 threads per core) family 6 model 158 stepping 10 microcode 0xde, cx8, cmov, fxsr, ht, mmx, 3dnowpref, sse, sse2, sse3, ssse3, sse4.1, sse4.2, popcnt, lzcnt, tsc, tscinvbit, avx, avx2, aes, erms, clmul, bmi1, bmi2, rtm, adx, fma, vzeroupper, clflush, clflushopt, hv

Memory: 4k page, system-wide physical 16341M (4607M free)
TotalPageFile size 65493M (AvailPageFile size 0M)
current process WorkingSet (physical memory assigned to process): 529M, peak: 529M
current process commit charge ("private bytes"): 688M, peak: 688M

vm_info: OpenJDK 64-Bit Server VM (17.0.2+8) for windows-amd64 JRE (17.0.2+8), built on Jan 20 2022 04:52:34 by "" with MS VC++ 16.7 (VS2019)

END.
